{"/home/mahito/bloodbridge-soa/services/notification-service/src/app.js": {"path":"/home/mahito/bloodbridge-soa/services/notification-service/src/app.js","statementMap":{"0":{"start":{"line":1,"column":16},"end":{"line":1,"column":34}},"1":{"start":{"line":2,"column":13},"end":{"line":2,"column":28}},"2":{"start":{"line":3,"column":15},"end":{"line":3,"column":32}},"3":{"start":{"line":4,"column":18},"end":{"line":4,"column":47}},"4":{"start":{"line":5,"column":27},"end":{"line":5,"column":66}},"5":{"start":{"line":6,"column":24},"end":{"line":6,"column":49}},"6":{"start":{"line":7,"column":48},"end":{"line":7,"column":88}},"7":{"start":{"line":8,"column":16},"end":{"line":8,"column":36}},"8":{"start":{"line":10,"column":12},"end":{"line":10,"column":21}},"9":{"start":{"line":11,"column":21},"end":{"line":11,"column":43}},"10":{"start":{"line":13,"column":0},"end":{"line":23,"column":3}},"11":{"start":{"line":14,"column":16},"end":{"line":14,"column":26}},"12":{"start":{"line":15,"column":2},"end":{"line":15,"column":59}},"13":{"start":{"line":16,"column":2},"end":{"line":21,"column":5}},"14":{"start":{"line":17,"column":21},"end":{"line":17,"column":48}},"15":{"start":{"line":18,"column":4},"end":{"line":18,"column":117}},"16":{"start":{"line":19,"column":4},"end":{"line":19,"column":107}},"17":{"start":{"line":20,"column":4},"end":{"line":20,"column":61}},"18":{"start":{"line":22,"column":2},"end":{"line":22,"column":9}},"19":{"start":{"line":25,"column":0},"end":{"line":25,"column":18}},"20":{"start":{"line":26,"column":0},"end":{"line":26,"column":16}},"21":{"start":{"line":27,"column":0},"end":{"line":27,"column":24}},"22":{"start":{"line":29,"column":0},"end":{"line":31,"column":3}},"23":{"start":{"line":30,"column":2},"end":{"line":30,"column":57}},"24":{"start":{"line":33,"column":0},"end":{"line":36,"column":3}},"25":{"start":{"line":34,"column":2},"end":{"line":34,"column":56}},"26":{"start":{"line":35,"column":2},"end":{"line":35,"column":44}},"27":{"start":{"line":38,"column":0},"end":{"line":38,"column":72}},"28":{"start":{"line":39,"column":0},"end":{"line":39,"column":39}},"29":{"start":{"line":41,"column":0},"end":{"line":41,"column":28}},"30":{"start":{"line":42,"column":0},"end":{"line":42,"column":25}},"31":{"start":{"line":44,"column":0},"end":{"line":44,"column":21}}},"fnMap":{"0":{"name":"(anonymous_0)","decl":{"start":{"line":13,"column":8},"end":{"line":13,"column":9}},"loc":{"start":{"line":13,"column":28},"end":{"line":23,"column":1}},"line":13},"1":{"name":"(anonymous_1)","decl":{"start":{"line":16,"column":19},"end":{"line":16,"column":20}},"loc":{"start":{"line":16,"column":25},"end":{"line":21,"column":3}},"line":16},"2":{"name":"(anonymous_2)","decl":{"start":{"line":29,"column":19},"end":{"line":29,"column":20}},"loc":{"start":{"line":29,"column":33},"end":{"line":31,"column":1}},"line":29},"3":{"name":"(anonymous_3)","decl":{"start":{"line":33,"column":20},"end":{"line":33,"column":21}},"loc":{"start":{"line":33,"column":40},"end":{"line":36,"column":1}},"line":33}},"branchMap":{},"s":{"0":1,"1":1,"2":1,"3":1,"4":1,"5":1,"6":1,"7":1,"8":1,"9":1,"10":1,"11":11,"12":11,"13":11,"14":11,"15":11,"16":11,"17":11,"18":11,"19":1,"20":1,"21":1,"22":1,"23":1,"24":1,"25":1,"26":1,"27":1,"28":1,"29":1,"30":1,"31":1},"f":{"0":11,"1":11,"2":1,"3":1},"b":{},"_coverageSchema":"1a1c01bbd47fc00a2c39e90264f33305004495a9","hash":"b9e2499717eb0db788251bca33a698f66475360c"}
,"/home/mahito/bloodbridge-soa/services/notification-service/src/metrics.js": {"path":"/home/mahito/bloodbridge-soa/services/notification-service/src/metrics.js","statementMap":{"0":{"start":{"line":1,"column":15},"end":{"line":1,"column":37}},"1":{"start":{"line":3,"column":17},"end":{"line":3,"column":38}},"2":{"start":{"line":4,"column":0},"end":{"line":4,"column":43}},"3":{"start":{"line":6,"column":21},"end":{"line":11,"column":2}},"4":{"start":{"line":13,"column":21},"end":{"line":19,"column":2}},"5":{"start":{"line":21,"column":26},"end":{"line":26,"column":2}},"6":{"start":{"line":28,"column":26},"end":{"line":33,"column":2}},"7":{"start":{"line":35,"column":0},"end":{"line":41,"column":2}}},"fnMap":{},"branchMap":{},"s":{"0":1,"1":1,"2":1,"3":1,"4":1,"5":1,"6":1,"7":1},"f":{},"b":{},"_coverageSchema":"1a1c01bbd47fc00a2c39e90264f33305004495a9","hash":"b359430544e3269317a0e28465d5b5271de2ba19"}
,"/home/mahito/bloodbridge-soa/services/notification-service/src/controllers/notification.controller.js": {"path":"/home/mahito/bloodbridge-soa/services/notification-service/src/controllers/notification.controller.js","statementMap":{"0":{"start":{"line":1,"column":28},"end":{"line":1,"column":71}},"1":{"start":{"line":2,"column":28},"end":{"line":2,"column":59}},"2":{"start":{"line":3,"column":30},"end":{"line":3,"column":51}},"3":{"start":{"line":5,"column":28},"end":{"line":13,"column":1}},"4":{"start":{"line":6,"column":4},"end":{"line":12,"column":5}},"5":{"start":{"line":7,"column":29},"end":{"line":7,"column":84}},"6":{"start":{"line":8,"column":8},"end":{"line":8,"column":80}},"7":{"start":{"line":9,"column":8},"end":{"line":9,"column":82}},"8":{"start":{"line":11,"column":8},"end":{"line":11,"column":20}},"9":{"start":{"line":15,"column":30},"end":{"line":23,"column":1}},"10":{"start":{"line":16,"column":4},"end":{"line":22,"column":5}},"11":{"start":{"line":17,"column":29},"end":{"line":17,"column":86}},"12":{"start":{"line":18,"column":8},"end":{"line":18,"column":82}},"13":{"start":{"line":19,"column":8},"end":{"line":19,"column":84}},"14":{"start":{"line":21,"column":8},"end":{"line":21,"column":20}},"15":{"start":{"line":25,"column":31},"end":{"line":32,"column":1}},"16":{"start":{"line":26,"column":4},"end":{"line":31,"column":5}},"17":{"start":{"line":27,"column":30},"end":{"line":27,"column":74}},"18":{"start":{"line":28,"column":8},"end":{"line":28,"column":90}},"19":{"start":{"line":30,"column":8},"end":{"line":30,"column":20}},"20":{"start":{"line":34,"column":28},"end":{"line":41,"column":1}},"21":{"start":{"line":35,"column":4},"end":{"line":40,"column":5}},"22":{"start":{"line":36,"column":29},"end":{"line":36,"column":83}},"23":{"start":{"line":37,"column":8},"end":{"line":37,"column":81}},"24":{"start":{"line":39,"column":8},"end":{"line":39,"column":20}},"25":{"start":{"line":43,"column":0},"end":{"line":48,"column":2}}},"fnMap":{"0":{"name":"(anonymous_0)","decl":{"start":{"line":5,"column":28},"end":{"line":5,"column":29}},"loc":{"start":{"line":5,"column":54},"end":{"line":13,"column":1}},"line":5},"1":{"name":"(anonymous_1)","decl":{"start":{"line":15,"column":30},"end":{"line":15,"column":31}},"loc":{"start":{"line":15,"column":56},"end":{"line":23,"column":1}},"line":15},"2":{"name":"(anonymous_2)","decl":{"start":{"line":25,"column":31},"end":{"line":25,"column":32}},"loc":{"start":{"line":25,"column":57},"end":{"line":32,"column":1}},"line":25},"3":{"name":"(anonymous_3)","decl":{"start":{"line":34,"column":28},"end":{"line":34,"column":29}},"loc":{"start":{"line":34,"column":54},"end":{"line":41,"column":1}},"line":34}},"branchMap":{},"s":{"0":1,"1":1,"2":1,"3":1,"4":3,"5":3,"6":3,"7":3,"8":0,"9":1,"10":2,"11":2,"12":2,"13":2,"14":0,"15":1,"16":1,"17":1,"18":1,"19":0,"20":1,"21":2,"22":2,"23":1,"24":1,"25":1},"f":{"0":3,"1":2,"2":1,"3":2},"b":{},"_coverageSchema":"1a1c01bbd47fc00a2c39e90264f33305004495a9","hash":"6e9b3b96be09a0265d49767b7f7c9bd6f63e76b5"}
,"/home/mahito/bloodbridge-soa/services/notification-service/src/docs/swagger.js": {"path":"/home/mahito/bloodbridge-soa/services/notification-service/src/docs/swagger.js","statementMap":{"0":{"start":{"line":1,"column":0},"end":{"line":146,"column":2}}},"fnMap":{},"branchMap":{},"s":{"0":1},"f":{},"b":{},"_coverageSchema":"1a1c01bbd47fc00a2c39e90264f33305004495a9","hash":"1f09301ffc5a3e0a1746c4c3761c00f5ca2d00df"}
,"/home/mahito/bloodbridge-soa/services/notification-service/src/dtos/notification.dto.js": {"path":"/home/mahito/bloodbridge-soa/services/notification-service/src/dtos/notification.dto.js","statementMap":{"0":{"start":{"line":1,"column":31},"end":{"line":11,"column":2}},"1":{"start":{"line":1,"column":50},"end":{"line":11,"column":1}},"2":{"start":{"line":13,"column":0},"end":{"line":13,"column":44}}},"fnMap":{"0":{"name":"(anonymous_0)","decl":{"start":{"line":1,"column":31},"end":{"line":1,"column":32}},"loc":{"start":{"line":1,"column":50},"end":{"line":11,"column":1}},"line":1}},"branchMap":{},"s":{"0":1,"1":10,"2":1},"f":{"0":10},"b":{},"_coverageSchema":"1a1c01bbd47fc00a2c39e90264f33305004495a9","hash":"3bbb9b65acfbb49dca3e1f1edcfa60227cc409fe"}
,"/home/mahito/bloodbridge-soa/services/notification-service/src/middleware/error.middleware.js": {"path":"/home/mahito/bloodbridge-soa/services/notification-service/src/middleware/error.middleware.js","statementMap":{"0":{"start":{"line":1,"column":26},"end":{"line":1,"column":57}},"1":{"start":{"line":3,"column":27},"end":{"line":5,"column":1}},"2":{"start":{"line":4,"column":4},"end":{"line":4,"column":88}},"3":{"start":{"line":7,"column":24},"end":{"line":9,"column":1}},"4":{"start":{"line":8,"column":4},"end":{"line":8,"column":89}},"5":{"start":{"line":11,"column":0},"end":{"line":11,"column":57}}},"fnMap":{"0":{"name":"(anonymous_0)","decl":{"start":{"line":3,"column":27},"end":{"line":3,"column":28}},"loc":{"start":{"line":3,"column":41},"end":{"line":5,"column":1}},"line":3},"1":{"name":"(anonymous_1)","decl":{"start":{"line":7,"column":24},"end":{"line":7,"column":25}},"loc":{"start":{"line":7,"column":49},"end":{"line":9,"column":1}},"line":7}},"branchMap":{"0":{"loc":{"start":{"line":8,"column":30},"end":{"line":8,"column":47}},"type":"binary-expr","locations":[{"start":{"line":8,"column":30},"end":{"line":8,"column":40}},{"start":{"line":8,"column":44},"end":{"line":8,"column":47}}],"line":8},"1":{"loc":{"start":{"line":8,"column":49},"end":{"line":8,"column":87}},"type":"binary-expr","locations":[{"start":{"line":8,"column":49},"end":{"line":8,"column":60}},{"start":{"line":8,"column":64},"end":{"line":8,"column":87}}],"line":8}},"s":{"0":1,"1":1,"2":0,"3":1,"4":1,"5":1},"f":{"0":0,"1":1},"b":{"0":[1,0],"1":[1,0]},"_coverageSchema":"1a1c01bbd47fc00a2c39e90264f33305004495a9","hash":"2b23099a0b441945bfeb9bd270b22d7045229b65"}
,"/home/mahito/bloodbridge-soa/services/notification-service/src/models/notification.model.js": {"path":"/home/mahito/bloodbridge-soa/services/notification-service/src/models/notification.model.js","statementMap":{"0":{"start":{"line":1,"column":27},"end":{"line":11,"column":2}},"1":{"start":{"line":1,"column":119},"end":{"line":11,"column":1}},"2":{"start":{"line":13,"column":0},"end":{"line":13,"column":40}}},"fnMap":{"0":{"name":"(anonymous_0)","decl":{"start":{"line":1,"column":27},"end":{"line":1,"column":28}},"loc":{"start":{"line":1,"column":119},"end":{"line":11,"column":1}},"line":1}},"branchMap":{"0":{"loc":{"start":{"line":1,"column":47},"end":{"line":1,"column":61}},"type":"default-arg","locations":[{"start":{"line":1,"column":57},"end":{"line":1,"column":61}}],"line":1},"1":{"loc":{"start":{"line":1,"column":98},"end":{"line":1,"column":111}},"type":"default-arg","locations":[{"start":{"line":1,"column":109},"end":{"line":1,"column":111}}],"line":1}},"s":{"0":1,"1":5,"2":1},"f":{"0":5},"b":{"0":[3],"1":[0]},"_coverageSchema":"1a1c01bbd47fc00a2c39e90264f33305004495a9","hash":"82c827267fac784e792d36a73aa52ac500e6e6ae"}
,"/home/mahito/bloodbridge-soa/services/notification-service/src/providers/email.provider.js": {"path":"/home/mahito/bloodbridge-soa/services/notification-service/src/providers/email.provider.js","statementMap":{"0":{"start":{"line":1,"column":18},"end":{"line":8,"column":2}},"1":{"start":{"line":1,"column":58},"end":{"line":8,"column":1}},"2":{"start":{"line":10,"column":0},"end":{"line":10,"column":31}}},"fnMap":{"0":{"name":"(anonymous_0)","decl":{"start":{"line":1,"column":18},"end":{"line":1,"column":19}},"loc":{"start":{"line":1,"column":58},"end":{"line":8,"column":1}},"line":1}},"branchMap":{},"s":{"0":1,"1":2,"2":1},"f":{"0":2},"b":{},"_coverageSchema":"1a1c01bbd47fc00a2c39e90264f33305004495a9","hash":"08b7bb81cb68a272867fe01861f73b400f8c092c"}
,"/home/mahito/bloodbridge-soa/services/notification-service/src/providers/sms.provider.js": {"path":"/home/mahito/bloodbridge-soa/services/notification-service/src/providers/sms.provider.js","statementMap":{"0":{"start":{"line":1,"column":16},"end":{"line":7,"column":2}},"1":{"start":{"line":1,"column":47},"end":{"line":7,"column":1}},"2":{"start":{"line":9,"column":0},"end":{"line":9,"column":29}}},"fnMap":{"0":{"name":"(anonymous_0)","decl":{"start":{"line":1,"column":16},"end":{"line":1,"column":17}},"loc":{"start":{"line":1,"column":47},"end":{"line":7,"column":1}},"line":1}},"branchMap":{},"s":{"0":1,"1":3,"2":1},"f":{"0":3},"b":{},"_coverageSchema":"1a1c01bbd47fc00a2c39e90264f33305004495a9","hash":"9f90709df0a4690b712002195051a4adaad4bc76"}
,"/home/mahito/bloodbridge-soa/services/notification-service/src/repositories/notification.repository.js": {"path":"/home/mahito/bloodbridge-soa/services/notification-service/src/repositories/notification.repository.js","statementMap":{"0":{"start":{"line":1,"column":22},"end":{"line":1,"column":24}},"1":{"start":{"line":3,"column":15},"end":{"line":6,"column":1}},"2":{"start":{"line":4,"column":4},"end":{"line":4,"column":37}},"3":{"start":{"line":5,"column":4},"end":{"line":5,"column":24}},"4":{"start":{"line":8,"column":16},"end":{"line":10,"column":1}},"5":{"start":{"line":9,"column":4},"end":{"line":9,"column":92}},"6":{"start":{"line":9,"column":45},"end":{"line":9,"column":90}},"7":{"start":{"line":12,"column":17},"end":{"line":14,"column":1}},"8":{"start":{"line":13,"column":4},"end":{"line":13,"column":80}},"9":{"start":{"line":13,"column":48},"end":{"line":13,"column":70}},"10":{"start":{"line":16,"column":0},"end":{"line":16,"column":47}}},"fnMap":{"0":{"name":"(anonymous_0)","decl":{"start":{"line":3,"column":15},"end":{"line":3,"column":16}},"loc":{"start":{"line":3,"column":33},"end":{"line":6,"column":1}},"line":3},"1":{"name":"(anonymous_1)","decl":{"start":{"line":8,"column":16},"end":{"line":8,"column":17}},"loc":{"start":{"line":8,"column":22},"end":{"line":10,"column":1}},"line":8},"2":{"name":"(anonymous_2)","decl":{"start":{"line":9,"column":35},"end":{"line":9,"column":36}},"loc":{"start":{"line":9,"column":45},"end":{"line":9,"column":90}},"line":9},"3":{"name":"(anonymous_3)","decl":{"start":{"line":12,"column":17},"end":{"line":12,"column":18}},"loc":{"start":{"line":12,"column":25},"end":{"line":14,"column":1}},"line":12},"4":{"name":"(anonymous_4)","decl":{"start":{"line":13,"column":30},"end":{"line":13,"column":31}},"loc":{"start":{"line":13,"column":48},"end":{"line":13,"column":70}},"line":13}},"branchMap":{"0":{"loc":{"start":{"line":13,"column":11},"end":{"line":13,"column":79}},"type":"binary-expr","locations":[{"start":{"line":13,"column":11},"end":{"line":13,"column":71}},{"start":{"line":13,"column":75},"end":{"line":13,"column":79}}],"line":13}},"s":{"0":1,"1":1,"2":5,"3":5,"4":1,"5":1,"6":3,"7":1,"8":2,"9":10,"10":1},"f":{"0":5,"1":1,"2":3,"3":2,"4":10},"b":{"0":[2,1]},"_coverageSchema":"1a1c01bbd47fc00a2c39e90264f33305004495a9","hash":"d09b1e5828513d3ebfba020dbcc2c1689ad37731"}
,"/home/mahito/bloodbridge-soa/services/notification-service/src/routes/notification.routes.js": {"path":"/home/mahito/bloodbridge-soa/services/notification-service/src/routes/notification.routes.js","statementMap":{"0":{"start":{"line":1,"column":15},"end":{"line":1,"column":42}},"1":{"start":{"line":7,"column":4},"end":{"line":7,"column":53}},"2":{"start":{"line":13,"column":4},"end":{"line":13,"column":51}},"3":{"start":{"line":15,"column":0},"end":{"line":15,"column":66}},"4":{"start":{"line":16,"column":0},"end":{"line":16,"column":72}},"5":{"start":{"line":17,"column":0},"end":{"line":17,"column":47}},"6":{"start":{"line":18,"column":0},"end":{"line":18,"column":48}},"7":{"start":{"line":20,"column":0},"end":{"line":20,"column":70}},"8":{"start":{"line":21,"column":0},"end":{"line":21,"column":78}},"9":{"start":{"line":23,"column":0},"end":{"line":23,"column":24}}},"fnMap":{},"branchMap":{},"s":{"0":1,"1":1,"2":1,"3":1,"4":1,"5":1,"6":1,"7":1,"8":1,"9":1},"f":{},"b":{},"_coverageSchema":"1a1c01bbd47fc00a2c39e90264f33305004495a9","hash":"40d2ccc8d7a50fafaee92992dc978416b61c8289"}
,"/home/mahito/bloodbridge-soa/services/notification-service/src/services/notification.service.js": {"path":"/home/mahito/bloodbridge-soa/services/notification-service/src/services/notification.service.js","statementMap":{"0":{"start":{"line":1,"column":31},"end":{"line":1,"column":70}},"1":{"start":{"line":2,"column":31},"end":{"line":2,"column":81}},"2":{"start":{"line":3,"column":20},"end":{"line":3,"column":56}},"3":{"start":{"line":4,"column":22},"end":{"line":4,"column":60}},"4":{"start":{"line":5,"column":35},"end":{"line":5,"column":70}},"5":{"start":{"line":7,"column":28},"end":{"line":20,"column":1}},"6":{"start":{"line":8,"column":21},"end":{"line":8,"column":54}},"7":{"start":{"line":10,"column":25},"end":{"line":17,"column":6}},"8":{"start":{"line":19,"column":4},"end":{"line":19,"column":79}},"9":{"start":{"line":22,"column":30},"end":{"line":36,"column":1}},"10":{"start":{"line":23,"column":21},"end":{"line":23,"column":65}},"11":{"start":{"line":25,"column":25},"end":{"line":33,"column":6}},"12":{"start":{"line":35,"column":4},"end":{"line":35,"column":79}},"13":{"start":{"line":38,"column":31},"end":{"line":40,"column":1}},"14":{"start":{"line":39,"column":4},"end":{"line":39,"column":72}},"15":{"start":{"line":42,"column":28},"end":{"line":52,"column":1}},"16":{"start":{"line":43,"column":25},"end":{"line":43,"column":60}},"17":{"start":{"line":45,"column":4},"end":{"line":49,"column":5}},"18":{"start":{"line":46,"column":22},"end":{"line":46,"column":57}},"19":{"start":{"line":47,"column":8},"end":{"line":47,"column":27}},"20":{"start":{"line":48,"column":8},"end":{"line":48,"column":20}},"21":{"start":{"line":51,"column":4},"end":{"line":51,"column":48}},"22":{"start":{"line":54,"column":0},"end":{"line":59,"column":2}}},"fnMap":{"0":{"name":"(anonymous_0)","decl":{"start":{"line":7,"column":28},"end":{"line":7,"column":29}},"loc":{"start":{"line":7,"column":74},"end":{"line":20,"column":1}},"line":7},"1":{"name":"(anonymous_1)","decl":{"start":{"line":22,"column":30},"end":{"line":22,"column":31}},"loc":{"start":{"line":22,"column":88},"end":{"line":36,"column":1}},"line":22},"2":{"name":"(anonymous_2)","decl":{"start":{"line":38,"column":31},"end":{"line":38,"column":32}},"loc":{"start":{"line":38,"column":37},"end":{"line":40,"column":1}},"line":38},"3":{"name":"(anonymous_3)","decl":{"start":{"line":42,"column":28},"end":{"line":42,"column":29}},"loc":{"start":{"line":42,"column":36},"end":{"line":52,"column":1}},"line":42}},"branchMap":{"0":{"loc":{"start":{"line":7,"column":53},"end":{"line":7,"column":67}},"type":"default-arg","locations":[{"start":{"line":7,"column":63},"end":{"line":7,"column":67}}],"line":7},"1":{"loc":{"start":{"line":16,"column":18},"end":{"line":16,"column":44}},"type":"cond-expr","locations":[{"start":{"line":16,"column":28},"end":{"line":16,"column":39}},{"start":{"line":16,"column":42},"end":{"line":16,"column":44}}],"line":16},"2":{"loc":{"start":{"line":22,"column":64},"end":{"line":22,"column":81}},"type":"default-arg","locations":[{"start":{"line":22,"column":77},"end":{"line":22,"column":81}}],"line":22},"3":{"loc":{"start":{"line":32,"column":18},"end":{"line":32,"column":50}},"type":"cond-expr","locations":[{"start":{"line":32,"column":31},"end":{"line":32,"column":45}},{"start":{"line":32,"column":48},"end":{"line":32,"column":50}}],"line":32},"4":{"loc":{"start":{"line":45,"column":4},"end":{"line":49,"column":5}},"type":"if","locations":[{"start":{"line":45,"column":4},"end":{"line":49,"column":5}},{"start":{},"end":{}}],"line":45}},"s":{"0":1,"1":1,"2":1,"3":1,"4":1,"5":1,"6":3,"7":3,"8":3,"9":1,"10":2,"11":2,"12":2,"13":1,"14":1,"15":1,"16":2,"17":2,"18":1,"19":1,"20":1,"21":1,"22":1},"f":{"0":3,"1":2,"2":1,"3":2},"b":{"0":[2],"1":[1,2],"2":[1],"3":[1,1],"4":[1,1]},"_coverageSchema":"1a1c01bbd47fc00a2c39e90264f33305004495a9","hash":"4963b6623af655b6be4e623228cda43d9fba95c4"}
,"/home/mahito/bloodbridge-soa/services/notification-service/src/utils/apiResponse.js": {"path":"/home/mahito/bloodbridge-soa/services/notification-service/src/utils/apiResponse.js","statementMap":{"0":{"start":{"line":1,"column":24},"end":{"line":7,"column":1}},"1":{"start":{"line":2,"column":4},"end":{"line":6,"column":7}},"2":{"start":{"line":9,"column":22},"end":{"line":15,"column":1}},"3":{"start":{"line":10,"column":4},"end":{"line":14,"column":7}},"4":{"start":{"line":17,"column":0},"end":{"line":17,"column":52}}},"fnMap":{"0":{"name":"(anonymous_0)","decl":{"start":{"line":1,"column":24},"end":{"line":1,"column":25}},"loc":{"start":{"line":1,"column":67},"end":{"line":7,"column":1}},"line":1},"1":{"name":"(anonymous_1)","decl":{"start":{"line":9,"column":22},"end":{"line":9,"column":23}},"loc":{"start":{"line":9,"column":68},"end":{"line":15,"column":1}},"line":9}},"branchMap":{"0":{"loc":{"start":{"line":1,"column":51},"end":{"line":1,"column":62}},"type":"default-arg","locations":[{"start":{"line":1,"column":58},"end":{"line":1,"column":62}}],"line":1},"1":{"loc":{"start":{"line":9,"column":49},"end":{"line":9,"column":63}},"type":"default-arg","locations":[{"start":{"line":9,"column":59},"end":{"line":9,"column":63}}],"line":9}},"s":{"0":1,"1":7,"2":1,"3":2,"4":1},"f":{"0":7,"1":2},"b":{"0":[0],"1":[1]},"_coverageSchema":"1a1c01bbd47fc00a2c39e90264f33305004495a9","hash":"b0a54235741f02cfa574b0310ede0f30dbffb090"}
,"/home/mahito/bloodbridge-soa/services/notification-service/src/validators/notification.validator.js": {"path":"/home/mahito/bloodbridge-soa/services/notification-service/src/validators/notification.validator.js","statementMap":{"0":{"start":{"line":1,"column":14},"end":{"line":1,"column":28}},"1":{"start":{"line":2,"column":26},"end":{"line":2,"column":57}},"2":{"start":{"line":4,"column":30},"end":{"line":7,"column":2}},"3":{"start":{"line":9,"column":32},"end":{"line":13,"column":2}},"4":{"start":{"line":15,"column":32},"end":{"line":17,"column":2}},"5":{"start":{"line":19,"column":35},"end":{"line":21,"column":2}},"6":{"start":{"line":23,"column":17},"end":{"line":32,"column":1}},"7":{"start":{"line":23,"column":29},"end":{"line":32,"column":1}},"8":{"start":{"line":24,"column":19},"end":{"line":24,"column":45}},"9":{"start":{"line":26,"column":4},"end":{"line":28,"column":5}},"10":{"start":{"line":27,"column":8},"end":{"line":27,"column":96}},"11":{"start":{"line":30,"column":4},"end":{"line":30,"column":27}},"12":{"start":{"line":31,"column":4},"end":{"line":31,"column":11}},"13":{"start":{"line":34,"column":0},"end":{"line":39,"column":2}}},"fnMap":{"0":{"name":"(anonymous_0)","decl":{"start":{"line":23,"column":17},"end":{"line":23,"column":18}},"loc":{"start":{"line":23,"column":29},"end":{"line":32,"column":1}},"line":23},"1":{"name":"(anonymous_1)","decl":{"start":{"line":23,"column":29},"end":{"line":23,"column":30}},"loc":{"start":{"line":23,"column":49},"end":{"line":32,"column":1}},"line":23}},"branchMap":{"0":{"loc":{"start":{"line":26,"column":4},"end":{"line":28,"column":5}},"type":"if","locations":[{"start":{"line":26,"column":4},"end":{"line":28,"column":5}},{"start":{},"end":{}}],"line":26}},"s":{"0":1,"1":1,"2":1,"3":1,"4":1,"5":1,"6":1,"7":4,"8":6,"9":6,"10":1,"11":5,"12":5,"13":1},"f":{"0":4,"1":6},"b":{"0":[1,5]},"_coverageSchema":"1a1c01bbd47fc00a2c39e90264f33305004495a9","hash":"14b97907e939b0704fe8cdebc9fde6dd969bf108"}
}
