TN:
SF:src/index.js
FN:15,(anonymous_0)
FN:27,(anonymous_1)
FN:32,(anonymous_2)
FN:51,(anonymous_3)
FN:52,(anonymous_4)
FN:57,(anonymous_5)
FN:58,(anonymous_6)
FNF:7
FNH:7
FNDA:4,(anonymous_0)
FNDA:1,(anonymous_1)
FNDA:1,(anonymous_2)
FNDA:1,(anonymous_3)
FNDA:1,(anonymous_4)
FNDA:2,(anonymous_5)
FNDA:2,(anonymous_6)
DA:1,1
DA:3,1
DA:4,1
DA:5,1
DA:7,1
DA:8,1
DA:9,1
DA:11,1
DA:12,1
DA:15,1
DA:16,4
DA:17,4
DA:18,4
DA:19,4
DA:20,4
DA:22,0
DA:27,1
DA:28,1
DA:32,1
DA:33,1
DA:34,1
DA:35,0
DA:37,1
DA:45,1
DA:47,1
DA:51,1
DA:52,1
DA:53,1
DA:57,1
DA:58,2
DA:59,2
DA:60,1
DA:61,1
DA:64,1
DA:69,1
LF:35
LH:33
BRDA:12,0,0,1
BRDA:12,0,1,1
BRDA:17,1,0,0
BRDA:17,1,1,4
BRDA:34,2,0,0
BRDA:34,2,1,1
BRDA:34,3,0,1
BRDA:34,3,1,1
BRDA:34,3,2,1
BRDA:59,4,0,1
BRDA:59,4,1,1
BRDA:64,5,0,1
BRDA:64,5,1,1
BRF:13
BRH:11
end_of_record
