TN:
SF:src/app.js
FN:13,(anonymous_0)
FN:16,(anonymous_1)
FN:29,(anonymous_2)
FN:33,(anonymous_3)
FNF:4
FNH:4
FNDA:11,(anonymous_0)
FNDA:11,(anonymous_1)
FNDA:1,(anonymous_2)
FNDA:1,(anonymous_3)
DA:1,1
DA:2,1
DA:3,1
DA:4,1
DA:5,1
DA:6,1
DA:7,1
DA:8,1
DA:10,1
DA:11,1
DA:13,1
DA:14,11
DA:15,11
DA:16,11
DA:17,11
DA:18,11
DA:19,11
DA:20,11
DA:22,11
DA:25,1
DA:26,1
DA:27,1
DA:29,1
DA:30,1
DA:33,1
DA:34,1
DA:35,1
DA:38,1
DA:39,1
DA:41,1
DA:42,1
DA:44,1
LF:32
LH:32
BRF:0
BRH:0
end_of_record
TN:
SF:src/metrics.js
FNF:0
FNH:0
DA:1,1
DA:3,1
DA:4,1
DA:6,1
DA:13,1
DA:21,1
DA:28,1
DA:35,1
LF:8
LH:8
BRF:0
BRH:0
end_of_record
TN:
SF:src/controllers/notification.controller.js
FN:5,(anonymous_0)
FN:15,(anonymous_1)
FN:25,(anonymous_2)
FN:34,(anonymous_3)
FNF:4
FNH:4
FNDA:3,(anonymous_0)
FNDA:2,(anonymous_1)
FNDA:1,(anonymous_2)
FNDA:2,(anonymous_3)
DA:1,1
DA:2,1
DA:3,1
DA:5,1
DA:6,3
DA:7,3
DA:8,3
DA:9,3
DA:11,0
DA:15,1
DA:16,2
DA:17,2
DA:18,2
DA:19,2
DA:21,0
DA:25,1
DA:26,1
DA:27,1
DA:28,1
DA:30,0
DA:34,1
DA:35,2
DA:36,2
DA:37,1
DA:39,1
DA:43,1
LF:26
LH:23
BRF:0
BRH:0
end_of_record
TN:
SF:src/docs/swagger.js
FNF:0
FNH:0
DA:1,1
LF:1
LH:1
BRF:0
BRH:0
end_of_record
TN:
SF:src/dtos/notification.dto.js
FN:1,(anonymous_0)
FNF:1
FNH:1
FNDA:10,(anonymous_0)
DA:1,10
DA:13,1
LF:2
LH:2
BRF:0
BRH:0
end_of_record
TN:
SF:src/middleware/error.middleware.js
FN:3,(anonymous_0)
FN:7,(anonymous_1)
FNF:2
FNH:1
FNDA:0,(anonymous_0)
FNDA:1,(anonymous_1)
DA:1,1
DA:3,1
DA:4,0
DA:7,1
DA:8,1
DA:11,1
LF:6
LH:5
BRDA:8,0,0,1
BRDA:8,0,1,0
BRDA:8,1,0,1
BRDA:8,1,1,0
BRF:4
BRH:2
end_of_record
TN:
SF:src/models/notification.model.js
FN:1,(anonymous_0)
FNF:1
FNH:1
FNDA:5,(anonymous_0)
DA:1,5
DA:13,1
LF:2
LH:2
BRDA:1,0,0,3
BRDA:1,1,0,0
BRF:2
BRH:1
end_of_record
TN:
SF:src/providers/email.provider.js
FN:1,(anonymous_0)
FNF:1
FNH:1
FNDA:2,(anonymous_0)
DA:1,2
DA:10,1
LF:2
LH:2
BRF:0
BRH:0
end_of_record
TN:
SF:src/providers/sms.provider.js
FN:1,(anonymous_0)
FNF:1
FNH:1
FNDA:3,(anonymous_0)
DA:1,3
DA:9,1
LF:2
LH:2
BRF:0
BRH:0
end_of_record
TN:
SF:src/repositories/notification.repository.js
FN:3,(anonymous_0)
FN:8,(anonymous_1)
FN:9,(anonymous_2)
FN:12,(anonymous_3)
FN:13,(anonymous_4)
FNF:5
FNH:5
FNDA:5,(anonymous_0)
FNDA:1,(anonymous_1)
FNDA:3,(anonymous_2)
FNDA:2,(anonymous_3)
FNDA:10,(anonymous_4)
DA:1,1
DA:3,1
DA:4,5
DA:5,5
DA:8,1
DA:9,3
DA:12,1
DA:13,10
DA:16,1
LF:9
LH:9
BRDA:13,0,0,2
BRDA:13,0,1,1
BRF:2
BRH:2
end_of_record
TN:
SF:src/routes/notification.routes.js
FNF:0
FNH:0
DA:1,1
DA:7,1
DA:13,1
DA:15,1
DA:16,1
DA:17,1
DA:18,1
DA:20,1
DA:21,1
DA:23,1
LF:10
LH:10
BRF:0
BRH:0
end_of_record
TN:
SF:src/services/notification.service.js
FN:7,(anonymous_0)
FN:22,(anonymous_1)
FN:38,(anonymous_2)
FN:42,(anonymous_3)
FNF:4
FNH:4
FNDA:3,(anonymous_0)
FNDA:2,(anonymous_1)
FNDA:1,(anonymous_2)
FNDA:2,(anonymous_3)
DA:1,1
DA:2,1
DA:3,1
DA:4,1
DA:5,1
DA:7,1
DA:8,3
DA:10,3
DA:19,3
DA:22,1
DA:23,2
DA:25,2
DA:35,2
DA:38,1
DA:39,1
DA:42,1
DA:43,2
DA:45,2
DA:46,1
DA:47,1
DA:48,1
DA:51,1
DA:54,1
LF:23
LH:23
BRDA:7,0,0,2
BRDA:16,1,0,1
BRDA:16,1,1,2
BRDA:22,2,0,1
BRDA:32,3,0,1
BRDA:32,3,1,1
BRDA:45,4,0,1
BRDA:45,4,1,1
BRF:8
BRH:8
end_of_record
TN:
SF:src/utils/apiResponse.js
FN:1,(anonymous_0)
FN:9,(anonymous_1)
FNF:2
FNH:2
FNDA:7,(anonymous_0)
FNDA:2,(anonymous_1)
DA:1,1
DA:2,7
DA:9,1
DA:10,2
DA:17,1
LF:5
LH:5
BRDA:1,0,0,0
BRDA:9,1,0,1
BRF:2
BRH:1
end_of_record
TN:
SF:src/validators/notification.validator.js
FN:23,(anonymous_0)
FN:23,(anonymous_1)
FNF:2
FNH:2
FNDA:4,(anonymous_0)
FNDA:6,(anonymous_1)
DA:1,1
DA:2,1
DA:4,1
DA:9,1
DA:15,1
DA:19,1
DA:23,4
DA:24,6
DA:26,6
DA:27,1
DA:30,5
DA:31,5
DA:34,1
LF:13
LH:13
BRDA:26,0,0,1
BRDA:26,0,1,5
BRF:2
BRH:2
end_of_record
