{"/home/mahito/bloodbridge-soa/services/hospital-service/src/app.js": {"path":"/home/mahito/bloodbridge-soa/services/hospital-service/src/app.js","statementMap":{"0":{"start":{"line":1,"column":16},"end":{"line":1,"column":34}},"1":{"start":{"line":2,"column":13},"end":{"line":2,"column":28}},"2":{"start":{"line":3,"column":15},"end":{"line":3,"column":32}},"3":{"start":{"line":4,"column":18},"end":{"line":4,"column":47}},"4":{"start":{"line":5,"column":23},"end":{"line":5,"column":58}},"5":{"start":{"line":6,"column":24},"end":{"line":6,"column":49}},"6":{"start":{"line":7,"column":48},"end":{"line":7,"column":88}},"7":{"start":{"line":9,"column":12},"end":{"line":9,"column":21}},"8":{"start":{"line":11,"column":0},"end":{"line":11,"column":18}},"9":{"start":{"line":12,"column":0},"end":{"line":12,"column":16}},"10":{"start":{"line":13,"column":0},"end":{"line":13,"column":24}},"11":{"start":{"line":15,"column":0},"end":{"line":17,"column":3}},"12":{"start":{"line":16,"column":4},"end":{"line":16,"column":65}},"13":{"start":{"line":19,"column":0},"end":{"line":19,"column":72}},"14":{"start":{"line":20,"column":0},"end":{"line":20,"column":38}},"15":{"start":{"line":22,"column":0},"end":{"line":22,"column":28}},"16":{"start":{"line":23,"column":0},"end":{"line":23,"column":25}},"17":{"start":{"line":25,"column":0},"end":{"line":25,"column":21}}},"fnMap":{"0":{"name":"(anonymous_0)","decl":{"start":{"line":15,"column":19},"end":{"line":15,"column":20}},"loc":{"start":{"line":15,"column":33},"end":{"line":17,"column":1}},"line":15}},"branchMap":{},"s":{"0":1,"1":1,"2":1,"3":1,"4":1,"5":1,"6":1,"7":1,"8":1,"9":1,"10":1,"11":1,"12":1,"13":1,"14":1,"15":1,"16":1,"17":1},"f":{"0":1},"b":{},"_coverageSchema":"1a1c01bbd47fc00a2c39e90264f33305004495a9","hash":"111f2993c9d87345d6d1b44159f37dacd810945d"}
,"/home/mahito/bloodbridge-soa/services/hospital-service/src/controllers/hospital.controller.js": {"path":"/home/mahito/bloodbridge-soa/services/hospital-service/src/controllers/hospital.controller.js","statementMap":{"0":{"start":{"line":1,"column":18},"end":{"line":12,"column":1}},"1":{"start":{"line":14,"column":22},"end":{"line":16,"column":1}},"2":{"start":{"line":15,"column":4},"end":{"line":15,"column":28}},"3":{"start":{"line":18,"column":20},"end":{"line":22,"column":1}},"4":{"start":{"line":19,"column":21},"end":{"line":19,"column":72}},"5":{"start":{"line":19,"column":46},"end":{"line":19,"column":71}},"6":{"start":{"line":20,"column":4},"end":{"line":20,"column":80}},"7":{"start":{"line":20,"column":19},"end":{"line":20,"column":80}},"8":{"start":{"line":21,"column":4},"end":{"line":21,"column":27}},"9":{"start":{"line":24,"column":23},"end":{"line":28,"column":1}},"10":{"start":{"line":25,"column":21},"end":{"line":25,"column":66}},"11":{"start":{"line":26,"column":4},"end":{"line":26,"column":29}},"12":{"start":{"line":27,"column":4},"end":{"line":27,"column":68}},"13":{"start":{"line":30,"column":23},"end":{"line":35,"column":1}},"14":{"start":{"line":31,"column":18},"end":{"line":31,"column":74}},"15":{"start":{"line":31,"column":48},"end":{"line":31,"column":73}},"16":{"start":{"line":32,"column":4},"end":{"line":32,"column":83}},"17":{"start":{"line":32,"column":22},"end":{"line":32,"column":83}},"18":{"start":{"line":33,"column":4},"end":{"line":33,"column":60}},"19":{"start":{"line":34,"column":4},"end":{"line":34,"column":74}},"20":{"start":{"line":37,"column":0},"end":{"line":37,"column":91}}},"fnMap":{"0":{"name":"(anonymous_0)","decl":{"start":{"line":14,"column":22},"end":{"line":14,"column":23}},"loc":{"start":{"line":14,"column":36},"end":{"line":16,"column":1}},"line":14},"1":{"name":"(anonymous_1)","decl":{"start":{"line":18,"column":20},"end":{"line":18,"column":21}},"loc":{"start":{"line":18,"column":34},"end":{"line":22,"column":1}},"line":18},"2":{"name":"(anonymous_2)","decl":{"start":{"line":19,"column":36},"end":{"line":19,"column":37}},"loc":{"start":{"line":19,"column":46},"end":{"line":19,"column":71}},"line":19},"3":{"name":"(anonymous_3)","decl":{"start":{"line":24,"column":23},"end":{"line":24,"column":24}},"loc":{"start":{"line":24,"column":37},"end":{"line":28,"column":1}},"line":24},"4":{"name":"(anonymous_4)","decl":{"start":{"line":30,"column":23},"end":{"line":30,"column":24}},"loc":{"start":{"line":30,"column":37},"end":{"line":35,"column":1}},"line":30},"5":{"name":"(anonymous_5)","decl":{"start":{"line":31,"column":38},"end":{"line":31,"column":39}},"loc":{"start":{"line":31,"column":48},"end":{"line":31,"column":73}},"line":31}},"branchMap":{"0":{"loc":{"start":{"line":20,"column":4},"end":{"line":20,"column":80}},"type":"if","locations":[{"start":{"line":20,"column":4},"end":{"line":20,"column":80}},{"start":{},"end":{}}],"line":20},"1":{"loc":{"start":{"line":32,"column":4},"end":{"line":32,"column":83}},"type":"if","locations":[{"start":{"line":32,"column":4},"end":{"line":32,"column":83}},{"start":{},"end":{}}],"line":32}},"s":{"0":1,"1":1,"2":1,"3":1,"4":2,"5":4,"6":2,"7":1,"8":1,"9":1,"10":2,"11":2,"12":2,"13":1,"14":1,"15":3,"16":1,"17":0,"18":1,"19":1,"20":1},"f":{"0":1,"1":2,"2":4,"3":2,"4":1,"5":3},"b":{"0":[1,1],"1":[0,1]},"_coverageSchema":"1a1c01bbd47fc00a2c39e90264f33305004495a9","hash":"d2b0f87e7c5668877551aa46d31795290fce85d1"}
,"/home/mahito/bloodbridge-soa/services/hospital-service/src/docs/swagger.js": {"path":"/home/mahito/bloodbridge-soa/services/hospital-service/src/docs/swagger.js","statementMap":{"0":{"start":{"line":1,"column":0},"end":{"line":46,"column":2}}},"fnMap":{},"branchMap":{},"s":{"0":1},"f":{},"b":{},"_coverageSchema":"1a1c01bbd47fc00a2c39e90264f33305004495a9","hash":"6b09189bc99f2bf4be51e6998294a500b8ea80f0"}
,"/home/mahito/bloodbridge-soa/services/hospital-service/src/middleware/error.middleware.js": {"path":"/home/mahito/bloodbridge-soa/services/hospital-service/src/middleware/error.middleware.js","statementMap":{"0":{"start":{"line":1,"column":27},"end":{"line":3,"column":1}},"1":{"start":{"line":2,"column":4},"end":{"line":2,"column":89}},"2":{"start":{"line":5,"column":24},"end":{"line":7,"column":1}},"3":{"start":{"line":6,"column":4},"end":{"line":6,"column":90}},"4":{"start":{"line":9,"column":0},"end":{"line":9,"column":57}}},"fnMap":{"0":{"name":"(anonymous_0)","decl":{"start":{"line":1,"column":27},"end":{"line":1,"column":28}},"loc":{"start":{"line":1,"column":41},"end":{"line":3,"column":1}},"line":1},"1":{"name":"(anonymous_1)","decl":{"start":{"line":5,"column":24},"end":{"line":5,"column":25}},"loc":{"start":{"line":5,"column":49},"end":{"line":7,"column":1}},"line":5}},"branchMap":{"0":{"loc":{"start":{"line":6,"column":15},"end":{"line":6,"column":32}},"type":"binary-expr","locations":[{"start":{"line":6,"column":15},"end":{"line":6,"column":25}},{"start":{"line":6,"column":29},"end":{"line":6,"column":32}}],"line":6},"1":{"loc":{"start":{"line":6,"column":48},"end":{"line":6,"column":86}},"type":"binary-expr","locations":[{"start":{"line":6,"column":48},"end":{"line":6,"column":59}},{"start":{"line":6,"column":63},"end":{"line":6,"column":86}}],"line":6}},"s":{"0":1,"1":0,"2":1,"3":0,"4":1},"f":{"0":0,"1":0},"b":{"0":[0,0],"1":[0,0]},"_coverageSchema":"1a1c01bbd47fc00a2c39e90264f33305004495a9","hash":"12702a77458f8587f40b536f8c1500f9fbe35eed"}
,"/home/mahito/bloodbridge-soa/services/hospital-service/src/routes/hospital.routes.js": {"path":"/home/mahito/bloodbridge-soa/services/hospital-service/src/routes/hospital.routes.js","statementMap":{"0":{"start":{"line":1,"column":15},"end":{"line":1,"column":42}},"1":{"start":{"line":2,"column":71},"end":{"line":2,"column":116}},"2":{"start":{"line":3,"column":29},"end":{"line":3,"column":72}},"3":{"start":{"line":5,"column":0},"end":{"line":5,"column":31}},"4":{"start":{"line":6,"column":0},"end":{"line":6,"column":51}},"5":{"start":{"line":7,"column":0},"end":{"line":7,"column":32}},"6":{"start":{"line":8,"column":0},"end":{"line":8,"column":53}},"7":{"start":{"line":10,"column":0},"end":{"line":10,"column":24}}},"fnMap":{},"branchMap":{},"s":{"0":1,"1":1,"2":1,"3":1,"4":1,"5":1,"6":1,"7":1},"f":{},"b":{},"_coverageSchema":"1a1c01bbd47fc00a2c39e90264f33305004495a9","hash":"f8f4334a87a0db6dfbe18e01d602bbe901aec108"}
,"/home/mahito/bloodbridge-soa/services/hospital-service/src/validators/hospital.validator.js": {"path":"/home/mahito/bloodbridge-soa/services/hospital-service/src/validators/hospital.validator.js","statementMap":{"0":{"start":{"line":1,"column":14},"end":{"line":1,"column":28}},"1":{"start":{"line":3,"column":23},"end":{"line":11,"column":2}},"2":{"start":{"line":13,"column":25},"end":{"line":20,"column":1}},"3":{"start":{"line":14,"column":19},"end":{"line":14,"column":53}},"4":{"start":{"line":15,"column":4},"end":{"line":17,"column":5}},"5":{"start":{"line":16,"column":8},"end":{"line":16,"column":113}},"6":{"start":{"line":18,"column":4},"end":{"line":18,"column":27}},"7":{"start":{"line":19,"column":4},"end":{"line":19,"column":11}},"8":{"start":{"line":22,"column":0},"end":{"line":22,"column":38}}},"fnMap":{"0":{"name":"(anonymous_0)","decl":{"start":{"line":13,"column":25},"end":{"line":13,"column":26}},"loc":{"start":{"line":13,"column":45},"end":{"line":20,"column":1}},"line":13}},"branchMap":{"0":{"loc":{"start":{"line":15,"column":4},"end":{"line":17,"column":5}},"type":"if","locations":[{"start":{"line":15,"column":4},"end":{"line":17,"column":5}},{"start":{},"end":{}}],"line":15}},"s":{"0":1,"1":1,"2":1,"3":4,"4":4,"5":1,"6":3,"7":3,"8":1},"f":{"0":4},"b":{"0":[1,3]},"_coverageSchema":"1a1c01bbd47fc00a2c39e90264f33305004495a9","hash":"3ce2784492b9f5de8efab0bf533edfc85389b923"}
}
