{"total": {"lines":{"total":157,"covered":94,"skipped":0,"pct":59.87},"statements":{"total":157,"covered":94,"skipped":0,"pct":59.87},"functions":{"total":16,"covered":7,"skipped":0,"pct":43.75},"branches":{"total":40,"covered":6,"skipped":0,"pct":15},"branchesTrue":{"total":0,"covered":0,"skipped":0,"pct":100}}
,"/home/mahito/bloodbridge-soa/services/hospital-service/src/app.js": {"lines":{"total":20,"covered":20,"skipped":0,"pct":100},"functions":{"total":1,"covered":1,"skipped":0,"pct":100},"statements":{"total":20,"covered":20,"skipped":0,"pct":100},"branches":{"total":0,"covered":0,"skipped":0,"pct":100}}
,"/home/mahito/bloodbridge-soa/services/hospital-service/src/controllers/bloodInventory.controller.js": {"lines":{"total":54,"covered":8,"skipped":0,"pct":14.81},"functions":{"total":5,"covered":0,"skipped":0,"pct":0},"statements":{"total":54,"covered":8,"skipped":0,"pct":14.81},"branches":{"total":24,"covered":0,"skipped":0,"pct":0}}
,"/home/mahito/bloodbridge-soa/services/hospital-service/src/controllers/hospital.controller.js": {"lines":{"total":30,"covered":25,"skipped":0,"pct":83.33},"functions":{"total":4,"covered":4,"skipped":0,"pct":100},"statements":{"total":30,"covered":25,"skipped":0,"pct":83.33},"branches":{"total":4,"covered":3,"skipped":0,"pct":75}}
,"/home/mahito/bloodbridge-soa/services/hospital-service/src/docs/swagger.js": {"lines":{"total":1,"covered":1,"skipped":0,"pct":100},"functions":{"total":0,"covered":0,"skipped":0,"pct":100},"statements":{"total":1,"covered":1,"skipped":0,"pct":100},"branches":{"total":0,"covered":0,"skipped":0,"pct":100}}
,"/home/mahito/bloodbridge-soa/services/hospital-service/src/middleware/error.middleware.js": {"lines":{"total":5,"covered":3,"skipped":0,"pct":60},"functions":{"total":2,"covered":0,"skipped":0,"pct":0},"statements":{"total":5,"covered":3,"skipped":0,"pct":60},"branches":{"total":4,"covered":0,"skipped":0,"pct":0}}
,"/home/mahito/bloodbridge-soa/services/hospital-service/src/routes/bloodInventory.routes.js": {"lines":{"total":9,"covered":9,"skipped":0,"pct":100},"functions":{"total":0,"covered":0,"skipped":0,"pct":100},"statements":{"total":9,"covered":9,"skipped":0,"pct":100},"branches":{"total":0,"covered":0,"skipped":0,"pct":100}}
,"/home/mahito/bloodbridge-soa/services/hospital-service/src/routes/hospital.routes.js": {"lines":{"total":8,"covered":8,"skipped":0,"pct":100},"functions":{"total":0,"covered":0,"skipped":0,"pct":100},"statements":{"total":8,"covered":8,"skipped":0,"pct":100},"branches":{"total":0,"covered":0,"skipped":0,"pct":100}}
,"/home/mahito/bloodbridge-soa/services/hospital-service/src/validators/bloodInventory.validator.js": {"lines":{"total":21,"covered":11,"skipped":0,"pct":52.38},"functions":{"total":3,"covered":1,"skipped":0,"pct":33.33},"statements":{"total":21,"covered":11,"skipped":0,"pct":52.38},"branches":{"total":6,"covered":1,"skipped":0,"pct":16.66}}
,"/home/mahito/bloodbridge-soa/services/hospital-service/src/validators/hospital.validator.js": {"lines":{"total":9,"covered":9,"skipped":0,"pct":100},"functions":{"total":1,"covered":1,"skipped":0,"pct":100},"statements":{"total":9,"covered":9,"skipped":0,"pct":100},"branches":{"total":2,"covered":2,"skipped":0,"pct":100}}
}
