{"/home/mahito/bloodbridge-soa/services/hospital-service/src/app.js": {"path":"/home/mahito/bloodbridge-soa/services/hospital-service/src/app.js","statementMap":{"0":{"start":{"line":1,"column":16},"end":{"line":1,"column":34}},"1":{"start":{"line":2,"column":13},"end":{"line":2,"column":28}},"2":{"start":{"line":3,"column":15},"end":{"line":3,"column":32}},"3":{"start":{"line":4,"column":18},"end":{"line":4,"column":47}},"4":{"start":{"line":5,"column":23},"end":{"line":5,"column":58}},"5":{"start":{"line":6,"column":29},"end":{"line":6,"column":70}},"6":{"start":{"line":7,"column":24},"end":{"line":7,"column":49}},"7":{"start":{"line":8,"column":48},"end":{"line":8,"column":88}},"8":{"start":{"line":9,"column":16},"end":{"line":9,"column":36}},"9":{"start":{"line":11,"column":12},"end":{"line":11,"column":21}},"10":{"start":{"line":12,"column":21},"end":{"line":12,"column":39}},"11":{"start":{"line":14,"column":0},"end":{"line":24,"column":3}},"12":{"start":{"line":15,"column":16},"end":{"line":15,"column":26}},"13":{"start":{"line":16,"column":2},"end":{"line":16,"column":59}},"14":{"start":{"line":17,"column":2},"end":{"line":22,"column":5}},"15":{"start":{"line":18,"column":21},"end":{"line":18,"column":48}},"16":{"start":{"line":19,"column":4},"end":{"line":19,"column":117}},"17":{"start":{"line":20,"column":4},"end":{"line":20,"column":107}},"18":{"start":{"line":21,"column":4},"end":{"line":21,"column":61}},"19":{"start":{"line":23,"column":2},"end":{"line":23,"column":9}},"20":{"start":{"line":26,"column":0},"end":{"line":26,"column":18}},"21":{"start":{"line":27,"column":0},"end":{"line":30,"column":4}},"22":{"start":{"line":31,"column":0},"end":{"line":31,"column":24}},"23":{"start":{"line":33,"column":0},"end":{"line":35,"column":3}},"24":{"start":{"line":34,"column":2},"end":{"line":34,"column":57}},"25":{"start":{"line":37,"column":0},"end":{"line":40,"column":3}},"26":{"start":{"line":38,"column":2},"end":{"line":38,"column":56}},"27":{"start":{"line":39,"column":2},"end":{"line":39,"column":44}},"28":{"start":{"line":42,"column":0},"end":{"line":42,"column":72}},"29":{"start":{"line":43,"column":0},"end":{"line":43,"column":38}},"30":{"start":{"line":44,"column":0},"end":{"line":44,"column":44}},"31":{"start":{"line":46,"column":0},"end":{"line":46,"column":28}},"32":{"start":{"line":47,"column":0},"end":{"line":47,"column":25}},"33":{"start":{"line":49,"column":0},"end":{"line":49,"column":21}}},"fnMap":{"0":{"name":"(anonymous_0)","decl":{"start":{"line":14,"column":8},"end":{"line":14,"column":9}},"loc":{"start":{"line":14,"column":28},"end":{"line":24,"column":1}},"line":14},"1":{"name":"(anonymous_1)","decl":{"start":{"line":17,"column":19},"end":{"line":17,"column":20}},"loc":{"start":{"line":17,"column":25},"end":{"line":22,"column":3}},"line":17},"2":{"name":"(anonymous_2)","decl":{"start":{"line":33,"column":19},"end":{"line":33,"column":20}},"loc":{"start":{"line":33,"column":33},"end":{"line":35,"column":1}},"line":33},"3":{"name":"(anonymous_3)","decl":{"start":{"line":37,"column":20},"end":{"line":37,"column":21}},"loc":{"start":{"line":37,"column":40},"end":{"line":40,"column":1}},"line":37}},"branchMap":{},"s":{"0":1,"1":1,"2":1,"3":1,"4":1,"5":1,"6":1,"7":1,"8":1,"9":1,"10":1,"11":1,"12":19,"13":19,"14":19,"15":19,"16":19,"17":19,"18":19,"19":19,"20":1,"21":1,"22":1,"23":1,"24":1,"25":1,"26":1,"27":1,"28":1,"29":1,"30":1,"31":1,"32":1,"33":1},"f":{"0":19,"1":19,"2":1,"3":1},"b":{},"_coverageSchema":"1a1c01bbd47fc00a2c39e90264f33305004495a9","hash":"3719076e929822c3f3d7519d67dadd66889e9b1c"}
,"/home/mahito/bloodbridge-soa/services/hospital-service/src/metrics.js": {"path":"/home/mahito/bloodbridge-soa/services/hospital-service/src/metrics.js","statementMap":{"0":{"start":{"line":1,"column":15},"end":{"line":1,"column":37}},"1":{"start":{"line":3,"column":17},"end":{"line":3,"column":38}},"2":{"start":{"line":4,"column":0},"end":{"line":4,"column":43}},"3":{"start":{"line":6,"column":21},"end":{"line":11,"column":2}},"4":{"start":{"line":13,"column":21},"end":{"line":19,"column":2}},"5":{"start":{"line":21,"column":26},"end":{"line":26,"column":2}},"6":{"start":{"line":28,"column":0},"end":{"line":33,"column":2}}},"fnMap":{},"branchMap":{},"s":{"0":1,"1":1,"2":1,"3":1,"4":1,"5":1,"6":1},"f":{},"b":{},"_coverageSchema":"1a1c01bbd47fc00a2c39e90264f33305004495a9","hash":"060bee1b23f19f8bc0ca8ccdca14fdf974831687"}
,"/home/mahito/bloodbridge-soa/services/hospital-service/src/controllers/bloodInventory.controller.js": {"path":"/home/mahito/bloodbridge-soa/services/hospital-service/src/controllers/bloodInventory.controller.js","statementMap":{"0":{"start":{"line":1,"column":28},"end":{"line":1,"column":69}},"1":{"start":{"line":2,"column":22},"end":{"line":2,"column":57}},"2":{"start":{"line":4,"column":34},"end":{"line":22,"column":1}},"3":{"start":{"line":5,"column":4},"end":{"line":21,"column":5}},"4":{"start":{"line":6,"column":31},"end":{"line":6,"column":41}},"5":{"start":{"line":9,"column":25},"end":{"line":9,"column":72}},"6":{"start":{"line":10,"column":8},"end":{"line":12,"column":9}},"7":{"start":{"line":11,"column":12},"end":{"line":11,"column":73}},"8":{"start":{"line":17,"column":26},"end":{"line":17,"column":93}},"9":{"start":{"line":18,"column":8},"end":{"line":18,"column":32}},"10":{"start":{"line":20,"column":8},"end":{"line":20,"column":20}},"11":{"start":{"line":24,"column":35},"end":{"line":48,"column":1}},"12":{"start":{"line":25,"column":4},"end":{"line":47,"column":5}},"13":{"start":{"line":26,"column":42},"end":{"line":26,"column":52}},"14":{"start":{"line":27,"column":50},"end":{"line":27,"column":58}},"15":{"start":{"line":30,"column":8},"end":{"line":32,"column":9}},"16":{"start":{"line":31,"column":12},"end":{"line":31,"column":85}},"17":{"start":{"line":34,"column":26},"end":{"line":39,"column":9}},"18":{"start":{"line":41,"column":8},"end":{"line":44,"column":11}},"19":{"start":{"line":46,"column":8},"end":{"line":46,"column":20}},"20":{"start":{"line":50,"column":31},"end":{"line":75,"column":1}},"21":{"start":{"line":51,"column":4},"end":{"line":74,"column":5}},"22":{"start":{"line":52,"column":42},"end":{"line":52,"column":52}},"23":{"start":{"line":53,"column":26},"end":{"line":53,"column":34}},"24":{"start":{"line":55,"column":8},"end":{"line":57,"column":9}},"25":{"start":{"line":56,"column":12},"end":{"line":56,"column":75}},"26":{"start":{"line":59,"column":26},"end":{"line":63,"column":9}},"27":{"start":{"line":65,"column":8},"end":{"line":68,"column":11}},"28":{"start":{"line":70,"column":8},"end":{"line":72,"column":9}},"29":{"start":{"line":71,"column":12},"end":{"line":71,"column":66}},"30":{"start":{"line":73,"column":8},"end":{"line":73,"column":20}},"31":{"start":{"line":77,"column":32},"end":{"line":102,"column":1}},"32":{"start":{"line":78,"column":4},"end":{"line":101,"column":5}},"33":{"start":{"line":79,"column":42},"end":{"line":79,"column":52}},"34":{"start":{"line":80,"column":26},"end":{"line":80,"column":34}},"35":{"start":{"line":82,"column":8},"end":{"line":84,"column":9}},"36":{"start":{"line":83,"column":12},"end":{"line":83,"column":75}},"37":{"start":{"line":86,"column":26},"end":{"line":90,"column":9}},"38":{"start":{"line":92,"column":8},"end":{"line":95,"column":11}},"39":{"start":{"line":97,"column":8},"end":{"line":99,"column":9}},"40":{"start":{"line":98,"column":12},"end":{"line":98,"column":66}},"41":{"start":{"line":100,"column":8},"end":{"line":100,"column":20}},"42":{"start":{"line":104,"column":34},"end":{"line":129,"column":1}},"43":{"start":{"line":105,"column":4},"end":{"line":128,"column":5}},"44":{"start":{"line":106,"column":42},"end":{"line":106,"column":52}},"45":{"start":{"line":107,"column":26},"end":{"line":107,"column":34}},"46":{"start":{"line":109,"column":8},"end":{"line":111,"column":9}},"47":{"start":{"line":110,"column":12},"end":{"line":110,"column":75}},"48":{"start":{"line":113,"column":26},"end":{"line":117,"column":9}},"49":{"start":{"line":119,"column":8},"end":{"line":122,"column":11}},"50":{"start":{"line":124,"column":8},"end":{"line":126,"column":9}},"51":{"start":{"line":125,"column":12},"end":{"line":125,"column":66}},"52":{"start":{"line":127,"column":8},"end":{"line":127,"column":20}},"53":{"start":{"line":131,"column":0},"end":{"line":137,"column":2}}},"fnMap":{"0":{"name":"(anonymous_0)","decl":{"start":{"line":4,"column":34},"end":{"line":4,"column":35}},"loc":{"start":{"line":4,"column":60},"end":{"line":22,"column":1}},"line":4},"1":{"name":"(anonymous_1)","decl":{"start":{"line":24,"column":35},"end":{"line":24,"column":36}},"loc":{"start":{"line":24,"column":61},"end":{"line":48,"column":1}},"line":24},"2":{"name":"(anonymous_2)","decl":{"start":{"line":50,"column":31},"end":{"line":50,"column":32}},"loc":{"start":{"line":50,"column":57},"end":{"line":75,"column":1}},"line":50},"3":{"name":"(anonymous_3)","decl":{"start":{"line":77,"column":32},"end":{"line":77,"column":33}},"loc":{"start":{"line":77,"column":58},"end":{"line":102,"column":1}},"line":77},"4":{"name":"(anonymous_4)","decl":{"start":{"line":104,"column":34},"end":{"line":104,"column":35}},"loc":{"start":{"line":104,"column":60},"end":{"line":129,"column":1}},"line":104}},"branchMap":{"0":{"loc":{"start":{"line":10,"column":8},"end":{"line":12,"column":9}},"type":"if","locations":[{"start":{"line":10,"column":8},"end":{"line":12,"column":9}},{"start":{},"end":{}}],"line":10},"1":{"loc":{"start":{"line":30,"column":8},"end":{"line":32,"column":9}},"type":"if","locations":[{"start":{"line":30,"column":8},"end":{"line":32,"column":9}},{"start":{},"end":{}}],"line":30},"2":{"loc":{"start":{"line":30,"column":12},"end":{"line":30,"column":51}},"type":"binary-expr","locations":[{"start":{"line":30,"column":12},"end":{"line":30,"column":30}},{"start":{"line":30,"column":34},"end":{"line":30,"column":51}}],"line":30},"3":{"loc":{"start":{"line":55,"column":8},"end":{"line":57,"column":9}},"type":"if","locations":[{"start":{"line":55,"column":8},"end":{"line":57,"column":9}},{"start":{},"end":{}}],"line":55},"4":{"loc":{"start":{"line":55,"column":12},"end":{"line":55,"column":32}},"type":"binary-expr","locations":[{"start":{"line":55,"column":12},"end":{"line":55,"column":18}},{"start":{"line":55,"column":22},"end":{"line":55,"column":32}}],"line":55},"5":{"loc":{"start":{"line":70,"column":8},"end":{"line":72,"column":9}},"type":"if","locations":[{"start":{"line":70,"column":8},"end":{"line":72,"column":9}},{"start":{},"end":{}}],"line":70},"6":{"loc":{"start":{"line":82,"column":8},"end":{"line":84,"column":9}},"type":"if","locations":[{"start":{"line":82,"column":8},"end":{"line":84,"column":9}},{"start":{},"end":{}}],"line":82},"7":{"loc":{"start":{"line":82,"column":12},"end":{"line":82,"column":32}},"type":"binary-expr","locations":[{"start":{"line":82,"column":12},"end":{"line":82,"column":18}},{"start":{"line":82,"column":22},"end":{"line":82,"column":32}}],"line":82},"8":{"loc":{"start":{"line":97,"column":8},"end":{"line":99,"column":9}},"type":"if","locations":[{"start":{"line":97,"column":8},"end":{"line":99,"column":9}},{"start":{},"end":{}}],"line":97},"9":{"loc":{"start":{"line":109,"column":8},"end":{"line":111,"column":9}},"type":"if","locations":[{"start":{"line":109,"column":8},"end":{"line":111,"column":9}},{"start":{},"end":{}}],"line":109},"10":{"loc":{"start":{"line":109,"column":12},"end":{"line":109,"column":32}},"type":"binary-expr","locations":[{"start":{"line":109,"column":12},"end":{"line":109,"column":18}},{"start":{"line":109,"column":22},"end":{"line":109,"column":32}}],"line":109},"11":{"loc":{"start":{"line":124,"column":8},"end":{"line":126,"column":9}},"type":"if","locations":[{"start":{"line":124,"column":8},"end":{"line":126,"column":9}},{"start":{},"end":{}}],"line":124}},"s":{"0":1,"1":1,"2":1,"3":2,"4":2,"5":2,"6":2,"7":1,"8":1,"9":1,"10":0,"11":1,"12":1,"13":1,"14":1,"15":1,"16":0,"17":1,"18":1,"19":0,"20":1,"21":3,"22":3,"23":3,"24":3,"25":1,"26":2,"27":1,"28":1,"29":1,"30":0,"31":1,"32":3,"33":3,"34":3,"35":3,"36":1,"37":2,"38":1,"39":1,"40":1,"41":0,"42":1,"43":3,"44":3,"45":3,"46":3,"47":1,"48":2,"49":1,"50":1,"51":1,"52":0,"53":1},"f":{"0":2,"1":1,"2":3,"3":3,"4":3},"b":{"0":[1,1],"1":[0,1],"2":[1,1],"3":[1,2],"4":[3,2],"5":[1,0],"6":[1,2],"7":[3,3],"8":[1,0],"9":[1,2],"10":[3,2],"11":[1,0]},"_coverageSchema":"1a1c01bbd47fc00a2c39e90264f33305004495a9","hash":"d8ee6f42045a99aca4697a7548a35302788d2aa4"}
,"/home/mahito/bloodbridge-soa/services/hospital-service/src/controllers/hospital.controller.js": {"path":"/home/mahito/bloodbridge-soa/services/hospital-service/src/controllers/hospital.controller.js","statementMap":{"0":{"start":{"line":1,"column":13},"end":{"line":1,"column":36}},"1":{"start":{"line":3,"column":22},"end":{"line":10,"column":1}},"2":{"start":{"line":4,"column":4},"end":{"line":9,"column":5}},"3":{"start":{"line":5,"column":23},"end":{"line":5,"column":153}},"4":{"start":{"line":6,"column":8},"end":{"line":6,"column":45}},"5":{"start":{"line":8,"column":8},"end":{"line":8,"column":20}},"6":{"start":{"line":12,"column":20},"end":{"line":28,"column":1}},"7":{"start":{"line":13,"column":4},"end":{"line":27,"column":5}},"8":{"start":{"line":14,"column":23},"end":{"line":14,"column":33}},"9":{"start":{"line":15,"column":23},"end":{"line":18,"column":9}},"10":{"start":{"line":20,"column":8},"end":{"line":22,"column":9}},"11":{"start":{"line":21,"column":12},"end":{"line":21,"column":73}},"12":{"start":{"line":24,"column":8},"end":{"line":24,"column":47}},"13":{"start":{"line":26,"column":8},"end":{"line":26,"column":20}},"14":{"start":{"line":30,"column":23},"end":{"line":45,"column":1}},"15":{"start":{"line":31,"column":4},"end":{"line":44,"column":5}},"16":{"start":{"line":32,"column":75},"end":{"line":32,"column":83}},"17":{"start":{"line":34,"column":23},"end":{"line":39,"column":9}},"18":{"start":{"line":41,"column":8},"end":{"line":41,"column":88}},"19":{"start":{"line":43,"column":8},"end":{"line":43,"column":20}},"20":{"start":{"line":47,"column":23},"end":{"line":74,"column":1}},"21":{"start":{"line":48,"column":4},"end":{"line":73,"column":5}},"22":{"start":{"line":49,"column":23},"end":{"line":49,"column":33}},"23":{"start":{"line":50,"column":75},"end":{"line":50,"column":83}},"24":{"start":{"line":52,"column":23},"end":{"line":64,"column":9}},"25":{"start":{"line":66,"column":8},"end":{"line":68,"column":9}},"26":{"start":{"line":67,"column":12},"end":{"line":67,"column":73}},"27":{"start":{"line":70,"column":8},"end":{"line":70,"column":76}},"28":{"start":{"line":72,"column":8},"end":{"line":72,"column":20}},"29":{"start":{"line":76,"column":22},"end":{"line":94,"column":1}},"30":{"start":{"line":77,"column":4},"end":{"line":93,"column":5}},"31":{"start":{"line":78,"column":22},"end":{"line":78,"column":37}},"32":{"start":{"line":79,"column":8},"end":{"line":79,"column":75}},"33":{"start":{"line":79,"column":20},"end":{"line":79,"column":75}},"34":{"start":{"line":81,"column":23},"end":{"line":84,"column":9}},"35":{"start":{"line":86,"column":8},"end":{"line":88,"column":9}},"36":{"start":{"line":87,"column":12},"end":{"line":87,"column":81}},"37":{"start":{"line":90,"column":8},"end":{"line":90,"column":47}},"38":{"start":{"line":92,"column":8},"end":{"line":92,"column":20}},"39":{"start":{"line":96,"column":0},"end":{"line":96,"column":95}}},"fnMap":{"0":{"name":"(anonymous_0)","decl":{"start":{"line":3,"column":22},"end":{"line":3,"column":23}},"loc":{"start":{"line":3,"column":48},"end":{"line":10,"column":1}},"line":3},"1":{"name":"(anonymous_1)","decl":{"start":{"line":12,"column":20},"end":{"line":12,"column":21}},"loc":{"start":{"line":12,"column":46},"end":{"line":28,"column":1}},"line":12},"2":{"name":"(anonymous_2)","decl":{"start":{"line":30,"column":23},"end":{"line":30,"column":24}},"loc":{"start":{"line":30,"column":49},"end":{"line":45,"column":1}},"line":30},"3":{"name":"(anonymous_3)","decl":{"start":{"line":47,"column":23},"end":{"line":47,"column":24}},"loc":{"start":{"line":47,"column":49},"end":{"line":74,"column":1}},"line":47},"4":{"name":"(anonymous_4)","decl":{"start":{"line":76,"column":22},"end":{"line":76,"column":23}},"loc":{"start":{"line":76,"column":48},"end":{"line":94,"column":1}},"line":76}},"branchMap":{"0":{"loc":{"start":{"line":20,"column":8},"end":{"line":22,"column":9}},"type":"if","locations":[{"start":{"line":20,"column":8},"end":{"line":22,"column":9}},{"start":{},"end":{}}],"line":20},"1":{"loc":{"start":{"line":66,"column":8},"end":{"line":68,"column":9}},"type":"if","locations":[{"start":{"line":66,"column":8},"end":{"line":68,"column":9}},{"start":{},"end":{}}],"line":66},"2":{"loc":{"start":{"line":79,"column":8},"end":{"line":79,"column":75}},"type":"if","locations":[{"start":{"line":79,"column":8},"end":{"line":79,"column":75}},{"start":{},"end":{}}],"line":79},"3":{"loc":{"start":{"line":86,"column":8},"end":{"line":88,"column":9}},"type":"if","locations":[{"start":{"line":86,"column":8},"end":{"line":88,"column":9}},{"start":{},"end":{}}],"line":86}},"s":{"0":1,"1":1,"2":1,"3":1,"4":1,"5":0,"6":1,"7":1,"8":1,"9":1,"10":1,"11":0,"12":1,"13":0,"14":1,"15":0,"16":0,"17":0,"18":0,"19":0,"20":1,"21":0,"22":0,"23":0,"24":0,"25":0,"26":0,"27":0,"28":0,"29":1,"30":0,"31":0,"32":0,"33":0,"34":0,"35":0,"36":0,"37":0,"38":0,"39":1},"f":{"0":1,"1":1,"2":0,"3":0,"4":0},"b":{"0":[0,1],"1":[0,0],"2":[0,0],"3":[0,0]},"_coverageSchema":"1a1c01bbd47fc00a2c39e90264f33305004495a9","hash":"3df65f2baffc3c83eed64eef0e2f14800f2bb8ae"}
,"/home/mahito/bloodbridge-soa/services/hospital-service/src/docs/swagger.js": {"path":"/home/mahito/bloodbridge-soa/services/hospital-service/src/docs/swagger.js","statementMap":{"0":{"start":{"line":1,"column":0},"end":{"line":46,"column":2}}},"fnMap":{},"branchMap":{},"s":{"0":1},"f":{},"b":{},"_coverageSchema":"1a1c01bbd47fc00a2c39e90264f33305004495a9","hash":"6b09189bc99f2bf4be51e6998294a500b8ea80f0"}
,"/home/mahito/bloodbridge-soa/services/hospital-service/src/middleware/auth.middleware.js": {"path":"/home/mahito/bloodbridge-soa/services/hospital-service/src/middleware/auth.middleware.js","statementMap":{"0":{"start":{"line":1,"column":12},"end":{"line":1,"column":35}},"1":{"start":{"line":2,"column":13},"end":{"line":2,"column":36}},"2":{"start":{"line":4,"column":20},"end":{"line":21,"column":1}},"3":{"start":{"line":5,"column":18},"end":{"line":5,"column":58}},"4":{"start":{"line":6,"column":4},"end":{"line":6,"column":76}},"5":{"start":{"line":6,"column":16},"end":{"line":6,"column":76}},"6":{"start":{"line":8,"column":4},"end":{"line":20,"column":5}},"7":{"start":{"line":9,"column":24},"end":{"line":9,"column":81}},"8":{"start":{"line":10,"column":27},"end":{"line":12,"column":9}},"9":{"start":{"line":13,"column":8},"end":{"line":15,"column":9}},"10":{"start":{"line":14,"column":12},"end":{"line":14,"column":69}},"11":{"start":{"line":16,"column":8},"end":{"line":16,"column":38}},"12":{"start":{"line":17,"column":8},"end":{"line":17,"column":15}},"13":{"start":{"line":19,"column":8},"end":{"line":19,"column":57}},"14":{"start":{"line":23,"column":0},"end":{"line":23,"column":33}}},"fnMap":{"0":{"name":"(anonymous_0)","decl":{"start":{"line":4,"column":20},"end":{"line":4,"column":21}},"loc":{"start":{"line":4,"column":46},"end":{"line":21,"column":1}},"line":4}},"branchMap":{"0":{"loc":{"start":{"line":6,"column":4},"end":{"line":6,"column":76}},"type":"if","locations":[{"start":{"line":6,"column":4},"end":{"line":6,"column":76}},{"start":{},"end":{}}],"line":6},"1":{"loc":{"start":{"line":9,"column":42},"end":{"line":9,"column":80}},"type":"binary-expr","locations":[{"start":{"line":9,"column":42},"end":{"line":9,"column":64}},{"start":{"line":9,"column":68},"end":{"line":9,"column":80}}],"line":9},"2":{"loc":{"start":{"line":13,"column":8},"end":{"line":15,"column":9}},"type":"if","locations":[{"start":{"line":13,"column":8},"end":{"line":15,"column":9}},{"start":{},"end":{}}],"line":13}},"s":{"0":1,"1":1,"2":1,"3":2,"4":2,"5":0,"6":2,"7":2,"8":2,"9":2,"10":2,"11":0,"12":0,"13":0,"14":1},"f":{"0":2},"b":{"0":[0,2],"1":[2,2],"2":[2,0]},"_coverageSchema":"1a1c01bbd47fc00a2c39e90264f33305004495a9","hash":"2a0dc60079fe4fb81747830589a0d111953da3e2"}
,"/home/mahito/bloodbridge-soa/services/hospital-service/src/middleware/error.middleware.js": {"path":"/home/mahito/bloodbridge-soa/services/hospital-service/src/middleware/error.middleware.js","statementMap":{"0":{"start":{"line":1,"column":27},"end":{"line":3,"column":1}},"1":{"start":{"line":2,"column":4},"end":{"line":2,"column":89}},"2":{"start":{"line":5,"column":24},"end":{"line":7,"column":1}},"3":{"start":{"line":6,"column":4},"end":{"line":6,"column":90}},"4":{"start":{"line":9,"column":0},"end":{"line":9,"column":57}}},"fnMap":{"0":{"name":"(anonymous_0)","decl":{"start":{"line":1,"column":27},"end":{"line":1,"column":28}},"loc":{"start":{"line":1,"column":41},"end":{"line":3,"column":1}},"line":1},"1":{"name":"(anonymous_1)","decl":{"start":{"line":5,"column":24},"end":{"line":5,"column":25}},"loc":{"start":{"line":5,"column":49},"end":{"line":7,"column":1}},"line":5}},"branchMap":{"0":{"loc":{"start":{"line":6,"column":15},"end":{"line":6,"column":32}},"type":"binary-expr","locations":[{"start":{"line":6,"column":15},"end":{"line":6,"column":25}},{"start":{"line":6,"column":29},"end":{"line":6,"column":32}}],"line":6},"1":{"loc":{"start":{"line":6,"column":48},"end":{"line":6,"column":86}},"type":"binary-expr","locations":[{"start":{"line":6,"column":48},"end":{"line":6,"column":59}},{"start":{"line":6,"column":63},"end":{"line":6,"column":86}}],"line":6}},"s":{"0":1,"1":0,"2":1,"3":0,"4":1},"f":{"0":0,"1":0},"b":{"0":[0,0],"1":[0,0]},"_coverageSchema":"1a1c01bbd47fc00a2c39e90264f33305004495a9","hash":"12702a77458f8587f40b536f8c1500f9fbe35eed"}
,"/home/mahito/bloodbridge-soa/services/hospital-service/src/models/bloodInventory.model.js": {"path":"/home/mahito/bloodbridge-soa/services/hospital-service/src/models/bloodInventory.model.js","statementMap":{"0":{"start":{"line":1,"column":13},"end":{"line":1,"column":36}},"1":{"start":{"line":3,"column":38},"end":{"line":6,"column":1}},"2":{"start":{"line":4,"column":19},"end":{"line":4,"column":147}},"3":{"start":{"line":5,"column":4},"end":{"line":5,"column":23}},"4":{"start":{"line":8,"column":29},"end":{"line":18,"column":1}},"5":{"start":{"line":9,"column":19},"end":{"line":16,"column":5}},"6":{"start":{"line":17,"column":4},"end":{"line":17,"column":26}},"7":{"start":{"line":20,"column":26},"end":{"line":32,"column":1}},"8":{"start":{"line":21,"column":19},"end":{"line":27,"column":5}},"9":{"start":{"line":28,"column":4},"end":{"line":30,"column":5}},"10":{"start":{"line":29,"column":8},"end":{"line":29,"column":62}},"11":{"start":{"line":31,"column":4},"end":{"line":31,"column":26}},"12":{"start":{"line":34,"column":26},"end":{"line":46,"column":1}},"13":{"start":{"line":35,"column":19},"end":{"line":41,"column":5}},"14":{"start":{"line":42,"column":4},"end":{"line":44,"column":5}},"15":{"start":{"line":43,"column":8},"end":{"line":43,"column":67}},"16":{"start":{"line":45,"column":4},"end":{"line":45,"column":26}},"17":{"start":{"line":48,"column":26},"end":{"line":60,"column":1}},"18":{"start":{"line":49,"column":19},"end":{"line":55,"column":5}},"19":{"start":{"line":56,"column":4},"end":{"line":58,"column":5}},"20":{"start":{"line":57,"column":8},"end":{"line":57,"column":66}},"21":{"start":{"line":59,"column":4},"end":{"line":59,"column":26}},"22":{"start":{"line":62,"column":0},"end":{"line":68,"column":2}}},"fnMap":{"0":{"name":"(anonymous_0)","decl":{"start":{"line":3,"column":38},"end":{"line":3,"column":39}},"loc":{"start":{"line":3,"column":60},"end":{"line":6,"column":1}},"line":3},"1":{"name":"(anonymous_1)","decl":{"start":{"line":8,"column":29},"end":{"line":8,"column":30}},"loc":{"start":{"line":8,"column":93},"end":{"line":18,"column":1}},"line":8},"2":{"name":"(anonymous_2)","decl":{"start":{"line":20,"column":26},"end":{"line":20,"column":27}},"loc":{"start":{"line":20,"column":66},"end":{"line":32,"column":1}},"line":20},"3":{"name":"(anonymous_3)","decl":{"start":{"line":34,"column":26},"end":{"line":34,"column":27}},"loc":{"start":{"line":34,"column":66},"end":{"line":46,"column":1}},"line":34},"4":{"name":"(anonymous_4)","decl":{"start":{"line":48,"column":26},"end":{"line":48,"column":27}},"loc":{"start":{"line":48,"column":66},"end":{"line":60,"column":1}},"line":48}},"branchMap":{"0":{"loc":{"start":{"line":28,"column":4},"end":{"line":30,"column":5}},"type":"if","locations":[{"start":{"line":28,"column":4},"end":{"line":30,"column":5}},{"start":{},"end":{}}],"line":28},"1":{"loc":{"start":{"line":42,"column":4},"end":{"line":44,"column":5}},"type":"if","locations":[{"start":{"line":42,"column":4},"end":{"line":44,"column":5}},{"start":{},"end":{}}],"line":42},"2":{"loc":{"start":{"line":56,"column":4},"end":{"line":58,"column":5}},"type":"if","locations":[{"start":{"line":56,"column":4},"end":{"line":58,"column":5}},{"start":{},"end":{}}],"line":56}},"s":{"0":1,"1":1,"2":1,"3":1,"4":1,"5":1,"6":1,"7":1,"8":2,"9":2,"10":1,"11":1,"12":1,"13":2,"14":2,"15":1,"16":1,"17":1,"18":2,"19":2,"20":1,"21":1,"22":1},"f":{"0":1,"1":1,"2":2,"3":2,"4":2},"b":{"0":[1,1],"1":[1,1],"2":[1,1]},"_coverageSchema":"1a1c01bbd47fc00a2c39e90264f33305004495a9","hash":"38b00e76d6a7ad4512d074563dc3847324e63781"}
,"/home/mahito/bloodbridge-soa/services/hospital-service/src/models/hospital.model.js": {"path":"/home/mahito/bloodbridge-soa/services/hospital-service/src/models/hospital.model.js","statementMap":{"0":{"start":{"line":1,"column":13},"end":{"line":1,"column":36}},"1":{"start":{"line":3,"column":24},"end":{"line":6,"column":1}},"2":{"start":{"line":4,"column":19},"end":{"line":4,"column":159}},"3":{"start":{"line":5,"column":4},"end":{"line":5,"column":34}},"4":{"start":{"line":8,"column":0},"end":{"line":8,"column":37}}},"fnMap":{"0":{"name":"(anonymous_0)","decl":{"start":{"line":3,"column":24},"end":{"line":3,"column":25}},"loc":{"start":{"line":3,"column":46},"end":{"line":6,"column":1}},"line":3}},"branchMap":{"0":{"loc":{"start":{"line":5,"column":11},"end":{"line":5,"column":33}},"type":"binary-expr","locations":[{"start":{"line":5,"column":11},"end":{"line":5,"column":25}},{"start":{"line":5,"column":29},"end":{"line":5,"column":33}}],"line":5}},"s":{"0":1,"1":1,"2":2,"3":2,"4":1},"f":{"0":2},"b":{"0":[2,1]},"_coverageSchema":"1a1c01bbd47fc00a2c39e90264f33305004495a9","hash":"03293f0f620d91f0bae7e8ff5f30cf4564ec2f17"}
,"/home/mahito/bloodbridge-soa/services/hospital-service/src/routes/bloodInventory.routes.js": {"path":"/home/mahito/bloodbridge-soa/services/hospital-service/src/routes/bloodInventory.routes.js","statementMap":{"0":{"start":{"line":1,"column":15},"end":{"line":1,"column":42}},"1":{"start":{"line":8,"column":4},"end":{"line":8,"column":55}},"2":{"start":{"line":9,"column":75},"end":{"line":9,"column":124}},"3":{"start":{"line":12,"column":0},"end":{"line":12,"column":84}},"4":{"start":{"line":15,"column":0},"end":{"line":20,"column":2}},"5":{"start":{"line":23,"column":0},"end":{"line":27,"column":2}},"6":{"start":{"line":30,"column":0},"end":{"line":34,"column":2}},"7":{"start":{"line":37,"column":0},"end":{"line":41,"column":2}},"8":{"start":{"line":43,"column":0},"end":{"line":43,"column":24}}},"fnMap":{},"branchMap":{},"s":{"0":1,"1":1,"2":1,"3":1,"4":1,"5":1,"6":1,"7":1,"8":1},"f":{},"b":{},"_coverageSchema":"1a1c01bbd47fc00a2c39e90264f33305004495a9","hash":"e60208fb7567e23ad9cf3bd7547dec75b28d7cad"}
,"/home/mahito/bloodbridge-soa/services/hospital-service/src/routes/hospital.routes.js": {"path":"/home/mahito/bloodbridge-soa/services/hospital-service/src/routes/hospital.routes.js","statementMap":{"0":{"start":{"line":1,"column":15},"end":{"line":1,"column":42}},"1":{"start":{"line":2,"column":86},"end":{"line":2,"column":131}},"2":{"start":{"line":3,"column":29},"end":{"line":3,"column":72}},"3":{"start":{"line":4,"column":24},"end":{"line":4,"column":64}},"4":{"start":{"line":6,"column":0},"end":{"line":6,"column":64}},"5":{"start":{"line":7,"column":0},"end":{"line":7,"column":66}},"6":{"start":{"line":9,"column":0},"end":{"line":9,"column":31}},"7":{"start":{"line":10,"column":0},"end":{"line":10,"column":32}},"8":{"start":{"line":11,"column":0},"end":{"line":11,"column":46}},"9":{"start":{"line":13,"column":0},"end":{"line":13,"column":24}}},"fnMap":{},"branchMap":{},"s":{"0":1,"1":1,"2":1,"3":1,"4":1,"5":1,"6":1,"7":1,"8":1,"9":1},"f":{},"b":{},"_coverageSchema":"1a1c01bbd47fc00a2c39e90264f33305004495a9","hash":"712f464d205ad8b583304c06537a01d9e516c781"}
,"/home/mahito/bloodbridge-soa/services/hospital-service/src/validators/bloodInventory.validator.js": {"path":"/home/mahito/bloodbridge-soa/services/hospital-service/src/validators/bloodInventory.validator.js","statementMap":{"0":{"start":{"line":1,"column":14},"end":{"line":1,"column":28}},"1":{"start":{"line":3,"column":25},"end":{"line":3,"column":83}},"2":{"start":{"line":5,"column":24},"end":{"line":7,"column":2}},"3":{"start":{"line":9,"column":27},"end":{"line":15,"column":1}},"4":{"start":{"line":10,"column":19},"end":{"line":10,"column":68}},"5":{"start":{"line":11,"column":4},"end":{"line":13,"column":5}},"6":{"start":{"line":12,"column":8},"end":{"line":12,"column":115}},"7":{"start":{"line":14,"column":4},"end":{"line":14,"column":11}},"8":{"start":{"line":17,"column":26},"end":{"line":23,"column":1}},"9":{"start":{"line":18,"column":19},"end":{"line":18,"column":66}},"10":{"start":{"line":19,"column":4},"end":{"line":21,"column":5}},"11":{"start":{"line":20,"column":8},"end":{"line":20,"column":114}},"12":{"start":{"line":22,"column":4},"end":{"line":22,"column":11}},"13":{"start":{"line":25,"column":30},"end":{"line":28,"column":2}},"14":{"start":{"line":30,"column":32},"end":{"line":37,"column":1}},"15":{"start":{"line":31,"column":19},"end":{"line":31,"column":60}},"16":{"start":{"line":32,"column":4},"end":{"line":34,"column":5}},"17":{"start":{"line":33,"column":8},"end":{"line":33,"column":113}},"18":{"start":{"line":35,"column":4},"end":{"line":35,"column":27}},"19":{"start":{"line":36,"column":4},"end":{"line":36,"column":11}},"20":{"start":{"line":39,"column":0},"end":{"line":43,"column":2}}},"fnMap":{"0":{"name":"(anonymous_0)","decl":{"start":{"line":9,"column":27},"end":{"line":9,"column":28}},"loc":{"start":{"line":9,"column":47},"end":{"line":15,"column":1}},"line":9},"1":{"name":"(anonymous_1)","decl":{"start":{"line":17,"column":26},"end":{"line":17,"column":27}},"loc":{"start":{"line":17,"column":46},"end":{"line":23,"column":1}},"line":17},"2":{"name":"(anonymous_2)","decl":{"start":{"line":30,"column":32},"end":{"line":30,"column":33}},"loc":{"start":{"line":30,"column":52},"end":{"line":37,"column":1}},"line":30}},"branchMap":{"0":{"loc":{"start":{"line":11,"column":4},"end":{"line":13,"column":5}},"type":"if","locations":[{"start":{"line":11,"column":4},"end":{"line":13,"column":5}},{"start":{},"end":{}}],"line":11},"1":{"loc":{"start":{"line":19,"column":4},"end":{"line":21,"column":5}},"type":"if","locations":[{"start":{"line":19,"column":4},"end":{"line":21,"column":5}},{"start":{},"end":{}}],"line":19},"2":{"loc":{"start":{"line":32,"column":4},"end":{"line":34,"column":5}},"type":"if","locations":[{"start":{"line":32,"column":4},"end":{"line":34,"column":5}},{"start":{},"end":{}}],"line":32}},"s":{"0":1,"1":1,"2":1,"3":1,"4":13,"5":13,"6":0,"7":13,"8":1,"9":11,"10":11,"11":0,"12":11,"13":1,"14":1,"15":2,"16":2,"17":1,"18":1,"19":1,"20":1},"f":{"0":13,"1":11,"2":2},"b":{"0":[0,13],"1":[0,11],"2":[1,1]},"_coverageSchema":"1a1c01bbd47fc00a2c39e90264f33305004495a9","hash":"66c8b308ab829da32a7e3c863557e65166cfaa13"}
,"/home/mahito/bloodbridge-soa/services/hospital-service/src/validators/hospital.validator.js": {"path":"/home/mahito/bloodbridge-soa/services/hospital-service/src/validators/hospital.validator.js","statementMap":{"0":{"start":{"line":1,"column":14},"end":{"line":1,"column":28}},"1":{"start":{"line":3,"column":23},"end":{"line":11,"column":2}},"2":{"start":{"line":13,"column":25},"end":{"line":20,"column":1}},"3":{"start":{"line":14,"column":19},"end":{"line":14,"column":53}},"4":{"start":{"line":15,"column":4},"end":{"line":17,"column":5}},"5":{"start":{"line":16,"column":8},"end":{"line":16,"column":113}},"6":{"start":{"line":18,"column":4},"end":{"line":18,"column":27}},"7":{"start":{"line":19,"column":4},"end":{"line":19,"column":11}},"8":{"start":{"line":22,"column":0},"end":{"line":22,"column":38}}},"fnMap":{"0":{"name":"(anonymous_0)","decl":{"start":{"line":13,"column":25},"end":{"line":13,"column":26}},"loc":{"start":{"line":13,"column":45},"end":{"line":20,"column":1}},"line":13}},"branchMap":{"0":{"loc":{"start":{"line":15,"column":4},"end":{"line":17,"column":5}},"type":"if","locations":[{"start":{"line":15,"column":4},"end":{"line":17,"column":5}},{"start":{},"end":{}}],"line":15}},"s":{"0":1,"1":1,"2":1,"3":0,"4":0,"5":0,"6":0,"7":0,"8":1},"f":{"0":0},"b":{"0":[0,0]},"_coverageSchema":"1a1c01bbd47fc00a2c39e90264f33305004495a9","hash":"3ce2784492b9f5de8efab0bf533edfc85389b923"}
}
