{"total": {"lines":{"total":231,"covered":189,"skipped":0,"pct":81.81},"statements":{"total":233,"covered":189,"skipped":0,"pct":81.11},"functions":{"total":27,"covered":21,"skipped":0,"pct":77.77},"branches":{"total":58,"covered":37,"skipped":0,"pct":63.79},"branchesTrue":{"total":0,"covered":0,"skipped":0,"pct":100}}
,"/home/mahito/bloodbridge-soa/services/hospital-service/src/app.js": {"lines":{"total":34,"covered":34,"skipped":0,"pct":100},"functions":{"total":4,"covered":4,"skipped":0,"pct":100},"statements":{"total":34,"covered":34,"skipped":0,"pct":100},"branches":{"total":0,"covered":0,"skipped":0,"pct":100}}
,"/home/mahito/bloodbridge-soa/services/hospital-service/src/metrics.js": {"lines":{"total":7,"covered":7,"skipped":0,"pct":100},"functions":{"total":0,"covered":0,"skipped":0,"pct":100},"statements":{"total":7,"covered":7,"skipped":0,"pct":100},"branches":{"total":0,"covered":0,"skipped":0,"pct":100}}
,"/home/mahito/bloodbridge-soa/services/hospital-service/src/controllers/bloodInventory.controller.js": {"lines":{"total":54,"covered":48,"skipped":0,"pct":88.88},"functions":{"total":5,"covered":5,"skipped":0,"pct":100},"statements":{"total":54,"covered":48,"skipped":0,"pct":88.88},"branches":{"total":24,"covered":20,"skipped":0,"pct":83.33}}
,"/home/mahito/bloodbridge-soa/services/hospital-service/src/controllers/hospital.controller.js": {"lines":{"total":39,"covered":15,"skipped":0,"pct":38.46},"functions":{"total":5,"covered":2,"skipped":0,"pct":40},"statements":{"total":40,"covered":15,"skipped":0,"pct":37.5},"branches":{"total":8,"covered":1,"skipped":0,"pct":12.5}}
,"/home/mahito/bloodbridge-soa/services/hospital-service/src/docs/swagger.js": {"lines":{"total":1,"covered":1,"skipped":0,"pct":100},"functions":{"total":0,"covered":0,"skipped":0,"pct":100},"statements":{"total":1,"covered":1,"skipped":0,"pct":100},"branches":{"total":0,"covered":0,"skipped":0,"pct":100}}
,"/home/mahito/bloodbridge-soa/services/hospital-service/src/middleware/auth.middleware.js": {"lines":{"total":14,"covered":11,"skipped":0,"pct":78.57},"functions":{"total":1,"covered":1,"skipped":0,"pct":100},"statements":{"total":15,"covered":11,"skipped":0,"pct":73.33},"branches":{"total":6,"covered":4,"skipped":0,"pct":66.66}}
,"/home/mahito/bloodbridge-soa/services/hospital-service/src/middleware/error.middleware.js": {"lines":{"total":5,"covered":3,"skipped":0,"pct":60},"functions":{"total":2,"covered":0,"skipped":0,"pct":0},"statements":{"total":5,"covered":3,"skipped":0,"pct":60},"branches":{"total":4,"covered":0,"skipped":0,"pct":0}}
,"/home/mahito/bloodbridge-soa/services/hospital-service/src/models/bloodInventory.model.js": {"lines":{"total":23,"covered":23,"skipped":0,"pct":100},"functions":{"total":5,"covered":5,"skipped":0,"pct":100},"statements":{"total":23,"covered":23,"skipped":0,"pct":100},"branches":{"total":6,"covered":6,"skipped":0,"pct":100}}
,"/home/mahito/bloodbridge-soa/services/hospital-service/src/models/hospital.model.js": {"lines":{"total":5,"covered":5,"skipped":0,"pct":100},"functions":{"total":1,"covered":1,"skipped":0,"pct":100},"statements":{"total":5,"covered":5,"skipped":0,"pct":100},"branches":{"total":2,"covered":2,"skipped":0,"pct":100}}
,"/home/mahito/bloodbridge-soa/services/hospital-service/src/routes/bloodInventory.routes.js": {"lines":{"total":9,"covered":9,"skipped":0,"pct":100},"functions":{"total":0,"covered":0,"skipped":0,"pct":100},"statements":{"total":9,"covered":9,"skipped":0,"pct":100},"branches":{"total":0,"covered":0,"skipped":0,"pct":100}}
,"/home/mahito/bloodbridge-soa/services/hospital-service/src/routes/hospital.routes.js": {"lines":{"total":10,"covered":10,"skipped":0,"pct":100},"functions":{"total":0,"covered":0,"skipped":0,"pct":100},"statements":{"total":10,"covered":10,"skipped":0,"pct":100},"branches":{"total":0,"covered":0,"skipped":0,"pct":100}}
,"/home/mahito/bloodbridge-soa/services/hospital-service/src/validators/bloodInventory.validator.js": {"lines":{"total":21,"covered":19,"skipped":0,"pct":90.47},"functions":{"total":3,"covered":3,"skipped":0,"pct":100},"statements":{"total":21,"covered":19,"skipped":0,"pct":90.47},"branches":{"total":6,"covered":4,"skipped":0,"pct":66.66}}
,"/home/mahito/bloodbridge-soa/services/hospital-service/src/validators/hospital.validator.js": {"lines":{"total":9,"covered":4,"skipped":0,"pct":44.44},"functions":{"total":1,"covered":0,"skipped":0,"pct":0},"statements":{"total":9,"covered":4,"skipped":0,"pct":44.44},"branches":{"total":2,"covered":0,"skipped":0,"pct":0}}
}
