TN:
SF:src/index.js
FN:16,(anonymous_0)
FN:28,(anonymous_1)
FN:33,(anonymous_2)
FN:53,(anonymous_3)
FN:54,(anonymous_4)
FN:60,(anonymous_5)
FN:61,(anonymous_6)
FN:68,(anonymous_7)
FN:69,(anonymous_8)
FNF:9
FNH:9
FNDA:5,(anonymous_0)
FNDA:1,(anonymous_1)
FNDA:1,(anonymous_2)
FNDA:2,(anonymous_3)
FNDA:2,(anonymous_4)
FNDA:1,(anonymous_5)
FNDA:1,(anonymous_6)
FNDA:1,(anonymous_7)
FNDA:1,(anonymous_8)
DA:1,1
DA:3,1
DA:4,1
DA:5,1
DA:7,1
DA:8,1
DA:9,1
DA:11,1
DA:13,1
DA:16,1
DA:17,5
DA:18,5
DA:19,5
DA:20,5
DA:21,5
DA:23,0
DA:28,1
DA:29,1
DA:33,1
DA:34,1
DA:35,1
DA:36,0
DA:38,1
DA:48,1
DA:49,1
DA:53,1
DA:54,2
DA:55,2
DA:56,1
DA:60,1
DA:61,1
DA:62,1
DA:63,1
DA:64,1
DA:68,1
DA:69,1
DA:70,1
DA:71,1
DA:72,1
DA:75,1
DA:80,1
LF:41
LH:39
BRDA:13,0,0,1
BRDA:13,0,1,1
BRDA:18,1,0,0
BRDA:18,1,1,5
BRDA:35,2,0,0
BRDA:35,2,1,1
BRDA:35,3,0,1
BRDA:35,3,1,1
BRDA:35,3,2,1
BRDA:35,3,3,1
BRDA:35,3,4,1
BRDA:35,3,5,1
BRDA:55,4,0,1
BRDA:55,4,1,1
BRDA:62,5,0,0
BRDA:62,5,1,1
BRDA:70,6,0,0
BRDA:70,6,1,1
BRDA:75,7,0,1
BRDA:75,7,1,1
BRF:20
BRH:16
end_of_record
