TN:
SF:src/app.js
FN:14,(anonymous_0)
FN:17,(anonymous_1)
FN:33,(anonymous_2)
FN:37,(anonymous_3)
FNF:4
FNH:4
FNDA:19,(anonymous_0)
FNDA:19,(anonymous_1)
FNDA:1,(anonymous_2)
FNDA:1,(anonymous_3)
DA:1,1
DA:2,1
DA:3,1
DA:4,1
DA:5,1
DA:6,1
DA:7,1
DA:8,1
DA:9,1
DA:11,1
DA:12,1
DA:14,1
DA:15,19
DA:16,19
DA:17,19
DA:18,19
DA:19,19
DA:20,19
DA:21,19
DA:23,19
DA:26,1
DA:27,1
DA:31,1
DA:33,1
DA:34,1
DA:37,1
DA:38,1
DA:39,1
DA:42,1
DA:43,1
DA:44,1
DA:46,1
DA:47,1
DA:49,1
LF:34
LH:34
BRF:0
BRH:0
end_of_record
TN:
SF:src/metrics.js
FNF:0
FNH:0
DA:1,1
DA:3,1
DA:4,1
DA:6,1
DA:13,1
DA:21,1
DA:28,1
LF:7
LH:7
BRF:0
BRH:0
end_of_record
TN:
SF:src/controllers/bloodInventory.controller.js
FN:4,(anonymous_0)
FN:24,(anonymous_1)
FN:50,(anonymous_2)
FN:77,(anonymous_3)
FN:104,(anonymous_4)
FNF:5
FNH:5
FNDA:2,(anonymous_0)
FNDA:1,(anonymous_1)
FNDA:3,(anonymous_2)
FNDA:3,(anonymous_3)
FNDA:3,(anonymous_4)
DA:1,1
DA:2,1
DA:4,1
DA:5,2
DA:6,2
DA:9,2
DA:10,2
DA:11,1
DA:17,1
DA:18,1
DA:20,0
DA:24,1
DA:25,1
DA:26,1
DA:27,1
DA:30,1
DA:31,0
DA:34,1
DA:41,1
DA:46,0
DA:50,1
DA:51,3
DA:52,3
DA:53,3
DA:55,3
DA:56,1
DA:59,2
DA:65,1
DA:70,1
DA:71,1
DA:73,0
DA:77,1
DA:78,3
DA:79,3
DA:80,3
DA:82,3
DA:83,1
DA:86,2
DA:92,1
DA:97,1
DA:98,1
DA:100,0
DA:104,1
DA:105,3
DA:106,3
DA:107,3
DA:109,3
DA:110,1
DA:113,2
DA:119,1
DA:124,1
DA:125,1
DA:127,0
DA:131,1
LF:54
LH:48
BRDA:10,0,0,1
BRDA:10,0,1,1
BRDA:30,1,0,0
BRDA:30,1,1,1
BRDA:30,2,0,1
BRDA:30,2,1,1
BRDA:55,3,0,1
BRDA:55,3,1,2
BRDA:55,4,0,3
BRDA:55,4,1,2
BRDA:70,5,0,1
BRDA:70,5,1,0
BRDA:82,6,0,1
BRDA:82,6,1,2
BRDA:82,7,0,3
BRDA:82,7,1,3
BRDA:97,8,0,1
BRDA:97,8,1,0
BRDA:109,9,0,1
BRDA:109,9,1,2
BRDA:109,10,0,3
BRDA:109,10,1,2
BRDA:124,11,0,1
BRDA:124,11,1,0
BRF:24
BRH:20
end_of_record
TN:
SF:src/controllers/hospital.controller.js
FN:3,(anonymous_0)
FN:12,(anonymous_1)
FN:30,(anonymous_2)
FN:47,(anonymous_3)
FNF:4
FNH:2
FNDA:1,(anonymous_0)
FNDA:1,(anonymous_1)
FNDA:0,(anonymous_2)
FNDA:0,(anonymous_3)
DA:1,1
DA:3,1
DA:4,1
DA:5,1
DA:6,1
DA:8,0
DA:12,1
DA:13,1
DA:14,1
DA:15,1
DA:20,1
DA:21,0
DA:24,1
DA:26,0
DA:30,1
DA:31,0
DA:32,0
DA:34,0
DA:41,0
DA:43,0
DA:47,1
DA:48,0
DA:49,0
DA:50,0
DA:52,0
DA:66,0
DA:67,0
DA:70,0
DA:72,0
DA:76,1
LF:30
LH:14
BRDA:20,0,0,0
BRDA:20,0,1,1
BRDA:66,1,0,0
BRDA:66,1,1,0
BRF:4
BRH:1
end_of_record
TN:
SF:src/docs/swagger.js
FNF:0
FNH:0
DA:1,1
LF:1
LH:1
BRF:0
BRH:0
end_of_record
TN:
SF:src/middleware/auth.middleware.js
FN:4,(anonymous_0)
FNF:1
FNH:1
FNDA:2,(anonymous_0)
DA:1,1
DA:2,1
DA:4,1
DA:5,2
DA:6,2
DA:8,2
DA:9,2
DA:10,2
DA:13,2
DA:14,2
DA:16,0
DA:17,0
DA:19,0
DA:23,1
LF:14
LH:11
BRDA:6,0,0,0
BRDA:6,0,1,2
BRDA:9,1,0,2
BRDA:9,1,1,2
BRDA:13,2,0,2
BRDA:13,2,1,0
BRF:6
BRH:4
end_of_record
TN:
SF:src/middleware/error.middleware.js
FN:1,(anonymous_0)
FN:5,(anonymous_1)
FNF:2
FNH:0
FNDA:0,(anonymous_0)
FNDA:0,(anonymous_1)
DA:1,1
DA:2,0
DA:5,1
DA:6,0
DA:9,1
LF:5
LH:3
BRDA:6,0,0,0
BRDA:6,0,1,0
BRDA:6,1,0,0
BRDA:6,1,1,0
BRF:4
BRH:0
end_of_record
TN:
SF:src/models/bloodInventory.model.js
FN:3,(anonymous_0)
FN:8,(anonymous_1)
FN:20,(anonymous_2)
FN:34,(anonymous_3)
FN:48,(anonymous_4)
FNF:5
FNH:5
FNDA:1,(anonymous_0)
FNDA:1,(anonymous_1)
FNDA:2,(anonymous_2)
FNDA:2,(anonymous_3)
FNDA:2,(anonymous_4)
DA:1,1
DA:3,1
DA:4,1
DA:5,1
DA:8,1
DA:9,1
DA:17,1
DA:20,1
DA:21,2
DA:28,2
DA:29,1
DA:31,1
DA:34,1
DA:35,2
DA:42,2
DA:43,1
DA:45,1
DA:48,1
DA:49,2
DA:56,2
DA:57,1
DA:59,1
DA:62,1
LF:23
LH:23
BRDA:28,0,0,1
BRDA:28,0,1,1
BRDA:42,1,0,1
BRDA:42,1,1,1
BRDA:56,2,0,1
BRDA:56,2,1,1
BRF:6
BRH:6
end_of_record
TN:
SF:src/models/hospital.model.js
FN:3,(anonymous_0)
FNF:1
FNH:1
FNDA:2,(anonymous_0)
DA:1,1
DA:3,1
DA:4,2
DA:5,2
DA:8,1
LF:5
LH:5
BRDA:5,0,0,2
BRDA:5,0,1,1
BRF:2
BRH:2
end_of_record
TN:
SF:src/routes/bloodInventory.routes.js
FNF:0
FNH:0
DA:1,1
DA:8,1
DA:9,1
DA:12,1
DA:15,1
DA:23,1
DA:30,1
DA:37,1
DA:43,1
LF:9
LH:9
BRF:0
BRH:0
end_of_record
TN:
SF:src/routes/hospital.routes.js
FNF:0
FNH:0
DA:1,1
DA:2,1
DA:3,1
DA:4,1
DA:6,1
DA:7,1
DA:9,1
DA:10,1
DA:12,1
LF:9
LH:9
BRF:0
BRH:0
end_of_record
TN:
SF:src/validators/bloodInventory.validator.js
FN:9,(anonymous_0)
FN:17,(anonymous_1)
FN:30,(anonymous_2)
FNF:3
FNH:3
FNDA:13,(anonymous_0)
FNDA:11,(anonymous_1)
FNDA:2,(anonymous_2)
DA:1,1
DA:3,1
DA:5,1
DA:9,1
DA:10,13
DA:11,13
DA:12,0
DA:14,13
DA:17,1
DA:18,11
DA:19,11
DA:20,0
DA:22,11
DA:25,1
DA:30,1
DA:31,2
DA:32,2
DA:33,1
DA:35,1
DA:36,1
DA:39,1
LF:21
LH:19
BRDA:11,0,0,0
BRDA:11,0,1,13
BRDA:19,1,0,0
BRDA:19,1,1,11
BRDA:32,2,0,1
BRDA:32,2,1,1
BRF:6
BRH:4
end_of_record
TN:
SF:src/validators/hospital.validator.js
FN:13,(anonymous_0)
FNF:1
FNH:0
FNDA:0,(anonymous_0)
DA:1,1
DA:3,1
DA:13,1
DA:14,0
DA:15,0
DA:16,0
DA:18,0
DA:19,0
DA:22,1
LF:9
LH:4
BRDA:15,0,0,0
BRDA:15,0,1,0
BRF:2
BRH:0
end_of_record
