{"total": {"lines":{"total":116,"covered":100,"skipped":0,"pct":86.2},"statements":{"total":118,"covered":101,"skipped":0,"pct":85.59},"functions":{"total":16,"covered":9,"skipped":0,"pct":56.25},"branches":{"total":16,"covered":8,"skipped":0,"pct":50},"branchesTrue":{"total":0,"covered":0,"skipped":0,"pct":100}}
,"/home/mahito/bloodbridge-soa/services/donor-service/src/app.js": {"lines":{"total":32,"covered":30,"skipped":0,"pct":93.75},"functions":{"total":4,"covered":3,"skipped":0,"pct":75},"statements":{"total":32,"covered":30,"skipped":0,"pct":93.75},"branches":{"total":0,"covered":0,"skipped":0,"pct":100}}
,"/home/mahito/bloodbridge-soa/services/donor-service/src/metrics.js": {"lines":{"total":18,"covered":11,"skipped":0,"pct":61.11},"functions":{"total":4,"covered":0,"skipped":0,"pct":0},"statements":{"total":19,"covered":11,"skipped":0,"pct":57.89},"branches":{"total":2,"covered":0,"skipped":0,"pct":0}}
,"/home/mahito/bloodbridge-soa/services/donor-service/src/controllers/donor.controller.js": {"lines":{"total":42,"covered":37,"skipped":0,"pct":88.09},"functions":{"total":4,"covered":4,"skipped":0,"pct":100},"statements":{"total":42,"covered":37,"skipped":0,"pct":88.09},"branches":{"total":8,"covered":6,"skipped":0,"pct":75}}
,"/home/mahito/bloodbridge-soa/services/donor-service/src/docs/swagger.js": {"lines":{"total":1,"covered":1,"skipped":0,"pct":100},"functions":{"total":0,"covered":0,"skipped":0,"pct":100},"statements":{"total":1,"covered":1,"skipped":0,"pct":100},"branches":{"total":0,"covered":0,"skipped":0,"pct":100}}
,"/home/mahito/bloodbridge-soa/services/donor-service/src/middleware/error.middleware.js": {"lines":{"total":5,"covered":3,"skipped":0,"pct":60},"functions":{"total":2,"covered":0,"skipped":0,"pct":0},"statements":{"total":5,"covered":3,"skipped":0,"pct":60},"branches":{"total":4,"covered":0,"skipped":0,"pct":0}}
,"/home/mahito/bloodbridge-soa/services/donor-service/src/routes/donor.routes.js": {"lines":{"total":8,"covered":8,"skipped":0,"pct":100},"functions":{"total":0,"covered":0,"skipped":0,"pct":100},"statements":{"total":8,"covered":8,"skipped":0,"pct":100},"branches":{"total":0,"covered":0,"skipped":0,"pct":100}}
,"/home/mahito/bloodbridge-soa/services/donor-service/src/validators/donor.validator.js": {"lines":{"total":10,"covered":10,"skipped":0,"pct":100},"functions":{"total":2,"covered":2,"skipped":0,"pct":100},"statements":{"total":11,"covered":11,"skipped":0,"pct":100},"branches":{"total":2,"covered":2,"skipped":0,"pct":100}}
}
