{"total": {"lines":{"total":164,"covered":127,"skipped":0,"pct":77.43},"statements":{"total":168,"covered":129,"skipped":0,"pct":76.78},"functions":{"total":21,"covered":14,"skipped":0,"pct":66.66},"branches":{"total":30,"covered":15,"skipped":0,"pct":50},"branchesTrue":{"total":0,"covered":0,"skipped":0,"pct":100}}
,"/home/mahito/bloodbridge-soa/services/donor-service/src/app.js": {"lines":{"total":32,"covered":30,"skipped":0,"pct":93.75},"functions":{"total":4,"covered":3,"skipped":0,"pct":75},"statements":{"total":32,"covered":30,"skipped":0,"pct":93.75},"branches":{"total":0,"covered":0,"skipped":0,"pct":100}}
,"/home/mahito/bloodbridge-soa/services/donor-service/src/metrics.js": {"lines":{"total":18,"covered":18,"skipped":0,"pct":100},"functions":{"total":4,"covered":4,"skipped":0,"pct":100},"statements":{"total":19,"covered":19,"skipped":0,"pct":100},"branches":{"total":2,"covered":2,"skipped":0,"pct":100}}
,"/home/mahito/bloodbridge-soa/services/donor-service/src/controllers/donor.controller.js": {"lines":{"total":72,"covered":41,"skipped":0,"pct":56.94},"functions":{"total":8,"covered":4,"skipped":0,"pct":50},"statements":{"total":73,"covered":41,"skipped":0,"pct":56.16},"branches":{"total":16,"covered":7,"skipped":0,"pct":43.75}}
,"/home/mahito/bloodbridge-soa/services/donor-service/src/docs/swagger.js": {"lines":{"total":1,"covered":1,"skipped":0,"pct":100},"functions":{"total":0,"covered":0,"skipped":0,"pct":100},"statements":{"total":1,"covered":1,"skipped":0,"pct":100},"branches":{"total":0,"covered":0,"skipped":0,"pct":100}}
,"/home/mahito/bloodbridge-soa/services/donor-service/src/middleware/auth.middleware.js": {"lines":{"total":14,"covered":12,"skipped":0,"pct":85.71},"functions":{"total":1,"covered":1,"skipped":0,"pct":100},"statements":{"total":15,"covered":12,"skipped":0,"pct":80},"branches":{"total":6,"covered":4,"skipped":0,"pct":66.66}}
,"/home/mahito/bloodbridge-soa/services/donor-service/src/middleware/error.middleware.js": {"lines":{"total":5,"covered":3,"skipped":0,"pct":60},"functions":{"total":2,"covered":0,"skipped":0,"pct":0},"statements":{"total":5,"covered":3,"skipped":0,"pct":60},"branches":{"total":4,"covered":0,"skipped":0,"pct":0}}
,"/home/mahito/bloodbridge-soa/services/donor-service/src/routes/donor.routes.js": {"lines":{"total":12,"covered":12,"skipped":0,"pct":100},"functions":{"total":0,"covered":0,"skipped":0,"pct":100},"statements":{"total":12,"covered":12,"skipped":0,"pct":100},"branches":{"total":0,"covered":0,"skipped":0,"pct":100}}
,"/home/mahito/bloodbridge-soa/services/donor-service/src/validators/donor.validator.js": {"lines":{"total":10,"covered":10,"skipped":0,"pct":100},"functions":{"total":2,"covered":2,"skipped":0,"pct":100},"statements":{"total":11,"covered":11,"skipped":0,"pct":100},"branches":{"total":2,"covered":2,"skipped":0,"pct":100}}
}
