{"/home/mahito/bloodbridge-soa/services/donor-service/src/app.js": {"path":"/home/mahito/bloodbridge-soa/services/donor-service/src/app.js","statementMap":{"0":{"start":{"line":1,"column":16},"end":{"line":1,"column":34}},"1":{"start":{"line":2,"column":13},"end":{"line":2,"column":28}},"2":{"start":{"line":3,"column":15},"end":{"line":3,"column":32}},"3":{"start":{"line":4,"column":18},"end":{"line":4,"column":47}},"4":{"start":{"line":5,"column":20},"end":{"line":5,"column":52}},"5":{"start":{"line":6,"column":24},"end":{"line":6,"column":49}},"6":{"start":{"line":7,"column":48},"end":{"line":7,"column":88}},"7":{"start":{"line":8,"column":16},"end":{"line":8,"column":36}},"8":{"start":{"line":10,"column":12},"end":{"line":10,"column":21}},"9":{"start":{"line":11,"column":21},"end":{"line":11,"column":36}},"10":{"start":{"line":13,"column":0},"end":{"line":23,"column":3}},"11":{"start":{"line":14,"column":16},"end":{"line":14,"column":26}},"12":{"start":{"line":15,"column":2},"end":{"line":15,"column":59}},"13":{"start":{"line":16,"column":2},"end":{"line":21,"column":5}},"14":{"start":{"line":17,"column":21},"end":{"line":17,"column":48}},"15":{"start":{"line":18,"column":4},"end":{"line":18,"column":117}},"16":{"start":{"line":19,"column":4},"end":{"line":19,"column":107}},"17":{"start":{"line":20,"column":4},"end":{"line":20,"column":61}},"18":{"start":{"line":22,"column":2},"end":{"line":22,"column":9}},"19":{"start":{"line":25,"column":0},"end":{"line":25,"column":18}},"20":{"start":{"line":26,"column":0},"end":{"line":26,"column":16}},"21":{"start":{"line":27,"column":0},"end":{"line":27,"column":24}},"22":{"start":{"line":29,"column":0},"end":{"line":31,"column":3}},"23":{"start":{"line":30,"column":2},"end":{"line":30,"column":57}},"24":{"start":{"line":33,"column":0},"end":{"line":36,"column":3}},"25":{"start":{"line":34,"column":2},"end":{"line":34,"column":56}},"26":{"start":{"line":35,"column":2},"end":{"line":35,"column":44}},"27":{"start":{"line":38,"column":0},"end":{"line":38,"column":72}},"28":{"start":{"line":39,"column":0},"end":{"line":39,"column":32}},"29":{"start":{"line":41,"column":0},"end":{"line":41,"column":28}},"30":{"start":{"line":42,"column":0},"end":{"line":42,"column":25}},"31":{"start":{"line":44,"column":0},"end":{"line":44,"column":21}}},"fnMap":{"0":{"name":"(anonymous_0)","decl":{"start":{"line":13,"column":8},"end":{"line":13,"column":9}},"loc":{"start":{"line":13,"column":28},"end":{"line":23,"column":1}},"line":13},"1":{"name":"(anonymous_1)","decl":{"start":{"line":16,"column":19},"end":{"line":16,"column":20}},"loc":{"start":{"line":16,"column":25},"end":{"line":21,"column":3}},"line":16},"2":{"name":"(anonymous_2)","decl":{"start":{"line":29,"column":19},"end":{"line":29,"column":20}},"loc":{"start":{"line":29,"column":33},"end":{"line":31,"column":1}},"line":29},"3":{"name":"(anonymous_3)","decl":{"start":{"line":33,"column":20},"end":{"line":33,"column":21}},"loc":{"start":{"line":33,"column":40},"end":{"line":36,"column":1}},"line":33}},"branchMap":{},"s":{"0":1,"1":1,"2":1,"3":1,"4":1,"5":1,"6":1,"7":1,"8":1,"9":1,"10":1,"11":9,"12":9,"13":9,"14":9,"15":9,"16":9,"17":9,"18":9,"19":1,"20":1,"21":1,"22":1,"23":1,"24":1,"25":1,"26":1,"27":1,"28":1,"29":1,"30":1,"31":1},"f":{"0":9,"1":9,"2":1,"3":1},"b":{},"_coverageSchema":"1a1c01bbd47fc00a2c39e90264f33305004495a9","hash":"ebb44fe885c943ba80711b0a3d31058d7f9002fd"}
,"/home/mahito/bloodbridge-soa/services/donor-service/src/metrics.js": {"path":"/home/mahito/bloodbridge-soa/services/donor-service/src/metrics.js","statementMap":{"0":{"start":{"line":1,"column":15},"end":{"line":1,"column":37}},"1":{"start":{"line":3,"column":17},"end":{"line":3,"column":38}},"2":{"start":{"line":4,"column":0},"end":{"line":4,"column":43}},"3":{"start":{"line":6,"column":21},"end":{"line":11,"column":2}},"4":{"start":{"line":13,"column":21},"end":{"line":19,"column":2}},"5":{"start":{"line":21,"column":26},"end":{"line":26,"column":2}},"6":{"start":{"line":28,"column":20},"end":{"line":32,"column":2}},"7":{"start":{"line":34,"column":24},"end":{"line":38,"column":2}},"8":{"start":{"line":40,"column":27},"end":{"line":43,"column":1}},"9":{"start":{"line":41,"column":2},"end":{"line":41,"column":33}},"10":{"start":{"line":42,"column":2},"end":{"line":42,"column":62}},"11":{"start":{"line":42,"column":41},"end":{"line":42,"column":52}},"12":{"start":{"line":45,"column":0},"end":{"line":53,"column":2}}},"fnMap":{"0":{"name":"(anonymous_0)","decl":{"start":{"line":40,"column":27},"end":{"line":40,"column":28}},"loc":{"start":{"line":40,"column":39},"end":{"line":43,"column":1}},"line":40},"1":{"name":"(anonymous_1)","decl":{"start":{"line":42,"column":36},"end":{"line":42,"column":37}},"loc":{"start":{"line":42,"column":41},"end":{"line":42,"column":52}},"line":42}},"branchMap":{},"s":{"0":1,"1":1,"2":1,"3":1,"4":1,"5":1,"6":1,"7":1,"8":1,"9":2,"10":2,"11":4,"12":1},"f":{"0":2,"1":4},"b":{},"_coverageSchema":"1a1c01bbd47fc00a2c39e90264f33305004495a9","hash":"6ac1d62439dff079071ebe14ce4d84e828e0a80b"}
,"/home/mahito/bloodbridge-soa/services/donor-service/src/controllers/donor.controller.js": {"path":"/home/mahito/bloodbridge-soa/services/donor-service/src/controllers/donor.controller.js","statementMap":{"0":{"start":{"line":1,"column":31},"end":{"line":1,"column":52}},"1":{"start":{"line":3,"column":15},"end":{"line":14,"column":1}},"2":{"start":{"line":16,"column":19},"end":{"line":18,"column":1}},"3":{"start":{"line":17,"column":4},"end":{"line":17,"column":25}},"4":{"start":{"line":20,"column":17},"end":{"line":24,"column":1}},"5":{"start":{"line":21,"column":18},"end":{"line":21,"column":66}},"6":{"start":{"line":21,"column":40},"end":{"line":21,"column":65}},"7":{"start":{"line":22,"column":4},"end":{"line":22,"column":74}},"8":{"start":{"line":22,"column":16},"end":{"line":22,"column":74}},"9":{"start":{"line":23,"column":4},"end":{"line":23,"column":24}},"10":{"start":{"line":26,"column":20},"end":{"line":31,"column":1}},"11":{"start":{"line":27,"column":18},"end":{"line":27,"column":60}},"12":{"start":{"line":28,"column":4},"end":{"line":28,"column":23}},"13":{"start":{"line":29,"column":4},"end":{"line":29,"column":31}},"14":{"start":{"line":30,"column":4},"end":{"line":30,"column":62}},"15":{"start":{"line":33,"column":27},"end":{"line":39,"column":1}},"16":{"start":{"line":34,"column":18},"end":{"line":34,"column":66}},"17":{"start":{"line":34,"column":40},"end":{"line":34,"column":65}},"18":{"start":{"line":35,"column":4},"end":{"line":35,"column":74}},"19":{"start":{"line":35,"column":16},"end":{"line":35,"column":74}},"20":{"start":{"line":36,"column":4},"end":{"line":36,"column":41}},"21":{"start":{"line":37,"column":4},"end":{"line":37,"column":31}},"22":{"start":{"line":38,"column":4},"end":{"line":38,"column":57}},"23":{"start":{"line":41,"column":0},"end":{"line":41,"column":83}}},"fnMap":{"0":{"name":"(anonymous_0)","decl":{"start":{"line":16,"column":19},"end":{"line":16,"column":20}},"loc":{"start":{"line":16,"column":33},"end":{"line":18,"column":1}},"line":16},"1":{"name":"(anonymous_1)","decl":{"start":{"line":20,"column":17},"end":{"line":20,"column":18}},"loc":{"start":{"line":20,"column":31},"end":{"line":24,"column":1}},"line":20},"2":{"name":"(anonymous_2)","decl":{"start":{"line":21,"column":30},"end":{"line":21,"column":31}},"loc":{"start":{"line":21,"column":40},"end":{"line":21,"column":65}},"line":21},"3":{"name":"(anonymous_3)","decl":{"start":{"line":26,"column":20},"end":{"line":26,"column":21}},"loc":{"start":{"line":26,"column":34},"end":{"line":31,"column":1}},"line":26},"4":{"name":"(anonymous_4)","decl":{"start":{"line":33,"column":27},"end":{"line":33,"column":28}},"loc":{"start":{"line":33,"column":41},"end":{"line":39,"column":1}},"line":33},"5":{"name":"(anonymous_5)","decl":{"start":{"line":34,"column":30},"end":{"line":34,"column":31}},"loc":{"start":{"line":34,"column":40},"end":{"line":34,"column":65}},"line":34}},"branchMap":{"0":{"loc":{"start":{"line":22,"column":4},"end":{"line":22,"column":74}},"type":"if","locations":[{"start":{"line":22,"column":4},"end":{"line":22,"column":74}},{"start":{},"end":{}}],"line":22},"1":{"loc":{"start":{"line":35,"column":4},"end":{"line":35,"column":74}},"type":"if","locations":[{"start":{"line":35,"column":4},"end":{"line":35,"column":74}},{"start":{},"end":{}}],"line":35}},"s":{"0":1,"1":1,"2":1,"3":1,"4":1,"5":2,"6":3,"7":2,"8":1,"9":1,"10":1,"11":1,"12":1,"13":1,"14":1,"15":1,"16":2,"17":4,"18":2,"19":1,"20":1,"21":1,"22":1,"23":1},"f":{"0":1,"1":2,"2":3,"3":1,"4":2,"5":4},"b":{"0":[1,1],"1":[1,1]},"_coverageSchema":"1a1c01bbd47fc00a2c39e90264f33305004495a9","hash":"321809ea9f8ff99a04898e155ab548312510cf89"}
,"/home/mahito/bloodbridge-soa/services/donor-service/src/docs/swagger.js": {"path":"/home/mahito/bloodbridge-soa/services/donor-service/src/docs/swagger.js","statementMap":{"0":{"start":{"line":1,"column":0},"end":{"line":48,"column":2}}},"fnMap":{},"branchMap":{},"s":{"0":1},"f":{},"b":{},"_coverageSchema":"1a1c01bbd47fc00a2c39e90264f33305004495a9","hash":"7589b7fd2079377a69d301bd65762a9f3735cf45"}
,"/home/mahito/bloodbridge-soa/services/donor-service/src/middleware/error.middleware.js": {"path":"/home/mahito/bloodbridge-soa/services/donor-service/src/middleware/error.middleware.js","statementMap":{"0":{"start":{"line":1,"column":27},"end":{"line":3,"column":1}},"1":{"start":{"line":2,"column":4},"end":{"line":2,"column":89}},"2":{"start":{"line":5,"column":24},"end":{"line":7,"column":1}},"3":{"start":{"line":6,"column":4},"end":{"line":6,"column":90}},"4":{"start":{"line":9,"column":0},"end":{"line":9,"column":57}}},"fnMap":{"0":{"name":"(anonymous_0)","decl":{"start":{"line":1,"column":27},"end":{"line":1,"column":28}},"loc":{"start":{"line":1,"column":41},"end":{"line":3,"column":1}},"line":1},"1":{"name":"(anonymous_1)","decl":{"start":{"line":5,"column":24},"end":{"line":5,"column":25}},"loc":{"start":{"line":5,"column":49},"end":{"line":7,"column":1}},"line":5}},"branchMap":{"0":{"loc":{"start":{"line":6,"column":15},"end":{"line":6,"column":32}},"type":"binary-expr","locations":[{"start":{"line":6,"column":15},"end":{"line":6,"column":25}},{"start":{"line":6,"column":29},"end":{"line":6,"column":32}}],"line":6},"1":{"loc":{"start":{"line":6,"column":48},"end":{"line":6,"column":86}},"type":"binary-expr","locations":[{"start":{"line":6,"column":48},"end":{"line":6,"column":59}},{"start":{"line":6,"column":63},"end":{"line":6,"column":86}}],"line":6}},"s":{"0":1,"1":0,"2":1,"3":0,"4":1},"f":{"0":0,"1":0},"b":{"0":[0,0],"1":[0,0]},"_coverageSchema":"1a1c01bbd47fc00a2c39e90264f33305004495a9","hash":"c4e181387b536e8482e0984e105072ef4a781c0c"}
,"/home/mahito/bloodbridge-soa/services/donor-service/src/routes/donor.routes.js": {"path":"/home/mahito/bloodbridge-soa/services/donor-service/src/routes/donor.routes.js","statementMap":{"0":{"start":{"line":1,"column":15},"end":{"line":1,"column":42}},"1":{"start":{"line":2,"column":66},"end":{"line":2,"column":108}},"2":{"start":{"line":3,"column":48},"end":{"line":3,"column":88}},"3":{"start":{"line":5,"column":0},"end":{"line":5,"column":28}},"4":{"start":{"line":6,"column":0},"end":{"line":6,"column":45}},"5":{"start":{"line":7,"column":0},"end":{"line":7,"column":29}},"6":{"start":{"line":8,"column":0},"end":{"line":8,"column":74}},"7":{"start":{"line":10,"column":0},"end":{"line":10,"column":24}}},"fnMap":{},"branchMap":{},"s":{"0":1,"1":1,"2":1,"3":1,"4":1,"5":1,"6":1,"7":1},"f":{},"b":{},"_coverageSchema":"1a1c01bbd47fc00a2c39e90264f33305004495a9","hash":"79e55df1ee32e805235b894ec42a18d07b7373f9"}
,"/home/mahito/bloodbridge-soa/services/donor-service/src/validators/donor.validator.js": {"path":"/home/mahito/bloodbridge-soa/services/donor-service/src/validators/donor.validator.js","statementMap":{"0":{"start":{"line":1,"column":14},"end":{"line":1,"column":28}},"1":{"start":{"line":3,"column":20},"end":{"line":11,"column":2}},"2":{"start":{"line":13,"column":27},"end":{"line":15,"column":2}},"3":{"start":{"line":17,"column":17},"end":{"line":24,"column":1}},"4":{"start":{"line":17,"column":29},"end":{"line":24,"column":1}},"5":{"start":{"line":18,"column":19},"end":{"line":18,"column":45}},"6":{"start":{"line":19,"column":4},"end":{"line":21,"column":5}},"7":{"start":{"line":20,"column":8},"end":{"line":20,"column":113}},"8":{"start":{"line":22,"column":4},"end":{"line":22,"column":27}},"9":{"start":{"line":23,"column":4},"end":{"line":23,"column":11}},"10":{"start":{"line":26,"column":0},"end":{"line":29,"column":2}}},"fnMap":{"0":{"name":"(anonymous_0)","decl":{"start":{"line":17,"column":17},"end":{"line":17,"column":18}},"loc":{"start":{"line":17,"column":29},"end":{"line":24,"column":1}},"line":17},"1":{"name":"(anonymous_1)","decl":{"start":{"line":17,"column":29},"end":{"line":17,"column":30}},"loc":{"start":{"line":17,"column":49},"end":{"line":24,"column":1}},"line":17}},"branchMap":{"0":{"loc":{"start":{"line":19,"column":4},"end":{"line":21,"column":5}},"type":"if","locations":[{"start":{"line":19,"column":4},"end":{"line":21,"column":5}},{"start":{},"end":{}}],"line":19}},"s":{"0":1,"1":1,"2":1,"3":1,"4":2,"5":4,"6":4,"7":1,"8":3,"9":3,"10":1},"f":{"0":2,"1":4},"b":{"0":[1,3]},"_coverageSchema":"1a1c01bbd47fc00a2c39e90264f33305004495a9","hash":"94a2693aacf1125af66c382ae5e84569bd1937f4"}
}
