TN:
SF:src/app.js
FN:13,(anonymous_0)
FN:16,(anonymous_1)
FN:32,(anonymous_2)
FN:36,(anonymous_3)
FNF:4
FNH:3
FNDA:9,(anonymous_0)
FNDA:9,(anonymous_1)
FNDA:1,(anonymous_2)
FNDA:0,(anonymous_3)
DA:1,1
DA:2,1
DA:3,1
DA:4,1
DA:5,1
DA:6,1
DA:7,1
DA:8,1
DA:10,1
DA:11,1
DA:13,1
DA:14,9
DA:15,9
DA:16,9
DA:17,9
DA:18,9
DA:19,9
DA:20,9
DA:22,9
DA:25,1
DA:26,1
DA:30,1
DA:32,1
DA:33,1
DA:36,1
DA:37,0
DA:38,0
DA:41,1
DA:42,1
DA:44,1
DA:45,1
DA:47,1
LF:32
LH:30
BRF:0
BRH:0
end_of_record
TN:
SF:src/metrics.js
FN:47,(anonymous_0)
FN:49,(anonymous_1)
FN:50,(anonymous_2)
FN:54,(anonymous_3)
FNF:4
FNH:4
FNDA:1,(anonymous_0)
FNDA:3,(anonymous_1)
FNDA:3,(anonymous_2)
FNDA:1,(anonymous_3)
DA:1,1
DA:3,1
DA:4,1
DA:6,1
DA:13,1
DA:21,1
DA:28,1
DA:34,1
DA:40,1
DA:47,1
DA:48,1
DA:49,3
DA:50,1
DA:51,3
DA:52,3
DA:54,1
DA:55,1
DA:59,1
LF:18
LH:18
BRDA:51,0,0,3
BRDA:51,0,1,1
BRF:2
BRH:2
end_of_record
TN:
SF:src/controllers/donor.controller.js
FN:4,(anonymous_0)
FN:13,(anonymous_1)
FN:39,(anonymous_2)
FN:62,(anonymous_3)
FN:87,(anonymous_4)
FNF:5
FNH:4
FNDA:1,(anonymous_0)
FNDA:3,(anonymous_1)
FNDA:1,(anonymous_2)
FNDA:2,(anonymous_3)
FNDA:0,(anonymous_4)
DA:1,1
DA:2,1
DA:4,1
DA:5,1
DA:6,1
DA:7,1
DA:9,0
DA:13,1
DA:14,3
DA:15,3
DA:18,3
DA:19,3
DA:20,1
DA:24,2
DA:25,2
DA:26,1
DA:29,1
DA:31,1
DA:33,1
DA:35,0
DA:39,1
DA:40,1
DA:41,1
DA:43,1
DA:50,1
DA:53,1
DA:54,1
DA:56,1
DA:58,0
DA:62,1
DA:63,2
DA:64,2
DA:65,2
DA:67,2
DA:72,2
DA:73,1
DA:76,1
DA:78,1
DA:79,1
DA:81,1
DA:83,0
DA:87,1
DA:88,0
DA:89,0
DA:90,0
DA:92,0
DA:103,0
DA:104,0
DA:107,0
DA:109,0
DA:110,0
DA:112,0
DA:114,0
DA:118,1
LF:54
LH:39
BRDA:19,0,0,1
BRDA:19,0,1,2
BRDA:25,1,0,1
BRDA:25,1,1,1
BRDA:47,2,0,1
BRDA:47,2,1,0
BRDA:72,3,0,1
BRDA:72,3,1,1
BRDA:103,4,0,0
BRDA:103,4,1,0
BRF:10
BRH:7
end_of_record
TN:
SF:src/docs/swagger.js
FNF:0
FNH:0
DA:1,1
LF:1
LH:1
BRF:0
BRH:0
end_of_record
TN:
SF:src/middleware/auth.middleware.js
FN:4,(anonymous_0)
FNF:1
FNH:1
FNDA:4,(anonymous_0)
DA:1,1
DA:2,1
DA:4,1
DA:5,4
DA:6,4
DA:8,4
DA:9,4
DA:10,4
DA:11,4
DA:12,0
DA:14,4
DA:15,4
DA:17,0
DA:21,1
LF:14
LH:12
BRDA:6,0,0,0
BRDA:6,0,1,4
BRDA:9,1,0,4
BRDA:9,1,1,4
BRDA:11,2,0,0
BRDA:11,2,1,4
BRF:6
BRH:4
end_of_record
TN:
SF:src/middleware/error.middleware.js
FN:1,(anonymous_0)
FN:5,(anonymous_1)
FNF:2
FNH:0
FNDA:0,(anonymous_0)
FNDA:0,(anonymous_1)
DA:1,1
DA:2,0
DA:5,1
DA:6,0
DA:9,1
LF:5
LH:3
BRDA:6,0,0,0
BRDA:6,0,1,0
BRDA:6,1,0,0
BRDA:6,1,1,0
BRF:4
BRH:0
end_of_record
TN:
SF:src/routes/donor.routes.js
FNF:0
FNH:0
DA:1,1
DA:2,1
DA:3,1
DA:4,1
DA:6,1
DA:7,1
DA:9,1
DA:10,1
DA:11,1
DA:13,1
LF:10
LH:10
BRF:0
BRH:0
end_of_record
TN:
SF:src/validators/donor.validator.js
FN:17,(anonymous_0)
FN:17,(anonymous_1)
FNF:2
FNH:2
FNDA:2,(anonymous_0)
FNDA:4,(anonymous_1)
DA:1,1
DA:3,1
DA:13,1
DA:17,2
DA:18,4
DA:19,4
DA:20,1
DA:22,3
DA:23,3
DA:26,1
LF:10
LH:10
BRDA:19,0,0,1
BRDA:19,0,1,3
BRF:2
BRH:2
end_of_record
