<?xml version="1.0" encoding="UTF-8"?>
<coverage generated="1780648127170" clover="3.2.0">
  <project timestamp="1780648127170" name="All files">
    <metrics statements="153" coveredstatements="132" conditionals="30" coveredconditionals="23" methods="18" coveredmethods="16" elements="201" coveredelements="171" complexity="0" loc="153" ncloc="153" packages="6" files="8" classes="8"/>
    <package name="src">
      <metrics statements="50" coveredstatements="48" conditionals="2" coveredconditionals="2" methods="8" coveredmethods="7"/>
      <file name="app.js" path="/home/mahito/bloodbridge-soa/services/request-service/src/app.js">
        <metrics statements="32" coveredstatements="30" conditionals="0" coveredconditionals="0" methods="4" coveredmethods="3"/>
        <line num="1" count="1" type="stmt"/>
        <line num="2" count="1" type="stmt"/>
        <line num="3" count="1" type="stmt"/>
        <line num="4" count="1" type="stmt"/>
        <line num="5" count="1" type="stmt"/>
        <line num="6" count="1" type="stmt"/>
        <line num="7" count="1" type="stmt"/>
        <line num="8" count="1" type="stmt"/>
        <line num="10" count="1" type="stmt"/>
        <line num="11" count="1" type="stmt"/>
        <line num="13" count="1" type="stmt"/>
        <line num="14" count="11" type="stmt"/>
        <line num="15" count="11" type="stmt"/>
        <line num="16" count="11" type="stmt"/>
        <line num="17" count="11" type="stmt"/>
        <line num="18" count="11" type="stmt"/>
        <line num="19" count="11" type="stmt"/>
        <line num="20" count="11" type="stmt"/>
        <line num="22" count="11" type="stmt"/>
        <line num="25" count="1" type="stmt"/>
        <line num="26" count="1" type="stmt"/>
        <line num="30" count="1" type="stmt"/>
        <line num="32" count="1" type="stmt"/>
        <line num="33" count="1" type="stmt"/>
        <line num="36" count="1" type="stmt"/>
        <line num="37" count="0" type="stmt"/>
        <line num="38" count="0" type="stmt"/>
        <line num="41" count="1" type="stmt"/>
        <line num="42" count="1" type="stmt"/>
        <line num="44" count="1" type="stmt"/>
        <line num="45" count="1" type="stmt"/>
        <line num="47" count="1" type="stmt"/>
      </file>
      <file name="metrics.js" path="/home/mahito/bloodbridge-soa/services/request-service/src/metrics.js">
        <metrics statements="18" coveredstatements="18" conditionals="2" coveredconditionals="2" methods="4" coveredmethods="4"/>
        <line num="1" count="1" type="stmt"/>
        <line num="3" count="1" type="stmt"/>
        <line num="4" count="1" type="stmt"/>
        <line num="6" count="1" type="stmt"/>
        <line num="13" count="1" type="stmt"/>
        <line num="21" count="1" type="stmt"/>
        <line num="28" count="1" type="stmt"/>
        <line num="34" count="1" type="stmt"/>
        <line num="40" count="1" type="stmt"/>
        <line num="47" count="1" type="stmt"/>
        <line num="48" count="1" type="stmt"/>
        <line num="49" count="3" type="stmt"/>
        <line num="51" count="1" type="stmt"/>
        <line num="52" count="3" type="cond" truecount="2" falsecount="0"/>
        <line num="53" count="3" type="stmt"/>
        <line num="56" count="1" type="stmt"/>
        <line num="57" count="2" type="stmt"/>
        <line num="61" count="1" type="stmt"/>
      </file>
    </package>
    <package name="src.controllers">
      <metrics statements="68" coveredstatements="50" conditionals="18" coveredconditionals="13" methods="5" coveredmethods="4"/>
      <file name="request.controller.js" path="/home/mahito/bloodbridge-soa/services/request-service/src/controllers/request.controller.js">
        <metrics statements="68" coveredstatements="50" conditionals="18" coveredconditionals="13" methods="5" coveredmethods="4"/>
        <line num="1" count="1" type="stmt"/>
        <line num="2" count="1" type="stmt"/>
        <line num="4" count="1" type="stmt"/>
        <line num="5" count="3" type="stmt"/>
        <line num="6" count="3" type="stmt"/>
        <line num="7" count="3" type="stmt"/>
        <line num="8" count="3" type="stmt"/>
        <line num="9" count="3" type="stmt"/>
        <line num="11" count="3" type="cond" truecount="2" falsecount="0"/>
        <line num="12" count="1" type="stmt"/>
        <line num="13" count="1" type="stmt"/>
        <line num="14" count="1" type="stmt"/>
        <line num="16" count="3" type="cond" truecount="2" falsecount="0"/>
        <line num="17" count="1" type="stmt"/>
        <line num="18" count="1" type="stmt"/>
        <line num="19" count="1" type="stmt"/>
        <line num="21" count="3" type="cond" truecount="1" falsecount="1"/>
        <line num="22" count="0" type="stmt"/>
        <line num="23" count="0" type="stmt"/>
        <line num="24" count="0" type="stmt"/>
        <line num="26" count="3" type="cond" truecount="1" falsecount="1"/>
        <line num="27" count="0" type="stmt"/>
        <line num="28" count="0" type="stmt"/>
        <line num="29" count="0" type="stmt"/>
        <line num="32" count="3" type="stmt"/>
        <line num="34" count="3" type="stmt"/>
        <line num="35" count="2" type="stmt"/>
        <line num="37" count="1" type="stmt"/>
        <line num="41" count="1" type="stmt"/>
        <line num="42" count="2" type="stmt"/>
        <line num="43" count="2" type="stmt"/>
        <line num="44" count="2" type="stmt"/>
        <line num="49" count="2" type="cond" truecount="2" falsecount="0"/>
        <line num="50" count="1" type="stmt"/>
        <line num="53" count="1" type="stmt"/>
        <line num="55" count="0" type="stmt"/>
        <line num="59" count="1" type="stmt"/>
        <line num="60" count="1" type="stmt"/>
        <line num="61" count="1" type="stmt"/>
        <line num="63" count="1" type="stmt"/>
        <line num="70" count="1" type="stmt"/>
        <line num="73" count="1" type="stmt"/>
        <line num="74" count="1" type="cond" truecount="1" falsecount="1"/>
        <line num="75" count="1" type="stmt"/>
        <line num="84" count="1" type="stmt"/>
        <line num="85" count="1" type="stmt"/>
        <line num="87" count="0" type="stmt"/>
        <line num="90" count="1" type="stmt"/>
        <line num="92" count="0" type="stmt"/>
        <line num="96" count="1" type="stmt"/>
        <line num="97" count="2" type="stmt"/>
        <line num="98" count="2" type="stmt"/>
        <line num="99" count="2" type="stmt"/>
        <line num="101" count="2" type="stmt"/>
        <line num="106" count="2" type="cond" truecount="2" falsecount="0"/>
        <line num="107" count="1" type="stmt"/>
        <line num="110" count="1" type="stmt"/>
        <line num="112" count="0" type="stmt"/>
        <line num="116" count="1" type="stmt"/>
        <line num="117" count="0" type="stmt"/>
        <line num="118" count="0" type="stmt"/>
        <line num="119" count="0" type="stmt"/>
        <line num="121" count="0" type="stmt"/>
        <line num="126" count="0" type="cond" truecount="0" falsecount="2"/>
        <line num="127" count="0" type="stmt"/>
        <line num="130" count="0" type="stmt"/>
        <line num="132" count="0" type="stmt"/>
        <line num="136" count="1" type="stmt"/>
      </file>
    </package>
    <package name="src.docs">
      <metrics statements="1" coveredstatements="1" conditionals="0" coveredconditionals="0" methods="0" coveredmethods="0"/>
      <file name="swagger.js" path="/home/mahito/bloodbridge-soa/services/request-service/src/docs/swagger.js">
        <metrics statements="1" coveredstatements="1" conditionals="0" coveredconditionals="0" methods="0" coveredmethods="0"/>
        <line num="1" count="1" type="stmt"/>
      </file>
    </package>
    <package name="src.middleware">
      <metrics statements="14" coveredstatements="13" conditionals="8" coveredconditionals="6" methods="3" coveredmethods="3"/>
      <file name="auth.middleware.js" path="/home/mahito/bloodbridge-soa/services/request-service/src/middleware/auth.middleware.js">
        <metrics statements="9" coveredstatements="8" conditionals="4" coveredconditionals="3" methods="1" coveredmethods="1"/>
        <line num="1" count="1" type="stmt"/>
        <line num="3" count="1" type="stmt"/>
        <line num="4" count="4" type="stmt"/>
        <line num="5" count="4" type="cond" truecount="1" falsecount="1"/>
        <line num="7" count="4" type="stmt"/>
        <line num="8" count="4" type="cond" truecount="2" falsecount="0"/>
        <line num="9" count="4" type="stmt"/>
        <line num="11" count="0" type="stmt"/>
        <line num="15" count="1" type="stmt"/>
      </file>
      <file name="error.middleware.js" path="/home/mahito/bloodbridge-soa/services/request-service/src/middleware/error.middleware.js">
        <metrics statements="5" coveredstatements="5" conditionals="4" coveredconditionals="3" methods="2" coveredmethods="2"/>
        <line num="1" count="1" type="stmt"/>
        <line num="2" count="1" type="stmt"/>
        <line num="5" count="1" type="stmt"/>
        <line num="6" count="1" type="cond" truecount="3" falsecount="1"/>
        <line num="9" count="1" type="stmt"/>
      </file>
    </package>
    <package name="src.routes">
      <metrics statements="10" coveredstatements="10" conditionals="0" coveredconditionals="0" methods="0" coveredmethods="0"/>
      <file name="request.routes.js" path="/home/mahito/bloodbridge-soa/services/request-service/src/routes/request.routes.js">
        <metrics statements="10" coveredstatements="10" conditionals="0" coveredconditionals="0" methods="0" coveredmethods="0"/>
        <line num="1" count="1" type="stmt"/>
        <line num="2" count="1" type="stmt"/>
        <line num="3" count="1" type="stmt"/>
        <line num="4" count="1" type="stmt"/>
        <line num="6" count="1" type="stmt"/>
        <line num="7" count="1" type="stmt"/>
        <line num="9" count="1" type="stmt"/>
        <line num="10" count="1" type="stmt"/>
        <line num="11" count="1" type="stmt"/>
        <line num="13" count="1" type="stmt"/>
      </file>
    </package>
    <package name="src.validators">
      <metrics statements="10" coveredstatements="10" conditionals="2" coveredconditionals="2" methods="2" coveredmethods="2"/>
      <file name="request.validator.js" path="/home/mahito/bloodbridge-soa/services/request-service/src/validators/request.validator.js">
        <metrics statements="10" coveredstatements="10" conditionals="2" coveredconditionals="2" methods="2" coveredmethods="2"/>
        <line num="1" count="1" type="stmt"/>
        <line num="3" count="1" type="stmt"/>
        <line num="13" count="1" type="stmt"/>
        <line num="17" count="2" type="stmt"/>
        <line num="18" count="4" type="stmt"/>
        <line num="19" count="4" type="cond" truecount="2" falsecount="0"/>
        <line num="20" count="1" type="stmt"/>
        <line num="22" count="3" type="stmt"/>
        <line num="23" count="3" type="stmt"/>
        <line num="26" count="1" type="stmt"/>
      </file>
    </package>
  </project>
</coverage>
