{"/home/mahito/bloodbridge-soa/services/request-service/src/app.js": {"path":"/home/mahito/bloodbridge-soa/services/request-service/src/app.js","statementMap":{"0":{"start":{"line":1,"column":16},"end":{"line":1,"column":34}},"1":{"start":{"line":2,"column":13},"end":{"line":2,"column":28}},"2":{"start":{"line":3,"column":15},"end":{"line":3,"column":32}},"3":{"start":{"line":4,"column":18},"end":{"line":4,"column":47}},"4":{"start":{"line":5,"column":22},"end":{"line":5,"column":56}},"5":{"start":{"line":6,"column":24},"end":{"line":6,"column":49}},"6":{"start":{"line":7,"column":48},"end":{"line":7,"column":88}},"7":{"start":{"line":8,"column":16},"end":{"line":8,"column":36}},"8":{"start":{"line":10,"column":12},"end":{"line":10,"column":21}},"9":{"start":{"line":11,"column":21},"end":{"line":11,"column":38}},"10":{"start":{"line":13,"column":0},"end":{"line":23,"column":3}},"11":{"start":{"line":14,"column":16},"end":{"line":14,"column":26}},"12":{"start":{"line":15,"column":2},"end":{"line":15,"column":59}},"13":{"start":{"line":16,"column":2},"end":{"line":21,"column":5}},"14":{"start":{"line":17,"column":21},"end":{"line":17,"column":48}},"15":{"start":{"line":18,"column":4},"end":{"line":18,"column":117}},"16":{"start":{"line":19,"column":4},"end":{"line":19,"column":107}},"17":{"start":{"line":20,"column":4},"end":{"line":20,"column":61}},"18":{"start":{"line":22,"column":2},"end":{"line":22,"column":9}},"19":{"start":{"line":25,"column":0},"end":{"line":25,"column":18}},"20":{"start":{"line":26,"column":0},"end":{"line":29,"column":4}},"21":{"start":{"line":30,"column":0},"end":{"line":30,"column":24}},"22":{"start":{"line":32,"column":0},"end":{"line":34,"column":3}},"23":{"start":{"line":33,"column":2},"end":{"line":33,"column":57}},"24":{"start":{"line":36,"column":0},"end":{"line":39,"column":3}},"25":{"start":{"line":37,"column":2},"end":{"line":37,"column":56}},"26":{"start":{"line":38,"column":2},"end":{"line":38,"column":44}},"27":{"start":{"line":41,"column":0},"end":{"line":41,"column":72}},"28":{"start":{"line":42,"column":0},"end":{"line":42,"column":36}},"29":{"start":{"line":44,"column":0},"end":{"line":44,"column":28}},"30":{"start":{"line":45,"column":0},"end":{"line":45,"column":25}},"31":{"start":{"line":47,"column":0},"end":{"line":47,"column":21}}},"fnMap":{"0":{"name":"(anonymous_0)","decl":{"start":{"line":13,"column":8},"end":{"line":13,"column":9}},"loc":{"start":{"line":13,"column":28},"end":{"line":23,"column":1}},"line":13},"1":{"name":"(anonymous_1)","decl":{"start":{"line":16,"column":19},"end":{"line":16,"column":20}},"loc":{"start":{"line":16,"column":25},"end":{"line":21,"column":3}},"line":16},"2":{"name":"(anonymous_2)","decl":{"start":{"line":32,"column":19},"end":{"line":32,"column":20}},"loc":{"start":{"line":32,"column":33},"end":{"line":34,"column":1}},"line":32},"3":{"name":"(anonymous_3)","decl":{"start":{"line":36,"column":20},"end":{"line":36,"column":21}},"loc":{"start":{"line":36,"column":40},"end":{"line":39,"column":1}},"line":36}},"branchMap":{},"s":{"0":1,"1":1,"2":1,"3":1,"4":1,"5":1,"6":1,"7":1,"8":1,"9":1,"10":1,"11":11,"12":11,"13":11,"14":11,"15":11,"16":11,"17":11,"18":11,"19":1,"20":1,"21":1,"22":1,"23":1,"24":1,"25":0,"26":0,"27":1,"28":1,"29":1,"30":1,"31":1},"f":{"0":11,"1":11,"2":1,"3":0},"b":{},"_coverageSchema":"1a1c01bbd47fc00a2c39e90264f33305004495a9","hash":"63e5dc240b97a1b7fd6de01fa9ff13e5102a9ff0"}
,"/home/mahito/bloodbridge-soa/services/request-service/src/metrics.js": {"path":"/home/mahito/bloodbridge-soa/services/request-service/src/metrics.js","statementMap":{"0":{"start":{"line":1,"column":15},"end":{"line":1,"column":37}},"1":{"start":{"line":3,"column":17},"end":{"line":3,"column":38}},"2":{"start":{"line":4,"column":0},"end":{"line":4,"column":43}},"3":{"start":{"line":6,"column":21},"end":{"line":11,"column":2}},"4":{"start":{"line":13,"column":21},"end":{"line":19,"column":2}},"5":{"start":{"line":21,"column":26},"end":{"line":26,"column":2}},"6":{"start":{"line":28,"column":22},"end":{"line":32,"column":2}},"7":{"start":{"line":34,"column":23},"end":{"line":38,"column":2}},"8":{"start":{"line":40,"column":28},"end":{"line":45,"column":2}},"9":{"start":{"line":47,"column":29},"end":{"line":59,"column":1}},"10":{"start":{"line":48,"column":2},"end":{"line":48,"column":42}},"11":{"start":{"line":49,"column":2},"end":{"line":49,"column":92}},"12":{"start":{"line":49,"column":55},"end":{"line":49,"column":82}},"13":{"start":{"line":51,"column":26},"end":{"line":54,"column":8}},"14":{"start":{"line":52,"column":4},"end":{"line":52,"column":65}},"15":{"start":{"line":53,"column":4},"end":{"line":53,"column":15}},"16":{"start":{"line":56,"column":2},"end":{"line":58,"column":5}},"17":{"start":{"line":57,"column":4},"end":{"line":57,"column":62}},"18":{"start":{"line":61,"column":0},"end":{"line":70,"column":2}}},"fnMap":{"0":{"name":"(anonymous_0)","decl":{"start":{"line":47,"column":29},"end":{"line":47,"column":30}},"loc":{"start":{"line":47,"column":48},"end":{"line":59,"column":1}},"line":47},"1":{"name":"(anonymous_1)","decl":{"start":{"line":49,"column":42},"end":{"line":49,"column":43}},"loc":{"start":{"line":49,"column":55},"end":{"line":49,"column":82}},"line":49},"2":{"name":"(anonymous_2)","decl":{"start":{"line":51,"column":47},"end":{"line":51,"column":48}},"loc":{"start":{"line":51,"column":65},"end":{"line":54,"column":3}},"line":51},"3":{"name":"(anonymous_3)","decl":{"start":{"line":56,"column":42},"end":{"line":56,"column":43}},"loc":{"start":{"line":56,"column":66},"end":{"line":58,"column":3}},"line":56}},"branchMap":{"0":{"loc":{"start":{"line":52,"column":31},"end":{"line":52,"column":59}},"type":"binary-expr","locations":[{"start":{"line":52,"column":31},"end":{"line":52,"column":54}},{"start":{"line":52,"column":58},"end":{"line":52,"column":59}}],"line":52}},"s":{"0":1,"1":1,"2":1,"3":1,"4":1,"5":1,"6":1,"7":1,"8":1,"9":1,"10":1,"11":1,"12":3,"13":1,"14":3,"15":3,"16":1,"17":2,"18":1},"f":{"0":1,"1":3,"2":3,"3":2},"b":{"0":[3,2]},"_coverageSchema":"1a1c01bbd47fc00a2c39e90264f33305004495a9","hash":"4287658bd06138fb7f1124d9140fdb09b3553516"}
,"/home/mahito/bloodbridge-soa/services/request-service/src/controllers/request.controller.js": {"path":"/home/mahito/bloodbridge-soa/services/request-service/src/controllers/request.controller.js","statementMap":{"0":{"start":{"line":1,"column":13},"end":{"line":1,"column":36}},"1":{"start":{"line":2,"column":23},"end":{"line":2,"column":52}},"2":{"start":{"line":4,"column":21},"end":{"line":29,"column":1}},"3":{"start":{"line":5,"column":4},"end":{"line":28,"column":5}},"4":{"start":{"line":6,"column":39},"end":{"line":6,"column":48}},"5":{"start":{"line":7,"column":20},"end":{"line":7,"column":131}},"6":{"start":{"line":8,"column":23},"end":{"line":8,"column":25}},"7":{"start":{"line":9,"column":25},"end":{"line":9,"column":26}},"8":{"start":{"line":11,"column":8},"end":{"line":15,"column":9}},"9":{"start":{"line":12,"column":12},"end":{"line":12,"column":52}},"10":{"start":{"line":13,"column":12},"end":{"line":13,"column":32}},"11":{"start":{"line":14,"column":12},"end":{"line":14,"column":25}},"12":{"start":{"line":16,"column":8},"end":{"line":20,"column":9}},"13":{"start":{"line":17,"column":12},"end":{"line":17,"column":56}},"14":{"start":{"line":18,"column":12},"end":{"line":18,"column":36}},"15":{"start":{"line":19,"column":12},"end":{"line":19,"column":25}},"16":{"start":{"line":22,"column":8},"end":{"line":22,"column":45}},"17":{"start":{"line":24,"column":23},"end":{"line":24,"column":54}},"18":{"start":{"line":25,"column":8},"end":{"line":25,"column":44}},"19":{"start":{"line":27,"column":8},"end":{"line":27,"column":20}},"20":{"start":{"line":31,"column":19},"end":{"line":47,"column":1}},"21":{"start":{"line":32,"column":4},"end":{"line":46,"column":5}},"22":{"start":{"line":33,"column":23},"end":{"line":33,"column":33}},"23":{"start":{"line":34,"column":23},"end":{"line":37,"column":9}},"24":{"start":{"line":39,"column":8},"end":{"line":41,"column":9}},"25":{"start":{"line":40,"column":12},"end":{"line":40,"column":78}},"26":{"start":{"line":43,"column":8},"end":{"line":43,"column":46}},"27":{"start":{"line":45,"column":8},"end":{"line":45,"column":20}},"28":{"start":{"line":49,"column":22},"end":{"line":84,"column":1}},"29":{"start":{"line":50,"column":4},"end":{"line":83,"column":5}},"30":{"start":{"line":51,"column":83},"end":{"line":51,"column":91}},"31":{"start":{"line":53,"column":23},"end":{"line":58,"column":9}},"32":{"start":{"line":60,"column":24},"end":{"line":60,"column":38}},"33":{"start":{"line":63,"column":24},"end":{"line":63,"column":36}},"34":{"start":{"line":64,"column":8},"end":{"line":78,"column":9}},"35":{"start":{"line":65,"column":28},"end":{"line":72,"column":13}},"36":{"start":{"line":74,"column":12},"end":{"line":74,"column":110}},"37":{"start":{"line":75,"column":12},"end":{"line":75,"column":66}},"38":{"start":{"line":77,"column":12},"end":{"line":77,"column":94}},"39":{"start":{"line":80,"column":8},"end":{"line":80,"column":76}},"40":{"start":{"line":82,"column":8},"end":{"line":82,"column":20}},"41":{"start":{"line":86,"column":21},"end":{"line":104,"column":1}},"42":{"start":{"line":87,"column":4},"end":{"line":103,"column":5}},"43":{"start":{"line":88,"column":23},"end":{"line":88,"column":33}},"44":{"start":{"line":89,"column":27},"end":{"line":89,"column":35}},"45":{"start":{"line":91,"column":23},"end":{"line":94,"column":9}},"46":{"start":{"line":96,"column":8},"end":{"line":98,"column":9}},"47":{"start":{"line":97,"column":12},"end":{"line":97,"column":78}},"48":{"start":{"line":100,"column":8},"end":{"line":100,"column":81}},"49":{"start":{"line":102,"column":8},"end":{"line":102,"column":20}},"50":{"start":{"line":106,"column":22},"end":{"line":124,"column":1}},"51":{"start":{"line":107,"column":4},"end":{"line":123,"column":5}},"52":{"start":{"line":108,"column":23},"end":{"line":108,"column":33}},"53":{"start":{"line":109,"column":24},"end":{"line":109,"column":35}},"54":{"start":{"line":111,"column":23},"end":{"line":114,"column":9}},"55":{"start":{"line":116,"column":8},"end":{"line":118,"column":9}},"56":{"start":{"line":117,"column":12},"end":{"line":117,"column":78}},"57":{"start":{"line":120,"column":8},"end":{"line":120,"column":99}},"58":{"start":{"line":122,"column":8},"end":{"line":122,"column":20}},"59":{"start":{"line":126,"column":0},"end":{"line":126,"column":90}}},"fnMap":{"0":{"name":"(anonymous_0)","decl":{"start":{"line":4,"column":21},"end":{"line":4,"column":22}},"loc":{"start":{"line":4,"column":47},"end":{"line":29,"column":1}},"line":4},"1":{"name":"(anonymous_1)","decl":{"start":{"line":31,"column":19},"end":{"line":31,"column":20}},"loc":{"start":{"line":31,"column":45},"end":{"line":47,"column":1}},"line":31},"2":{"name":"(anonymous_2)","decl":{"start":{"line":49,"column":22},"end":{"line":49,"column":23}},"loc":{"start":{"line":49,"column":48},"end":{"line":84,"column":1}},"line":49},"3":{"name":"(anonymous_3)","decl":{"start":{"line":86,"column":21},"end":{"line":86,"column":22}},"loc":{"start":{"line":86,"column":47},"end":{"line":104,"column":1}},"line":86},"4":{"name":"(anonymous_4)","decl":{"start":{"line":106,"column":22},"end":{"line":106,"column":23}},"loc":{"start":{"line":106,"column":48},"end":{"line":124,"column":1}},"line":106}},"branchMap":{"0":{"loc":{"start":{"line":11,"column":8},"end":{"line":15,"column":9}},"type":"if","locations":[{"start":{"line":11,"column":8},"end":{"line":15,"column":9}},{"start":{},"end":{}}],"line":11},"1":{"loc":{"start":{"line":16,"column":8},"end":{"line":20,"column":9}},"type":"if","locations":[{"start":{"line":16,"column":8},"end":{"line":20,"column":9}},{"start":{},"end":{}}],"line":16},"2":{"loc":{"start":{"line":39,"column":8},"end":{"line":41,"column":9}},"type":"if","locations":[{"start":{"line":39,"column":8},"end":{"line":41,"column":9}},{"start":{},"end":{}}],"line":39},"3":{"loc":{"start":{"line":57,"column":69},"end":{"line":57,"column":87}},"type":"binary-expr","locations":[{"start":{"line":57,"column":69},"end":{"line":57,"column":75}},{"start":{"line":57,"column":79},"end":{"line":57,"column":87}}],"line":57},"4":{"loc":{"start":{"line":64,"column":8},"end":{"line":78,"column":9}},"type":"if","locations":[{"start":{"line":64,"column":8},"end":{"line":78,"column":9}},{"start":{"line":76,"column":15},"end":{"line":78,"column":9}}],"line":64},"5":{"loc":{"start":{"line":96,"column":8},"end":{"line":98,"column":9}},"type":"if","locations":[{"start":{"line":96,"column":8},"end":{"line":98,"column":9}},{"start":{},"end":{}}],"line":96},"6":{"loc":{"start":{"line":116,"column":8},"end":{"line":118,"column":9}},"type":"if","locations":[{"start":{"line":116,"column":8},"end":{"line":118,"column":9}},{"start":{},"end":{}}],"line":116}},"s":{"0":1,"1":1,"2":1,"3":3,"4":3,"5":3,"6":3,"7":3,"8":3,"9":1,"10":1,"11":1,"12":3,"13":1,"14":1,"15":1,"16":3,"17":3,"18":2,"19":1,"20":1,"21":2,"22":2,"23":2,"24":2,"25":1,"26":1,"27":0,"28":1,"29":1,"30":1,"31":1,"32":1,"33":1,"34":1,"35":1,"36":1,"37":1,"38":0,"39":1,"40":0,"41":1,"42":2,"43":2,"44":2,"45":2,"46":2,"47":1,"48":1,"49":0,"50":1,"51":0,"52":0,"53":0,"54":0,"55":0,"56":0,"57":0,"58":0,"59":1},"f":{"0":3,"1":2,"2":1,"3":2,"4":0},"b":{"0":[1,2],"1":[1,2],"2":[1,1],"3":[1,1],"4":[1,0],"5":[1,1],"6":[0,0]},"_coverageSchema":"1a1c01bbd47fc00a2c39e90264f33305004495a9","hash":"edbf3a1f6a8947286d5058c3d902ccd9f9be8de1"}
,"/home/mahito/bloodbridge-soa/services/request-service/src/docs/swagger.js": {"path":"/home/mahito/bloodbridge-soa/services/request-service/src/docs/swagger.js","statementMap":{"0":{"start":{"line":1,"column":0},"end":{"line":87,"column":2}}},"fnMap":{},"branchMap":{},"s":{"0":1},"f":{},"b":{},"_coverageSchema":"1a1c01bbd47fc00a2c39e90264f33305004495a9","hash":"484fe108132a9f5f2cf6cd9c07d07e25695f921d"}
,"/home/mahito/bloodbridge-soa/services/request-service/src/middleware/auth.middleware.js": {"path":"/home/mahito/bloodbridge-soa/services/request-service/src/middleware/auth.middleware.js","statementMap":{"0":{"start":{"line":1,"column":12},"end":{"line":1,"column":35}},"1":{"start":{"line":3,"column":20},"end":{"line":13,"column":1}},"2":{"start":{"line":4,"column":18},"end":{"line":4,"column":58}},"3":{"start":{"line":5,"column":4},"end":{"line":5,"column":76}},"4":{"start":{"line":5,"column":16},"end":{"line":5,"column":76}},"5":{"start":{"line":7,"column":4},"end":{"line":12,"column":5}},"6":{"start":{"line":8,"column":8},"end":{"line":8,"column":77}},"7":{"start":{"line":9,"column":8},"end":{"line":9,"column":15}},"8":{"start":{"line":11,"column":8},"end":{"line":11,"column":57}},"9":{"start":{"line":15,"column":0},"end":{"line":15,"column":33}}},"fnMap":{"0":{"name":"(anonymous_0)","decl":{"start":{"line":3,"column":20},"end":{"line":3,"column":21}},"loc":{"start":{"line":3,"column":40},"end":{"line":13,"column":1}},"line":3}},"branchMap":{"0":{"loc":{"start":{"line":5,"column":4},"end":{"line":5,"column":76}},"type":"if","locations":[{"start":{"line":5,"column":4},"end":{"line":5,"column":76}},{"start":{},"end":{}}],"line":5},"1":{"loc":{"start":{"line":8,"column":37},"end":{"line":8,"column":75}},"type":"binary-expr","locations":[{"start":{"line":8,"column":37},"end":{"line":8,"column":59}},{"start":{"line":8,"column":63},"end":{"line":8,"column":75}}],"line":8}},"s":{"0":1,"1":1,"2":4,"3":4,"4":0,"5":4,"6":4,"7":4,"8":0,"9":1},"f":{"0":4},"b":{"0":[0,4],"1":[4,4]},"_coverageSchema":"1a1c01bbd47fc00a2c39e90264f33305004495a9","hash":"70ef61187877b4d0c6396416b310437056dce195"}
,"/home/mahito/bloodbridge-soa/services/request-service/src/middleware/error.middleware.js": {"path":"/home/mahito/bloodbridge-soa/services/request-service/src/middleware/error.middleware.js","statementMap":{"0":{"start":{"line":1,"column":27},"end":{"line":3,"column":1}},"1":{"start":{"line":2,"column":4},"end":{"line":2,"column":89}},"2":{"start":{"line":5,"column":24},"end":{"line":7,"column":1}},"3":{"start":{"line":6,"column":4},"end":{"line":6,"column":90}},"4":{"start":{"line":9,"column":0},"end":{"line":9,"column":57}}},"fnMap":{"0":{"name":"(anonymous_0)","decl":{"start":{"line":1,"column":27},"end":{"line":1,"column":28}},"loc":{"start":{"line":1,"column":41},"end":{"line":3,"column":1}},"line":1},"1":{"name":"(anonymous_1)","decl":{"start":{"line":5,"column":24},"end":{"line":5,"column":25}},"loc":{"start":{"line":5,"column":49},"end":{"line":7,"column":1}},"line":5}},"branchMap":{"0":{"loc":{"start":{"line":6,"column":15},"end":{"line":6,"column":32}},"type":"binary-expr","locations":[{"start":{"line":6,"column":15},"end":{"line":6,"column":25}},{"start":{"line":6,"column":29},"end":{"line":6,"column":32}}],"line":6},"1":{"loc":{"start":{"line":6,"column":48},"end":{"line":6,"column":86}},"type":"binary-expr","locations":[{"start":{"line":6,"column":48},"end":{"line":6,"column":59}},{"start":{"line":6,"column":63},"end":{"line":6,"column":86}}],"line":6}},"s":{"0":1,"1":1,"2":1,"3":1,"4":1},"f":{"0":1,"1":1},"b":{"0":[1,1],"1":[1,0]},"_coverageSchema":"1a1c01bbd47fc00a2c39e90264f33305004495a9","hash":"7d2b77f9aec3b01e673d54690dd6142099b4bb9b"}
,"/home/mahito/bloodbridge-soa/services/request-service/src/routes/request.routes.js": {"path":"/home/mahito/bloodbridge-soa/services/request-service/src/routes/request.routes.js","statementMap":{"0":{"start":{"line":1,"column":15},"end":{"line":1,"column":42}},"1":{"start":{"line":2,"column":81},"end":{"line":2,"column":125}},"2":{"start":{"line":3,"column":44},"end":{"line":3,"column":86}},"3":{"start":{"line":4,"column":24},"end":{"line":4,"column":64}},"4":{"start":{"line":6,"column":0},"end":{"line":6,"column":30}},"5":{"start":{"line":7,"column":0},"end":{"line":7,"column":31}},"6":{"start":{"line":9,"column":0},"end":{"line":9,"column":62}},"7":{"start":{"line":10,"column":0},"end":{"line":10,"column":69}},"8":{"start":{"line":11,"column":0},"end":{"line":11,"column":55}},"9":{"start":{"line":13,"column":0},"end":{"line":13,"column":24}}},"fnMap":{},"branchMap":{},"s":{"0":1,"1":1,"2":1,"3":1,"4":1,"5":1,"6":1,"7":1,"8":1,"9":1},"f":{},"b":{},"_coverageSchema":"1a1c01bbd47fc00a2c39e90264f33305004495a9","hash":"a288ec5caddbce43c921f69f57ee1f73de482a94"}
,"/home/mahito/bloodbridge-soa/services/request-service/src/validators/request.validator.js": {"path":"/home/mahito/bloodbridge-soa/services/request-service/src/validators/request.validator.js","statementMap":{"0":{"start":{"line":1,"column":14},"end":{"line":1,"column":28}},"1":{"start":{"line":3,"column":22},"end":{"line":11,"column":2}},"2":{"start":{"line":13,"column":21},"end":{"line":15,"column":2}},"3":{"start":{"line":17,"column":17},"end":{"line":24,"column":1}},"4":{"start":{"line":17,"column":29},"end":{"line":24,"column":1}},"5":{"start":{"line":18,"column":19},"end":{"line":18,"column":45}},"6":{"start":{"line":19,"column":4},"end":{"line":21,"column":5}},"7":{"start":{"line":20,"column":8},"end":{"line":20,"column":113}},"8":{"start":{"line":22,"column":4},"end":{"line":22,"column":27}},"9":{"start":{"line":23,"column":4},"end":{"line":23,"column":11}},"10":{"start":{"line":26,"column":0},"end":{"line":29,"column":2}}},"fnMap":{"0":{"name":"(anonymous_0)","decl":{"start":{"line":17,"column":17},"end":{"line":17,"column":18}},"loc":{"start":{"line":17,"column":29},"end":{"line":24,"column":1}},"line":17},"1":{"name":"(anonymous_1)","decl":{"start":{"line":17,"column":29},"end":{"line":17,"column":30}},"loc":{"start":{"line":17,"column":49},"end":{"line":24,"column":1}},"line":17}},"branchMap":{"0":{"loc":{"start":{"line":19,"column":4},"end":{"line":21,"column":5}},"type":"if","locations":[{"start":{"line":19,"column":4},"end":{"line":21,"column":5}},{"start":{},"end":{}}],"line":19}},"s":{"0":1,"1":1,"2":1,"3":1,"4":2,"5":4,"6":4,"7":1,"8":3,"9":3,"10":1},"f":{"0":2,"1":4},"b":{"0":[1,3]},"_coverageSchema":"1a1c01bbd47fc00a2c39e90264f33305004495a9","hash":"d97e7e3225d62b1fc51c1ade0d3b2e9c7eaff43d"}
}
