{"/home/mahito/bloodbridge-soa/services/request-service/src/app.js": {"path":"/home/mahito/bloodbridge-soa/services/request-service/src/app.js","statementMap":{"0":{"start":{"line":1,"column":16},"end":{"line":1,"column":34}},"1":{"start":{"line":2,"column":13},"end":{"line":2,"column":28}},"2":{"start":{"line":3,"column":15},"end":{"line":3,"column":32}},"3":{"start":{"line":4,"column":18},"end":{"line":4,"column":47}},"4":{"start":{"line":5,"column":22},"end":{"line":5,"column":56}},"5":{"start":{"line":6,"column":24},"end":{"line":6,"column":49}},"6":{"start":{"line":7,"column":48},"end":{"line":7,"column":88}},"7":{"start":{"line":8,"column":16},"end":{"line":8,"column":36}},"8":{"start":{"line":10,"column":12},"end":{"line":10,"column":21}},"9":{"start":{"line":11,"column":21},"end":{"line":11,"column":38}},"10":{"start":{"line":13,"column":0},"end":{"line":23,"column":3}},"11":{"start":{"line":14,"column":16},"end":{"line":14,"column":26}},"12":{"start":{"line":15,"column":2},"end":{"line":15,"column":59}},"13":{"start":{"line":16,"column":2},"end":{"line":21,"column":5}},"14":{"start":{"line":17,"column":21},"end":{"line":17,"column":48}},"15":{"start":{"line":18,"column":4},"end":{"line":18,"column":117}},"16":{"start":{"line":19,"column":4},"end":{"line":19,"column":107}},"17":{"start":{"line":20,"column":4},"end":{"line":20,"column":61}},"18":{"start":{"line":22,"column":2},"end":{"line":22,"column":9}},"19":{"start":{"line":25,"column":0},"end":{"line":25,"column":18}},"20":{"start":{"line":26,"column":0},"end":{"line":26,"column":16}},"21":{"start":{"line":27,"column":0},"end":{"line":27,"column":24}},"22":{"start":{"line":29,"column":0},"end":{"line":31,"column":3}},"23":{"start":{"line":30,"column":2},"end":{"line":30,"column":57}},"24":{"start":{"line":33,"column":0},"end":{"line":36,"column":3}},"25":{"start":{"line":34,"column":2},"end":{"line":34,"column":56}},"26":{"start":{"line":35,"column":2},"end":{"line":35,"column":44}},"27":{"start":{"line":38,"column":0},"end":{"line":38,"column":72}},"28":{"start":{"line":39,"column":0},"end":{"line":39,"column":36}},"29":{"start":{"line":41,"column":0},"end":{"line":41,"column":28}},"30":{"start":{"line":42,"column":0},"end":{"line":42,"column":25}},"31":{"start":{"line":44,"column":0},"end":{"line":44,"column":21}}},"fnMap":{"0":{"name":"(anonymous_0)","decl":{"start":{"line":13,"column":8},"end":{"line":13,"column":9}},"loc":{"start":{"line":13,"column":28},"end":{"line":23,"column":1}},"line":13},"1":{"name":"(anonymous_1)","decl":{"start":{"line":16,"column":19},"end":{"line":16,"column":20}},"loc":{"start":{"line":16,"column":25},"end":{"line":21,"column":3}},"line":16},"2":{"name":"(anonymous_2)","decl":{"start":{"line":29,"column":19},"end":{"line":29,"column":20}},"loc":{"start":{"line":29,"column":33},"end":{"line":31,"column":1}},"line":29},"3":{"name":"(anonymous_3)","decl":{"start":{"line":33,"column":20},"end":{"line":33,"column":21}},"loc":{"start":{"line":33,"column":40},"end":{"line":36,"column":1}},"line":33}},"branchMap":{},"s":{"0":1,"1":1,"2":1,"3":1,"4":1,"5":1,"6":1,"7":1,"8":1,"9":1,"10":1,"11":9,"12":9,"13":9,"14":9,"15":9,"16":9,"17":9,"18":9,"19":1,"20":1,"21":1,"22":1,"23":1,"24":1,"25":1,"26":1,"27":1,"28":1,"29":1,"30":1,"31":1},"f":{"0":9,"1":9,"2":1,"3":1},"b":{},"_coverageSchema":"1a1c01bbd47fc00a2c39e90264f33305004495a9","hash":"248d944b3e701bc1521e817193c2612f3286b65b"}
,"/home/mahito/bloodbridge-soa/services/request-service/src/metrics.js": {"path":"/home/mahito/bloodbridge-soa/services/request-service/src/metrics.js","statementMap":{"0":{"start":{"line":1,"column":15},"end":{"line":1,"column":37}},"1":{"start":{"line":3,"column":17},"end":{"line":3,"column":38}},"2":{"start":{"line":4,"column":0},"end":{"line":4,"column":43}},"3":{"start":{"line":6,"column":21},"end":{"line":11,"column":2}},"4":{"start":{"line":13,"column":21},"end":{"line":19,"column":2}},"5":{"start":{"line":21,"column":26},"end":{"line":26,"column":2}},"6":{"start":{"line":28,"column":22},"end":{"line":32,"column":2}},"7":{"start":{"line":34,"column":23},"end":{"line":38,"column":2}},"8":{"start":{"line":40,"column":28},"end":{"line":45,"column":2}},"9":{"start":{"line":47,"column":29},"end":{"line":57,"column":1}},"10":{"start":{"line":48,"column":2},"end":{"line":48,"column":42}},"11":{"start":{"line":49,"column":2},"end":{"line":49,"column":76}},"12":{"start":{"line":49,"column":47},"end":{"line":49,"column":66}},"13":{"start":{"line":50,"column":26},"end":{"line":53,"column":8}},"14":{"start":{"line":51,"column":4},"end":{"line":51,"column":51}},"15":{"start":{"line":52,"column":4},"end":{"line":52,"column":15}},"16":{"start":{"line":54,"column":2},"end":{"line":56,"column":5}},"17":{"start":{"line":55,"column":4},"end":{"line":55,"column":62}},"18":{"start":{"line":59,"column":0},"end":{"line":68,"column":2}}},"fnMap":{"0":{"name":"(anonymous_0)","decl":{"start":{"line":47,"column":29},"end":{"line":47,"column":30}},"loc":{"start":{"line":47,"column":48},"end":{"line":57,"column":1}},"line":47},"1":{"name":"(anonymous_1)","decl":{"start":{"line":49,"column":42},"end":{"line":49,"column":43}},"loc":{"start":{"line":49,"column":47},"end":{"line":49,"column":66}},"line":49},"2":{"name":"(anonymous_2)","decl":{"start":{"line":50,"column":47},"end":{"line":50,"column":48}},"loc":{"start":{"line":50,"column":59},"end":{"line":53,"column":3}},"line":50},"3":{"name":"(anonymous_3)","decl":{"start":{"line":54,"column":42},"end":{"line":54,"column":43}},"loc":{"start":{"line":54,"column":66},"end":{"line":56,"column":3}},"line":54}},"branchMap":{"0":{"loc":{"start":{"line":51,"column":24},"end":{"line":51,"column":45}},"type":"binary-expr","locations":[{"start":{"line":51,"column":24},"end":{"line":51,"column":40}},{"start":{"line":51,"column":44},"end":{"line":51,"column":45}}],"line":51}},"s":{"0":1,"1":1,"2":1,"3":1,"4":1,"5":1,"6":1,"7":1,"8":1,"9":1,"10":2,"11":2,"12":4,"13":2,"14":4,"15":4,"16":2,"17":4,"18":1},"f":{"0":2,"1":4,"2":4,"3":4},"b":{"0":[4,4]},"_coverageSchema":"1a1c01bbd47fc00a2c39e90264f33305004495a9","hash":"3adf348add06d0c4d9c7cc7bb1cdb96fd96a6ce1"}
,"/home/mahito/bloodbridge-soa/services/request-service/src/controllers/request.controller.js": {"path":"/home/mahito/bloodbridge-soa/services/request-service/src/controllers/request.controller.js","statementMap":{"0":{"start":{"line":1,"column":33},"end":{"line":1,"column":54}},"1":{"start":{"line":3,"column":22},"end":{"line":14,"column":1}},"2":{"start":{"line":16,"column":21},"end":{"line":18,"column":1}},"3":{"start":{"line":17,"column":4},"end":{"line":17,"column":42}},"4":{"start":{"line":20,"column":19},"end":{"line":24,"column":1}},"5":{"start":{"line":21,"column":25},"end":{"line":21,"column":80}},"6":{"start":{"line":21,"column":54},"end":{"line":21,"column":79}},"7":{"start":{"line":22,"column":4},"end":{"line":22,"column":89}},"8":{"start":{"line":22,"column":23},"end":{"line":22,"column":89}},"9":{"start":{"line":23,"column":4},"end":{"line":23,"column":40}},"10":{"start":{"line":26,"column":22},"end":{"line":36,"column":1}},"11":{"start":{"line":27,"column":25},"end":{"line":32,"column":5}},"12":{"start":{"line":33,"column":4},"end":{"line":33,"column":37}},"13":{"start":{"line":34,"column":4},"end":{"line":34,"column":40}},"14":{"start":{"line":35,"column":4},"end":{"line":35,"column":86}},"15":{"start":{"line":38,"column":21},"end":{"line":44,"column":1}},"16":{"start":{"line":39,"column":25},"end":{"line":39,"column":80}},"17":{"start":{"line":39,"column":54},"end":{"line":39,"column":79}},"18":{"start":{"line":40,"column":4},"end":{"line":40,"column":89}},"19":{"start":{"line":40,"column":23},"end":{"line":40,"column":89}},"20":{"start":{"line":41,"column":4},"end":{"line":41,"column":42}},"21":{"start":{"line":42,"column":4},"end":{"line":42,"column":40}},"22":{"start":{"line":43,"column":4},"end":{"line":43,"column":75}},"23":{"start":{"line":46,"column":0},"end":{"line":46,"column":90}}},"fnMap":{"0":{"name":"(anonymous_0)","decl":{"start":{"line":16,"column":21},"end":{"line":16,"column":22}},"loc":{"start":{"line":16,"column":35},"end":{"line":18,"column":1}},"line":16},"1":{"name":"(anonymous_1)","decl":{"start":{"line":20,"column":19},"end":{"line":20,"column":20}},"loc":{"start":{"line":20,"column":33},"end":{"line":24,"column":1}},"line":20},"2":{"name":"(anonymous_2)","decl":{"start":{"line":21,"column":44},"end":{"line":21,"column":45}},"loc":{"start":{"line":21,"column":54},"end":{"line":21,"column":79}},"line":21},"3":{"name":"(anonymous_3)","decl":{"start":{"line":26,"column":22},"end":{"line":26,"column":23}},"loc":{"start":{"line":26,"column":36},"end":{"line":36,"column":1}},"line":26},"4":{"name":"(anonymous_4)","decl":{"start":{"line":38,"column":21},"end":{"line":38,"column":22}},"loc":{"start":{"line":38,"column":35},"end":{"line":44,"column":1}},"line":38},"5":{"name":"(anonymous_5)","decl":{"start":{"line":39,"column":44},"end":{"line":39,"column":45}},"loc":{"start":{"line":39,"column":54},"end":{"line":39,"column":79}},"line":39}},"branchMap":{"0":{"loc":{"start":{"line":22,"column":4},"end":{"line":22,"column":89}},"type":"if","locations":[{"start":{"line":22,"column":4},"end":{"line":22,"column":89}},{"start":{},"end":{}}],"line":22},"1":{"loc":{"start":{"line":40,"column":4},"end":{"line":40,"column":89}},"type":"if","locations":[{"start":{"line":40,"column":4},"end":{"line":40,"column":89}},{"start":{},"end":{}}],"line":40}},"s":{"0":1,"1":1,"2":1,"3":1,"4":1,"5":2,"6":3,"7":2,"8":1,"9":1,"10":1,"11":1,"12":1,"13":1,"14":1,"15":1,"16":2,"17":4,"18":2,"19":1,"20":1,"21":1,"22":1,"23":1},"f":{"0":1,"1":2,"2":3,"3":1,"4":2,"5":4},"b":{"0":[1,1],"1":[1,1]},"_coverageSchema":"1a1c01bbd47fc00a2c39e90264f33305004495a9","hash":"965e6708205c94511b84a65ffcbb9c3d02518c7c"}
,"/home/mahito/bloodbridge-soa/services/request-service/src/docs/swagger.js": {"path":"/home/mahito/bloodbridge-soa/services/request-service/src/docs/swagger.js","statementMap":{"0":{"start":{"line":1,"column":0},"end":{"line":47,"column":2}}},"fnMap":{},"branchMap":{},"s":{"0":1},"f":{},"b":{},"_coverageSchema":"1a1c01bbd47fc00a2c39e90264f33305004495a9","hash":"36bdf450639b1f65f05cf9e7c43352fb2f20353a"}
,"/home/mahito/bloodbridge-soa/services/request-service/src/middleware/error.middleware.js": {"path":"/home/mahito/bloodbridge-soa/services/request-service/src/middleware/error.middleware.js","statementMap":{"0":{"start":{"line":1,"column":27},"end":{"line":3,"column":1}},"1":{"start":{"line":2,"column":4},"end":{"line":2,"column":89}},"2":{"start":{"line":5,"column":24},"end":{"line":7,"column":1}},"3":{"start":{"line":6,"column":4},"end":{"line":6,"column":90}},"4":{"start":{"line":9,"column":0},"end":{"line":9,"column":57}}},"fnMap":{"0":{"name":"(anonymous_0)","decl":{"start":{"line":1,"column":27},"end":{"line":1,"column":28}},"loc":{"start":{"line":1,"column":41},"end":{"line":3,"column":1}},"line":1},"1":{"name":"(anonymous_1)","decl":{"start":{"line":5,"column":24},"end":{"line":5,"column":25}},"loc":{"start":{"line":5,"column":49},"end":{"line":7,"column":1}},"line":5}},"branchMap":{"0":{"loc":{"start":{"line":6,"column":15},"end":{"line":6,"column":32}},"type":"binary-expr","locations":[{"start":{"line":6,"column":15},"end":{"line":6,"column":25}},{"start":{"line":6,"column":29},"end":{"line":6,"column":32}}],"line":6},"1":{"loc":{"start":{"line":6,"column":48},"end":{"line":6,"column":86}},"type":"binary-expr","locations":[{"start":{"line":6,"column":48},"end":{"line":6,"column":59}},{"start":{"line":6,"column":63},"end":{"line":6,"column":86}}],"line":6}},"s":{"0":1,"1":0,"2":1,"3":0,"4":1},"f":{"0":0,"1":0},"b":{"0":[0,0],"1":[0,0]},"_coverageSchema":"1a1c01bbd47fc00a2c39e90264f33305004495a9","hash":"7d2b77f9aec3b01e673d54690dd6142099b4bb9b"}
,"/home/mahito/bloodbridge-soa/services/request-service/src/routes/request.routes.js": {"path":"/home/mahito/bloodbridge-soa/services/request-service/src/routes/request.routes.js","statementMap":{"0":{"start":{"line":1,"column":15},"end":{"line":1,"column":42}},"1":{"start":{"line":2,"column":66},"end":{"line":2,"column":110}},"2":{"start":{"line":3,"column":44},"end":{"line":3,"column":86}},"3":{"start":{"line":5,"column":0},"end":{"line":5,"column":30}},"4":{"start":{"line":6,"column":0},"end":{"line":6,"column":49}},"5":{"start":{"line":7,"column":0},"end":{"line":7,"column":31}},"6":{"start":{"line":8,"column":0},"end":{"line":8,"column":56}},"7":{"start":{"line":10,"column":0},"end":{"line":10,"column":24}}},"fnMap":{},"branchMap":{},"s":{"0":1,"1":1,"2":1,"3":1,"4":1,"5":1,"6":1,"7":1},"f":{},"b":{},"_coverageSchema":"1a1c01bbd47fc00a2c39e90264f33305004495a9","hash":"1fc0aeb4ce6432bdd180286b7d234e6d19d238d2"}
,"/home/mahito/bloodbridge-soa/services/request-service/src/validators/request.validator.js": {"path":"/home/mahito/bloodbridge-soa/services/request-service/src/validators/request.validator.js","statementMap":{"0":{"start":{"line":1,"column":14},"end":{"line":1,"column":28}},"1":{"start":{"line":3,"column":22},"end":{"line":10,"column":2}},"2":{"start":{"line":12,"column":21},"end":{"line":14,"column":2}},"3":{"start":{"line":16,"column":17},"end":{"line":23,"column":1}},"4":{"start":{"line":16,"column":29},"end":{"line":23,"column":1}},"5":{"start":{"line":17,"column":19},"end":{"line":17,"column":45}},"6":{"start":{"line":18,"column":4},"end":{"line":20,"column":5}},"7":{"start":{"line":19,"column":8},"end":{"line":19,"column":113}},"8":{"start":{"line":21,"column":4},"end":{"line":21,"column":27}},"9":{"start":{"line":22,"column":4},"end":{"line":22,"column":11}},"10":{"start":{"line":25,"column":0},"end":{"line":28,"column":2}}},"fnMap":{"0":{"name":"(anonymous_0)","decl":{"start":{"line":16,"column":17},"end":{"line":16,"column":18}},"loc":{"start":{"line":16,"column":29},"end":{"line":23,"column":1}},"line":16},"1":{"name":"(anonymous_1)","decl":{"start":{"line":16,"column":29},"end":{"line":16,"column":30}},"loc":{"start":{"line":16,"column":49},"end":{"line":23,"column":1}},"line":16}},"branchMap":{"0":{"loc":{"start":{"line":18,"column":4},"end":{"line":20,"column":5}},"type":"if","locations":[{"start":{"line":18,"column":4},"end":{"line":20,"column":5}},{"start":{},"end":{}}],"line":18}},"s":{"0":1,"1":1,"2":1,"3":1,"4":2,"5":4,"6":4,"7":1,"8":3,"9":3,"10":1},"f":{"0":2,"1":4},"b":{"0":[1,3]},"_coverageSchema":"1a1c01bbd47fc00a2c39e90264f33305004495a9","hash":"0a3b5e35e0845e8826d23c18c82f204b3a871300"}
}
