{"total": {"lines":{"total":125,"covered":110,"skipped":0,"pct":88},"statements":{"total":127,"covered":111,"skipped":0,"pct":87.4},"functions":{"total":16,"covered":10,"skipped":0,"pct":62.5},"branches":{"total":20,"covered":13,"skipped":0,"pct":65},"branchesTrue":{"total":0,"covered":0,"skipped":0,"pct":100}}
,"/home/mahito/bloodbridge-soa/services/request-service/src/app.js": {"lines":{"total":32,"covered":30,"skipped":0,"pct":93.75},"functions":{"total":4,"covered":3,"skipped":0,"pct":75},"statements":{"total":32,"covered":30,"skipped":0,"pct":93.75},"branches":{"total":0,"covered":0,"skipped":0,"pct":100}}
,"/home/mahito/bloodbridge-soa/services/request-service/src/metrics.js": {"lines":{"total":18,"covered":11,"skipped":0,"pct":61.11},"functions":{"total":4,"covered":0,"skipped":0,"pct":0},"statements":{"total":19,"covered":11,"skipped":0,"pct":57.89},"branches":{"total":2,"covered":0,"skipped":0,"pct":0}}
,"/home/mahito/bloodbridge-soa/services/request-service/src/controllers/request.controller.js": {"lines":{"total":51,"covered":46,"skipped":0,"pct":90.19},"functions":{"total":4,"covered":4,"skipped":0,"pct":100},"statements":{"total":51,"covered":46,"skipped":0,"pct":90.19},"branches":{"total":12,"covered":11,"skipped":0,"pct":91.66}}
,"/home/mahito/bloodbridge-soa/services/request-service/src/docs/swagger.js": {"lines":{"total":1,"covered":1,"skipped":0,"pct":100},"functions":{"total":0,"covered":0,"skipped":0,"pct":100},"statements":{"total":1,"covered":1,"skipped":0,"pct":100},"branches":{"total":0,"covered":0,"skipped":0,"pct":100}}
,"/home/mahito/bloodbridge-soa/services/request-service/src/middleware/error.middleware.js": {"lines":{"total":5,"covered":4,"skipped":0,"pct":80},"functions":{"total":2,"covered":1,"skipped":0,"pct":50},"statements":{"total":5,"covered":4,"skipped":0,"pct":80},"branches":{"total":4,"covered":0,"skipped":0,"pct":0}}
,"/home/mahito/bloodbridge-soa/services/request-service/src/routes/request.routes.js": {"lines":{"total":8,"covered":8,"skipped":0,"pct":100},"functions":{"total":0,"covered":0,"skipped":0,"pct":100},"statements":{"total":8,"covered":8,"skipped":0,"pct":100},"branches":{"total":0,"covered":0,"skipped":0,"pct":100}}
,"/home/mahito/bloodbridge-soa/services/request-service/src/validators/request.validator.js": {"lines":{"total":10,"covered":10,"skipped":0,"pct":100},"functions":{"total":2,"covered":2,"skipped":0,"pct":100},"statements":{"total":11,"covered":11,"skipped":0,"pct":100},"branches":{"total":2,"covered":2,"skipped":0,"pct":100}}
}
