{"total": {"lines":{"total":125,"covered":112,"skipped":0,"pct":89.6},"statements":{"total":127,"covered":113,"skipped":0,"pct":88.97},"functions":{"total":16,"covered":11,"skipped":0,"pct":68.75},"branches":{"total":20,"covered":16,"skipped":0,"pct":80},"branchesTrue":{"total":0,"covered":0,"skipped":0,"pct":100}}
,"/home/mahito/bloodbridge-soa/services/request-service/src/app.js": {"lines":{"total":32,"covered":30,"skipped":0,"pct":93.75},"functions":{"total":4,"covered":3,"skipped":0,"pct":75},"statements":{"total":32,"covered":30,"skipped":0,"pct":93.75},"branches":{"total":0,"covered":0,"skipped":0,"pct":100}}
,"/home/mahito/bloodbridge-soa/services/request-service/src/metrics.js": {"lines":{"total":18,"covered":11,"skipped":0,"pct":61.11},"functions":{"total":4,"covered":0,"skipped":0,"pct":0},"statements":{"total":19,"covered":11,"skipped":0,"pct":57.89},"branches":{"total":2,"covered":0,"skipped":0,"pct":0}}
,"/home/mahito/bloodbridge-soa/services/request-service/src/controllers/request.controller.js": {"lines":{"total":51,"covered":47,"skipped":0,"pct":92.15},"functions":{"total":4,"covered":4,"skipped":0,"pct":100},"statements":{"total":51,"covered":47,"skipped":0,"pct":92.15},"branches":{"total":12,"covered":11,"skipped":0,"pct":91.66}}
,"/home/mahito/bloodbridge-soa/services/request-service/src/docs/swagger.js": {"lines":{"total":1,"covered":1,"skipped":0,"pct":100},"functions":{"total":0,"covered":0,"skipped":0,"pct":100},"statements":{"total":1,"covered":1,"skipped":0,"pct":100},"branches":{"total":0,"covered":0,"skipped":0,"pct":100}}
,"/home/mahito/bloodbridge-soa/services/request-service/src/middleware/error.middleware.js": {"lines":{"total":5,"covered":5,"skipped":0,"pct":100},"functions":{"total":2,"covered":2,"skipped":0,"pct":100},"statements":{"total":5,"covered":5,"skipped":0,"pct":100},"branches":{"total":4,"covered":3,"skipped":0,"pct":75}}
,"/home/mahito/bloodbridge-soa/services/request-service/src/routes/request.routes.js": {"lines":{"total":8,"covered":8,"skipped":0,"pct":100},"functions":{"total":0,"covered":0,"skipped":0,"pct":100},"statements":{"total":8,"covered":8,"skipped":0,"pct":100},"branches":{"total":0,"covered":0,"skipped":0,"pct":100}}
,"/home/mahito/bloodbridge-soa/services/request-service/src/validators/request.validator.js": {"lines":{"total":10,"covered":10,"skipped":0,"pct":100},"functions":{"total":2,"covered":2,"skipped":0,"pct":100},"statements":{"total":11,"covered":11,"skipped":0,"pct":100},"branches":{"total":2,"covered":2,"skipped":0,"pct":100}}
}
