TN:
SF:src/app.js
FN:13,(anonymous_0)
FN:16,(anonymous_1)
FN:32,(anonymous_2)
FN:36,(anonymous_3)
FNF:4
FNH:3
FNDA:11,(anonymous_0)
FNDA:11,(anonymous_1)
FNDA:1,(anonymous_2)
FNDA:0,(anonymous_3)
DA:1,1
DA:2,1
DA:3,1
DA:4,1
DA:5,1
DA:6,1
DA:7,1
DA:8,1
DA:10,1
DA:11,1
DA:13,1
DA:14,11
DA:15,11
DA:16,11
DA:17,11
DA:18,11
DA:19,11
DA:20,11
DA:22,11
DA:25,1
DA:26,1
DA:30,1
DA:32,1
DA:33,1
DA:36,1
DA:37,0
DA:38,0
DA:41,1
DA:42,1
DA:44,1
DA:45,1
DA:47,1
LF:32
LH:30
BRF:0
BRH:0
end_of_record
TN:
SF:src/metrics.js
FN:47,(anonymous_0)
FN:49,(anonymous_1)
FN:51,(anonymous_2)
FN:56,(anonymous_3)
FNF:4
FNH:4
FNDA:1,(anonymous_0)
FNDA:3,(anonymous_1)
FNDA:3,(anonymous_2)
FNDA:2,(anonymous_3)
DA:1,1
DA:3,1
DA:4,1
DA:6,1
DA:13,1
DA:21,1
DA:28,1
DA:34,1
DA:40,1
DA:47,1
DA:48,1
DA:49,3
DA:51,1
DA:52,3
DA:53,3
DA:56,1
DA:57,2
DA:61,1
LF:18
LH:18
BRDA:52,0,0,3
BRDA:52,0,1,2
BRF:2
BRH:2
end_of_record
TN:
SF:src/controllers/request.controller.js
FN:4,(anonymous_0)
FN:31,(anonymous_1)
FN:49,(anonymous_2)
FN:86,(anonymous_3)
FN:106,(anonymous_4)
FNF:5
FNH:4
FNDA:3,(anonymous_0)
FNDA:2,(anonymous_1)
FNDA:1,(anonymous_2)
FNDA:2,(anonymous_3)
FNDA:0,(anonymous_4)
DA:1,1
DA:2,1
DA:4,1
DA:5,3
DA:6,3
DA:7,3
DA:8,3
DA:9,3
DA:11,3
DA:12,1
DA:13,1
DA:14,1
DA:16,3
DA:17,1
DA:18,1
DA:19,1
DA:22,3
DA:24,3
DA:25,2
DA:27,1
DA:31,1
DA:32,2
DA:33,2
DA:34,2
DA:39,2
DA:40,1
DA:43,1
DA:45,0
DA:49,1
DA:50,1
DA:51,1
DA:53,1
DA:60,1
DA:63,1
DA:64,1
DA:65,1
DA:74,1
DA:75,1
DA:77,0
DA:80,1
DA:82,0
DA:86,1
DA:87,2
DA:88,2
DA:89,2
DA:91,2
DA:96,2
DA:97,1
DA:100,1
DA:102,0
DA:106,1
DA:107,0
DA:108,0
DA:109,0
DA:111,0
DA:116,0
DA:117,0
DA:120,0
DA:122,0
DA:126,1
LF:60
LH:48
BRDA:11,0,0,1
BRDA:11,0,1,2
BRDA:16,1,0,1
BRDA:16,1,1,2
BRDA:39,2,0,1
BRDA:39,2,1,1
BRDA:57,3,0,1
BRDA:57,3,1,1
BRDA:64,4,0,1
BRDA:64,4,1,0
BRDA:96,5,0,1
BRDA:96,5,1,1
BRDA:116,6,0,0
BRDA:116,6,1,0
BRF:14
BRH:11
end_of_record
TN:
SF:src/docs/swagger.js
FNF:0
FNH:0
DA:1,1
LF:1
LH:1
BRF:0
BRH:0
end_of_record
TN:
SF:src/middleware/auth.middleware.js
FN:3,(anonymous_0)
FNF:1
FNH:1
FNDA:4,(anonymous_0)
DA:1,1
DA:3,1
DA:4,4
DA:5,4
DA:7,4
DA:8,4
DA:9,4
DA:11,0
DA:15,1
LF:9
LH:8
BRDA:5,0,0,0
BRDA:5,0,1,4
BRDA:8,1,0,4
BRDA:8,1,1,4
BRF:4
BRH:3
end_of_record
TN:
SF:src/middleware/error.middleware.js
FN:1,(anonymous_0)
FN:5,(anonymous_1)
FNF:2
FNH:2
FNDA:1,(anonymous_0)
FNDA:1,(anonymous_1)
DA:1,1
DA:2,1
DA:5,1
DA:6,1
DA:9,1
LF:5
LH:5
BRDA:6,0,0,1
BRDA:6,0,1,1
BRDA:6,1,0,1
BRDA:6,1,1,0
BRF:4
BRH:3
end_of_record
TN:
SF:src/routes/request.routes.js
FNF:0
FNH:0
DA:1,1
DA:2,1
DA:3,1
DA:4,1
DA:6,1
DA:7,1
DA:9,1
DA:10,1
DA:11,1
DA:13,1
LF:10
LH:10
BRF:0
BRH:0
end_of_record
TN:
SF:src/validators/request.validator.js
FN:17,(anonymous_0)
FN:17,(anonymous_1)
FNF:2
FNH:2
FNDA:2,(anonymous_0)
FNDA:4,(anonymous_1)
DA:1,1
DA:3,1
DA:13,1
DA:17,2
DA:18,4
DA:19,4
DA:20,1
DA:22,3
DA:23,3
DA:26,1
LF:10
LH:10
BRDA:19,0,0,1
BRDA:19,0,1,3
BRF:2
BRH:2
end_of_record
