{"total": {"lines":{"total":50,"covered":45,"skipped":0,"pct":90},"statements":{"total":52,"covered":47,"skipped":0,"pct":90.38},"functions":{"total":6,"covered":6,"skipped":0,"pct":100},"branches":{"total":21,"covered":18,"skipped":0,"pct":85.71},"branchesTrue":{"total":0,"covered":0,"skipped":0,"pct":"Unknown"}}
,"/home/mahito/bloodbridge-soa/services/auth-service/src/index.js": {"lines":{"total":50,"covered":45,"skipped":0,"pct":90},"functions":{"total":6,"covered":6,"skipped":0,"pct":100},"statements":{"total":52,"covered":47,"skipped":0,"pct":90.38},"branches":{"total":21,"covered":18,"skipped":0,"pct":85.71}}
}
