{"/home/mahito/bloodbridge-soa/services/auth-service/src/app.js": {"path":"/home/mahito/bloodbridge-soa/services/auth-service/src/app.js","statementMap":{"0":{"start":{"line":1,"column":16},"end":{"line":1,"column":34}},"1":{"start":{"line":2,"column":13},"end":{"line":2,"column":28}},"2":{"start":{"line":3,"column":15},"end":{"line":3,"column":32}},"3":{"start":{"line":4,"column":18},"end":{"line":4,"column":47}},"4":{"start":{"line":5,"column":19},"end":{"line":5,"column":50}},"5":{"start":{"line":6,"column":24},"end":{"line":6,"column":49}},"6":{"start":{"line":7,"column":48},"end":{"line":7,"column":88}},"7":{"start":{"line":8,"column":16},"end":{"line":8,"column":36}},"8":{"start":{"line":10,"column":12},"end":{"line":10,"column":21}},"9":{"start":{"line":11,"column":21},"end":{"line":11,"column":35}},"10":{"start":{"line":13,"column":0},"end":{"line":23,"column":3}},"11":{"start":{"line":14,"column":16},"end":{"line":14,"column":26}},"12":{"start":{"line":15,"column":2},"end":{"line":15,"column":59}},"13":{"start":{"line":16,"column":2},"end":{"line":21,"column":5}},"14":{"start":{"line":17,"column":21},"end":{"line":17,"column":48}},"15":{"start":{"line":18,"column":4},"end":{"line":18,"column":117}},"16":{"start":{"line":19,"column":4},"end":{"line":19,"column":107}},"17":{"start":{"line":20,"column":4},"end":{"line":20,"column":61}},"18":{"start":{"line":22,"column":2},"end":{"line":22,"column":9}},"19":{"start":{"line":25,"column":0},"end":{"line":25,"column":18}},"20":{"start":{"line":26,"column":0},"end":{"line":29,"column":4}},"21":{"start":{"line":30,"column":0},"end":{"line":30,"column":24}},"22":{"start":{"line":32,"column":0},"end":{"line":34,"column":3}},"23":{"start":{"line":33,"column":2},"end":{"line":33,"column":57}},"24":{"start":{"line":36,"column":0},"end":{"line":39,"column":3}},"25":{"start":{"line":37,"column":2},"end":{"line":37,"column":56}},"26":{"start":{"line":38,"column":2},"end":{"line":38,"column":44}},"27":{"start":{"line":41,"column":0},"end":{"line":41,"column":72}},"28":{"start":{"line":42,"column":0},"end":{"line":42,"column":29}},"29":{"start":{"line":44,"column":0},"end":{"line":44,"column":28}},"30":{"start":{"line":45,"column":0},"end":{"line":45,"column":25}},"31":{"start":{"line":47,"column":0},"end":{"line":47,"column":21}}},"fnMap":{"0":{"name":"(anonymous_0)","decl":{"start":{"line":13,"column":8},"end":{"line":13,"column":9}},"loc":{"start":{"line":13,"column":28},"end":{"line":23,"column":1}},"line":13},"1":{"name":"(anonymous_1)","decl":{"start":{"line":16,"column":19},"end":{"line":16,"column":20}},"loc":{"start":{"line":16,"column":25},"end":{"line":21,"column":3}},"line":16},"2":{"name":"(anonymous_2)","decl":{"start":{"line":32,"column":19},"end":{"line":32,"column":20}},"loc":{"start":{"line":32,"column":33},"end":{"line":34,"column":1}},"line":32},"3":{"name":"(anonymous_3)","decl":{"start":{"line":36,"column":20},"end":{"line":36,"column":21}},"loc":{"start":{"line":36,"column":40},"end":{"line":39,"column":1}},"line":36}},"branchMap":{},"s":{"0":1,"1":1,"2":1,"3":1,"4":1,"5":1,"6":1,"7":1,"8":1,"9":1,"10":1,"11":12,"12":12,"13":12,"14":12,"15":12,"16":12,"17":12,"18":12,"19":1,"20":1,"21":1,"22":1,"23":1,"24":1,"25":0,"26":0,"27":1,"28":1,"29":1,"30":1,"31":1},"f":{"0":12,"1":12,"2":1,"3":0},"b":{},"_coverageSchema":"1a1c01bbd47fc00a2c39e90264f33305004495a9","hash":"4a96d9cd433ae10441fcd01f3fcf36246f68ac76"}
,"/home/mahito/bloodbridge-soa/services/auth-service/src/metrics.js": {"path":"/home/mahito/bloodbridge-soa/services/auth-service/src/metrics.js","statementMap":{"0":{"start":{"line":1,"column":15},"end":{"line":1,"column":37}},"1":{"start":{"line":3,"column":17},"end":{"line":3,"column":38}},"2":{"start":{"line":4,"column":0},"end":{"line":4,"column":43}},"3":{"start":{"line":6,"column":21},"end":{"line":11,"column":2}},"4":{"start":{"line":13,"column":21},"end":{"line":19,"column":2}},"5":{"start":{"line":21,"column":26},"end":{"line":26,"column":2}},"6":{"start":{"line":28,"column":19},"end":{"line":32,"column":2}},"7":{"start":{"line":34,"column":20},"end":{"line":39,"column":2}},"8":{"start":{"line":41,"column":26},"end":{"line":50,"column":1}},"9":{"start":{"line":42,"column":2},"end":{"line":42,"column":31}},"10":{"start":{"line":43,"column":21},"end":{"line":46,"column":8}},"11":{"start":{"line":44,"column":4},"end":{"line":44,"column":41}},"12":{"start":{"line":45,"column":4},"end":{"line":45,"column":15}},"13":{"start":{"line":47,"column":2},"end":{"line":49,"column":5}},"14":{"start":{"line":48,"column":4},"end":{"line":48,"column":37}},"15":{"start":{"line":52,"column":0},"end":{"line":60,"column":2}}},"fnMap":{"0":{"name":"(anonymous_0)","decl":{"start":{"line":41,"column":26},"end":{"line":41,"column":27}},"loc":{"start":{"line":41,"column":37},"end":{"line":50,"column":1}},"line":41},"1":{"name":"(anonymous_1)","decl":{"start":{"line":43,"column":34},"end":{"line":43,"column":35}},"loc":{"start":{"line":43,"column":46},"end":{"line":46,"column":3}},"line":43},"2":{"name":"(anonymous_2)","decl":{"start":{"line":47,"column":37},"end":{"line":47,"column":38}},"loc":{"start":{"line":47,"column":56},"end":{"line":49,"column":3}},"line":47}},"branchMap":{"0":{"loc":{"start":{"line":44,"column":19},"end":{"line":44,"column":35}},"type":"binary-expr","locations":[{"start":{"line":44,"column":19},"end":{"line":44,"column":30}},{"start":{"line":44,"column":34},"end":{"line":44,"column":35}}],"line":44}},"s":{"0":1,"1":1,"2":1,"3":1,"4":1,"5":1,"6":1,"7":1,"8":1,"9":0,"10":0,"11":0,"12":0,"13":0,"14":0,"15":1},"f":{"0":0,"1":0,"2":0},"b":{"0":[0,0]},"_coverageSchema":"1a1c01bbd47fc00a2c39e90264f33305004495a9","hash":"36b946af2fb54eb3f9e6f74750febca69603b526"}
,"/home/mahito/bloodbridge-soa/services/auth-service/src/controllers/auth.controller.js": {"path":"/home/mahito/bloodbridge-soa/services/auth-service/src/controllers/auth.controller.js","statementMap":{"0":{"start":{"line":1,"column":15},"end":{"line":1,"column":34}},"1":{"start":{"line":2,"column":12},"end":{"line":2,"column":35}},"2":{"start":{"line":3,"column":13},"end":{"line":3,"column":36}},"3":{"start":{"line":5,"column":18},"end":{"line":9,"column":1}},"4":{"start":{"line":5,"column":28},"end":{"line":9,"column":1}},"5":{"start":{"line":11,"column":21},"end":{"line":19,"column":2}},"6":{"start":{"line":11,"column":32},"end":{"line":19,"column":1}},"7":{"start":{"line":21,"column":17},"end":{"line":48,"column":1}},"8":{"start":{"line":22,"column":4},"end":{"line":47,"column":5}},"9":{"start":{"line":23,"column":72},"end":{"line":23,"column":80}},"10":{"start":{"line":25,"column":25},"end":{"line":25,"column":91}},"11":{"start":{"line":26,"column":8},"end":{"line":28,"column":9}},"12":{"start":{"line":27,"column":12},"end":{"line":27,"column":79}},"13":{"start":{"line":30,"column":31},"end":{"line":30,"column":62}},"14":{"start":{"line":31,"column":23},"end":{"line":36,"column":9}},"15":{"start":{"line":38,"column":21},"end":{"line":38,"column":35}},"16":{"start":{"line":40,"column":8},"end":{"line":44,"column":11}},"17":{"start":{"line":46,"column":8},"end":{"line":46,"column":20}},"18":{"start":{"line":50,"column":14},"end":{"line":73,"column":1}},"19":{"start":{"line":51,"column":4},"end":{"line":72,"column":5}},"20":{"start":{"line":52,"column":36},"end":{"line":52,"column":44}},"21":{"start":{"line":54,"column":23},"end":{"line":54,"column":88}},"22":{"start":{"line":55,"column":8},"end":{"line":57,"column":9}},"23":{"start":{"line":56,"column":12},"end":{"line":56,"column":74}},"24":{"start":{"line":59,"column":21},"end":{"line":59,"column":35}},"25":{"start":{"line":60,"column":22},"end":{"line":60,"column":67}},"26":{"start":{"line":61,"column":8},"end":{"line":63,"column":9}},"27":{"start":{"line":62,"column":12},"end":{"line":62,"column":74}},"28":{"start":{"line":65,"column":8},"end":{"line":69,"column":11}},"29":{"start":{"line":71,"column":8},"end":{"line":71,"column":20}},"30":{"start":{"line":75,"column":15},"end":{"line":89,"column":1}},"31":{"start":{"line":76,"column":4},"end":{"line":88,"column":5}},"32":{"start":{"line":77,"column":24},"end":{"line":77,"column":90}},"33":{"start":{"line":78,"column":23},"end":{"line":81,"column":9}},"34":{"start":{"line":82,"column":8},"end":{"line":84,"column":9}},"35":{"start":{"line":83,"column":12},"end":{"line":83,"column":83}},"36":{"start":{"line":85,"column":8},"end":{"line":85,"column":70}},"37":{"start":{"line":87,"column":8},"end":{"line":87,"column":71}},"38":{"start":{"line":91,"column":21},"end":{"line":114,"column":1}},"39":{"start":{"line":92,"column":4},"end":{"line":113,"column":5}},"40":{"start":{"line":93,"column":42},"end":{"line":93,"column":50}},"41":{"start":{"line":94,"column":8},"end":{"line":94,"column":87}},"42":{"start":{"line":94,"column":22},"end":{"line":94,"column":87}},"43":{"start":{"line":96,"column":24},"end":{"line":96,"column":83}},"44":{"start":{"line":97,"column":23},"end":{"line":100,"column":9}},"45":{"start":{"line":101,"column":8},"end":{"line":103,"column":9}},"46":{"start":{"line":102,"column":12},"end":{"line":102,"column":69}},"47":{"start":{"line":105,"column":21},"end":{"line":105,"column":35}},"48":{"start":{"line":106,"column":8},"end":{"line":110,"column":11}},"49":{"start":{"line":112,"column":8},"end":{"line":112,"column":65}},"50":{"start":{"line":116,"column":0},"end":{"line":116,"column":59}}},"fnMap":{"0":{"name":"(anonymous_0)","decl":{"start":{"line":5,"column":18},"end":{"line":5,"column":19}},"loc":{"start":{"line":5,"column":28},"end":{"line":9,"column":1}},"line":5},"1":{"name":"(anonymous_1)","decl":{"start":{"line":11,"column":21},"end":{"line":11,"column":22}},"loc":{"start":{"line":11,"column":32},"end":{"line":19,"column":1}},"line":11},"2":{"name":"(anonymous_2)","decl":{"start":{"line":21,"column":17},"end":{"line":21,"column":18}},"loc":{"start":{"line":21,"column":43},"end":{"line":48,"column":1}},"line":21},"3":{"name":"(anonymous_3)","decl":{"start":{"line":50,"column":14},"end":{"line":50,"column":15}},"loc":{"start":{"line":50,"column":40},"end":{"line":73,"column":1}},"line":50},"4":{"name":"(anonymous_4)","decl":{"start":{"line":75,"column":15},"end":{"line":75,"column":16}},"loc":{"start":{"line":75,"column":35},"end":{"line":89,"column":1}},"line":75},"5":{"name":"(anonymous_5)","decl":{"start":{"line":91,"column":21},"end":{"line":91,"column":22}},"loc":{"start":{"line":91,"column":47},"end":{"line":114,"column":1}},"line":91}},"branchMap":{"0":{"loc":{"start":{"line":7,"column":4},"end":{"line":7,"column":42}},"type":"binary-expr","locations":[{"start":{"line":7,"column":4},"end":{"line":7,"column":26}},{"start":{"line":7,"column":30},"end":{"line":7,"column":42}}],"line":7},"1":{"loc":{"start":{"line":26,"column":8},"end":{"line":28,"column":9}},"type":"if","locations":[{"start":{"line":26,"column":8},"end":{"line":28,"column":9}},{"start":{},"end":{}}],"line":26},"2":{"loc":{"start":{"line":35,"column":48},"end":{"line":35,"column":65}},"type":"binary-expr","locations":[{"start":{"line":35,"column":48},"end":{"line":35,"column":57}},{"start":{"line":35,"column":61},"end":{"line":35,"column":65}}],"line":35},"3":{"loc":{"start":{"line":35,"column":67},"end":{"line":35,"column":80}},"type":"binary-expr","locations":[{"start":{"line":35,"column":67},"end":{"line":35,"column":72}},{"start":{"line":35,"column":76},"end":{"line":35,"column":80}}],"line":35},"4":{"loc":{"start":{"line":35,"column":82},"end":{"line":35,"column":94}},"type":"binary-expr","locations":[{"start":{"line":35,"column":82},"end":{"line":35,"column":86}},{"start":{"line":35,"column":90},"end":{"line":35,"column":94}}],"line":35},"5":{"loc":{"start":{"line":55,"column":8},"end":{"line":57,"column":9}},"type":"if","locations":[{"start":{"line":55,"column":8},"end":{"line":57,"column":9}},{"start":{},"end":{}}],"line":55},"6":{"loc":{"start":{"line":61,"column":8},"end":{"line":63,"column":9}},"type":"if","locations":[{"start":{"line":61,"column":8},"end":{"line":63,"column":9}},{"start":{},"end":{}}],"line":61},"7":{"loc":{"start":{"line":77,"column":51},"end":{"line":77,"column":89}},"type":"binary-expr","locations":[{"start":{"line":77,"column":51},"end":{"line":77,"column":73}},{"start":{"line":77,"column":77},"end":{"line":77,"column":89}}],"line":77},"8":{"loc":{"start":{"line":82,"column":8},"end":{"line":84,"column":9}},"type":"if","locations":[{"start":{"line":82,"column":8},"end":{"line":84,"column":9}},{"start":{},"end":{}}],"line":82},"9":{"loc":{"start":{"line":94,"column":8},"end":{"line":94,"column":87}},"type":"if","locations":[{"start":{"line":94,"column":8},"end":{"line":94,"column":87}},{"start":{},"end":{}}],"line":94},"10":{"loc":{"start":{"line":96,"column":44},"end":{"line":96,"column":82}},"type":"binary-expr","locations":[{"start":{"line":96,"column":44},"end":{"line":96,"column":66}},{"start":{"line":96,"column":70},"end":{"line":96,"column":82}}],"line":96},"11":{"loc":{"start":{"line":101,"column":8},"end":{"line":103,"column":9}},"type":"if","locations":[{"start":{"line":101,"column":8},"end":{"line":103,"column":9}},{"start":{},"end":{}}],"line":101}},"s":{"0":1,"1":1,"2":1,"3":1,"4":3,"5":1,"6":4,"7":1,"8":2,"9":2,"10":2,"11":2,"12":1,"13":1,"14":1,"15":1,"16":1,"17":0,"18":1,"19":4,"20":4,"21":4,"22":3,"23":0,"24":3,"25":3,"26":3,"27":1,"28":2,"29":1,"30":1,"31":2,"32":2,"33":1,"34":1,"35":0,"36":1,"37":1,"38":1,"39":0,"40":0,"41":0,"42":0,"43":0,"44":0,"45":0,"46":0,"47":0,"48":0,"49":0,"50":1},"f":{"0":3,"1":4,"2":2,"3":4,"4":2,"5":0},"b":{"0":[3,3],"1":[1,1],"2":[1,0],"3":[1,1],"4":[1,1],"5":[0,3],"6":[1,2],"7":[2,2],"8":[0,1],"9":[0,0],"10":[0,0],"11":[0,0]},"_coverageSchema":"1a1c01bbd47fc00a2c39e90264f33305004495a9","hash":"541a3f5e5d2b386e50d72b6c5ee168d9087e948e"}
,"/home/mahito/bloodbridge-soa/services/auth-service/src/docs/swagger.js": {"path":"/home/mahito/bloodbridge-soa/services/auth-service/src/docs/swagger.js","statementMap":{"0":{"start":{"line":1,"column":0},"end":{"line":80,"column":2}}},"fnMap":{},"branchMap":{},"s":{"0":1},"f":{},"b":{},"_coverageSchema":"1a1c01bbd47fc00a2c39e90264f33305004495a9","hash":"6ad9486327a2459ae09dca901abca709e059c93a"}
,"/home/mahito/bloodbridge-soa/services/auth-service/src/middleware/error.middleware.js": {"path":"/home/mahito/bloodbridge-soa/services/auth-service/src/middleware/error.middleware.js","statementMap":{"0":{"start":{"line":1,"column":27},"end":{"line":3,"column":1}},"1":{"start":{"line":2,"column":4},"end":{"line":2,"column":89}},"2":{"start":{"line":5,"column":24},"end":{"line":8,"column":1}},"3":{"start":{"line":6,"column":19},"end":{"line":6,"column":36}},"4":{"start":{"line":7,"column":4},"end":{"line":7,"column":79}},"5":{"start":{"line":10,"column":0},"end":{"line":10,"column":57}}},"fnMap":{"0":{"name":"(anonymous_0)","decl":{"start":{"line":1,"column":27},"end":{"line":1,"column":28}},"loc":{"start":{"line":1,"column":41},"end":{"line":3,"column":1}},"line":1},"1":{"name":"(anonymous_1)","decl":{"start":{"line":5,"column":24},"end":{"line":5,"column":25}},"loc":{"start":{"line":5,"column":49},"end":{"line":8,"column":1}},"line":5}},"branchMap":{"0":{"loc":{"start":{"line":6,"column":19},"end":{"line":6,"column":36}},"type":"binary-expr","locations":[{"start":{"line":6,"column":19},"end":{"line":6,"column":29}},{"start":{"line":6,"column":33},"end":{"line":6,"column":36}}],"line":6},"1":{"loc":{"start":{"line":7,"column":37},"end":{"line":7,"column":75}},"type":"binary-expr","locations":[{"start":{"line":7,"column":37},"end":{"line":7,"column":48}},{"start":{"line":7,"column":52},"end":{"line":7,"column":75}}],"line":7}},"s":{"0":1,"1":1,"2":1,"3":1,"4":1,"5":1},"f":{"0":1,"1":1},"b":{"0":[1,1],"1":[1,0]},"_coverageSchema":"1a1c01bbd47fc00a2c39e90264f33305004495a9","hash":"5f1569455b627c136b2cceb91daee88a561ea48c"}
,"/home/mahito/bloodbridge-soa/services/auth-service/src/routes/auth.routes.js": {"path":"/home/mahito/bloodbridge-soa/services/auth-service/src/routes/auth.routes.js","statementMap":{"0":{"start":{"line":1,"column":15},"end":{"line":1,"column":42}},"1":{"start":{"line":2,"column":50},"end":{"line":2,"column":91}},"2":{"start":{"line":3,"column":60},"end":{"line":3,"column":99}},"3":{"start":{"line":5,"column":0},"end":{"line":5,"column":53}},"4":{"start":{"line":6,"column":0},"end":{"line":6,"column":44}},"5":{"start":{"line":7,"column":0},"end":{"line":7,"column":47}},"6":{"start":{"line":8,"column":0},"end":{"line":8,"column":38}},"7":{"start":{"line":10,"column":0},"end":{"line":10,"column":24}}},"fnMap":{},"branchMap":{},"s":{"0":1,"1":1,"2":1,"3":1,"4":1,"5":1,"6":1,"7":1},"f":{},"b":{},"_coverageSchema":"1a1c01bbd47fc00a2c39e90264f33305004495a9","hash":"ff5a02067ffe6db548dbe15c7a9eeb21e0dc4b74"}
,"/home/mahito/bloodbridge-soa/services/auth-service/src/validators/auth.validator.js": {"path":"/home/mahito/bloodbridge-soa/services/auth-service/src/validators/auth.validator.js","statementMap":{"0":{"start":{"line":1,"column":14},"end":{"line":1,"column":28}},"1":{"start":{"line":3,"column":23},"end":{"line":11,"column":2}},"2":{"start":{"line":13,"column":20},"end":{"line":16,"column":2}},"3":{"start":{"line":18,"column":21},"end":{"line":20,"column":2}},"4":{"start":{"line":22,"column":17},"end":{"line":29,"column":1}},"5":{"start":{"line":22,"column":29},"end":{"line":29,"column":1}},"6":{"start":{"line":23,"column":19},"end":{"line":23,"column":45}},"7":{"start":{"line":24,"column":4},"end":{"line":26,"column":5}},"8":{"start":{"line":25,"column":8},"end":{"line":25,"column":113}},"9":{"start":{"line":27,"column":4},"end":{"line":27,"column":27}},"10":{"start":{"line":28,"column":4},"end":{"line":28,"column":11}},"11":{"start":{"line":31,"column":0},"end":{"line":38,"column":2}}},"fnMap":{"0":{"name":"(anonymous_0)","decl":{"start":{"line":22,"column":17},"end":{"line":22,"column":18}},"loc":{"start":{"line":22,"column":29},"end":{"line":29,"column":1}},"line":22},"1":{"name":"(anonymous_1)","decl":{"start":{"line":22,"column":29},"end":{"line":22,"column":30}},"loc":{"start":{"line":22,"column":49},"end":{"line":29,"column":1}},"line":22}},"branchMap":{"0":{"loc":{"start":{"line":24,"column":4},"end":{"line":26,"column":5}},"type":"if","locations":[{"start":{"line":24,"column":4},"end":{"line":26,"column":5}},{"start":{},"end":{}}],"line":24}},"s":{"0":1,"1":1,"2":1,"3":1,"4":1,"5":3,"6":9,"7":9,"8":1,"9":8,"10":8,"11":1},"f":{"0":3,"1":9},"b":{"0":[1,8]},"_coverageSchema":"1a1c01bbd47fc00a2c39e90264f33305004495a9","hash":"d51c213138342fe7a0e02d22ec58de2eb54ea37c"}
}
