{"/home/mahito/bloodbridge-soa/services/auth-service/src/index.js": {"path":"/home/mahito/bloodbridge-soa/services/auth-service/src/index.js","statementMap":{"0":{"start":{"line":1,"column":0},"end":{"line":1,"column":49}},"1":{"start":{"line":3,"column":16},"end":{"line":3,"column":34}},"2":{"start":{"line":4,"column":15},"end":{"line":4,"column":34}},"3":{"start":{"line":5,"column":12},"end":{"line":5,"column":35}},"4":{"start":{"line":6,"column":13},"end":{"line":6,"column":28}},"5":{"start":{"line":8,"column":12},"end":{"line":8,"column":21}},"6":{"start":{"line":9,"column":0},"end":{"line":9,"column":16}},"7":{"start":{"line":10,"column":0},"end":{"line":10,"column":24}},"8":{"start":{"line":12,"column":14},"end":{"line":12,"column":16}},"9":{"start":{"line":14,"column":19},"end":{"line":14,"column":62}},"10":{"start":{"line":17,"column":0},"end":{"line":19,"column":3}},"11":{"start":{"line":18,"column":4},"end":{"line":18,"column":61}},"12":{"start":{"line":22,"column":0},"end":{"line":40,"column":3}},"13":{"start":{"line":23,"column":4},"end":{"line":39,"column":5}},"14":{"start":{"line":24,"column":56},"end":{"line":24,"column":64}},"15":{"start":{"line":25,"column":8},"end":{"line":27,"column":9}},"16":{"start":{"line":26,"column":12},"end":{"line":26,"column":93}},"17":{"start":{"line":28,"column":29},"end":{"line":28,"column":63}},"18":{"start":{"line":28,"column":45},"end":{"line":28,"column":62}},"19":{"start":{"line":29,"column":8},"end":{"line":31,"column":9}},"20":{"start":{"line":30,"column":12},"end":{"line":30,"column":74}},"21":{"start":{"line":32,"column":31},"end":{"line":32,"column":62}},"22":{"start":{"line":33,"column":21},"end":{"line":33,"column":98}},"23":{"start":{"line":34,"column":8},"end":{"line":34,"column":25}},"24":{"start":{"line":35,"column":22},"end":{"line":35,"column":116}},"25":{"start":{"line":36,"column":8},"end":{"line":36,"column":117}},"26":{"start":{"line":38,"column":8},"end":{"line":38,"column":63}},"27":{"start":{"line":43,"column":0},"end":{"line":62,"column":3}},"28":{"start":{"line":44,"column":4},"end":{"line":61,"column":5}},"29":{"start":{"line":45,"column":36},"end":{"line":45,"column":44}},"30":{"start":{"line":46,"column":8},"end":{"line":48,"column":9}},"31":{"start":{"line":47,"column":12},"end":{"line":47,"column":86}},"32":{"start":{"line":49,"column":21},"end":{"line":49,"column":55}},"33":{"start":{"line":49,"column":37},"end":{"line":49,"column":54}},"34":{"start":{"line":50,"column":8},"end":{"line":52,"column":9}},"35":{"start":{"line":51,"column":12},"end":{"line":51,"column":74}},"36":{"start":{"line":53,"column":32},"end":{"line":53,"column":77}},"37":{"start":{"line":54,"column":8},"end":{"line":56,"column":9}},"38":{"start":{"line":55,"column":12},"end":{"line":55,"column":74}},"39":{"start":{"line":57,"column":22},"end":{"line":57,"column":116}},"40":{"start":{"line":58,"column":8},"end":{"line":58,"column":104}},"41":{"start":{"line":60,"column":8},"end":{"line":60,"column":56}},"42":{"start":{"line":65,"column":0},"end":{"line":76,"column":3}},"43":{"start":{"line":66,"column":4},"end":{"line":75,"column":5}},"44":{"start":{"line":67,"column":26},"end":{"line":67,"column":34}},"45":{"start":{"line":68,"column":8},"end":{"line":70,"column":9}},"46":{"start":{"line":69,"column":12},"end":{"line":69,"column":72}},"47":{"start":{"line":71,"column":24},"end":{"line":71,"column":53}},"48":{"start":{"line":72,"column":8},"end":{"line":72,"column":102}},"49":{"start":{"line":74,"column":8},"end":{"line":74,"column":71}},"50":{"start":{"line":78,"column":13},"end":{"line":78,"column":38}},"51":{"start":{"line":83,"column":0},"end":{"line":83,"column":21}}},"fnMap":{"0":{"name":"(anonymous_0)","decl":{"start":{"line":17,"column":19},"end":{"line":17,"column":20}},"loc":{"start":{"line":17,"column":33},"end":{"line":19,"column":1}},"line":17},"1":{"name":"(anonymous_1)","decl":{"start":{"line":22,"column":27},"end":{"line":22,"column":28}},"loc":{"start":{"line":22,"column":47},"end":{"line":40,"column":1}},"line":22},"2":{"name":"(anonymous_2)","decl":{"start":{"line":28,"column":40},"end":{"line":28,"column":41}},"loc":{"start":{"line":28,"column":45},"end":{"line":28,"column":62}},"line":28},"3":{"name":"(anonymous_3)","decl":{"start":{"line":43,"column":24},"end":{"line":43,"column":25}},"loc":{"start":{"line":43,"column":44},"end":{"line":62,"column":1}},"line":43},"4":{"name":"(anonymous_4)","decl":{"start":{"line":49,"column":32},"end":{"line":49,"column":33}},"loc":{"start":{"line":49,"column":37},"end":{"line":49,"column":54}},"line":49},"5":{"name":"(anonymous_5)","decl":{"start":{"line":65,"column":25},"end":{"line":65,"column":26}},"loc":{"start":{"line":65,"column":39},"end":{"line":76,"column":1}},"line":65}},"branchMap":{"0":{"loc":{"start":{"line":14,"column":19},"end":{"line":14,"column":62}},"type":"binary-expr","locations":[{"start":{"line":14,"column":19},"end":{"line":14,"column":41}},{"start":{"line":14,"column":45},"end":{"line":14,"column":62}}],"line":14},"1":{"loc":{"start":{"line":25,"column":8},"end":{"line":27,"column":9}},"type":"if","locations":[{"start":{"line":25,"column":8},"end":{"line":27,"column":9}},{"start":{},"end":{}}],"line":25},"2":{"loc":{"start":{"line":25,"column":12},"end":{"line":25,"column":40}},"type":"binary-expr","locations":[{"start":{"line":25,"column":12},"end":{"line":25,"column":18}},{"start":{"line":25,"column":22},"end":{"line":25,"column":31}},{"start":{"line":25,"column":35},"end":{"line":25,"column":40}}],"line":25},"3":{"loc":{"start":{"line":29,"column":8},"end":{"line":31,"column":9}},"type":"if","locations":[{"start":{"line":29,"column":8},"end":{"line":31,"column":9}},{"start":{},"end":{}}],"line":29},"4":{"loc":{"start":{"line":46,"column":8},"end":{"line":48,"column":9}},"type":"if","locations":[{"start":{"line":46,"column":8},"end":{"line":48,"column":9}},{"start":{},"end":{}}],"line":46},"5":{"loc":{"start":{"line":46,"column":12},"end":{"line":46,"column":31}},"type":"binary-expr","locations":[{"start":{"line":46,"column":12},"end":{"line":46,"column":18}},{"start":{"line":46,"column":22},"end":{"line":46,"column":31}}],"line":46},"6":{"loc":{"start":{"line":50,"column":8},"end":{"line":52,"column":9}},"type":"if","locations":[{"start":{"line":50,"column":8},"end":{"line":52,"column":9}},{"start":{},"end":{}}],"line":50},"7":{"loc":{"start":{"line":54,"column":8},"end":{"line":56,"column":9}},"type":"if","locations":[{"start":{"line":54,"column":8},"end":{"line":56,"column":9}},{"start":{},"end":{}}],"line":54},"8":{"loc":{"start":{"line":68,"column":8},"end":{"line":70,"column":9}},"type":"if","locations":[{"start":{"line":68,"column":8},"end":{"line":70,"column":9}},{"start":{},"end":{}}],"line":68},"9":{"loc":{"start":{"line":78,"column":13},"end":{"line":78,"column":38}},"type":"binary-expr","locations":[{"start":{"line":78,"column":13},"end":{"line":78,"column":29}},{"start":{"line":78,"column":33},"end":{"line":78,"column":38}}],"line":78}},"s":{"0":1,"1":1,"2":1,"3":1,"4":1,"5":1,"6":1,"7":1,"8":1,"9":1,"10":1,"11":1,"12":1,"13":7,"14":7,"15":7,"16":3,"17":4,"18":6,"19":4,"20":0,"21":4,"22":4,"23":4,"24":4,"25":4,"26":0,"27":1,"28":4,"29":4,"30":4,"31":2,"32":2,"33":5,"34":2,"35":0,"36":2,"37":2,"38":1,"39":1,"40":1,"41":0,"42":1,"43":2,"44":2,"45":2,"46":0,"47":2,"48":1,"49":1,"50":1,"51":1},"f":{"0":1,"1":7,"2":6,"3":4,"4":5,"5":2},"b":{"0":[1,1],"1":[3,4],"2":[7,6,5],"3":[0,4],"4":[2,2],"5":[4,3],"6":[0,2],"7":[1,1],"8":[0,2],"9":[1,1]},"_coverageSchema":"1a1c01bbd47fc00a2c39e90264f33305004495a9","hash":"924b0a1262e733467d7845843b41d7ee179c5617"}
}
