TN:
SF:src/index.js
FN:17,(anonymous_0)
FN:22,(anonymous_1)
FN:28,(anonymous_2)
FN:43,(anonymous_3)
FN:49,(anonymous_4)
FN:65,(anonymous_5)
FNF:6
FNH:6
FNDA:1,(anonymous_0)
FNDA:7,(anonymous_1)
FNDA:6,(anonymous_2)
FNDA:4,(anonymous_3)
FNDA:5,(anonymous_4)
FNDA:2,(anonymous_5)
DA:1,1
DA:3,1
DA:4,1
DA:5,1
DA:6,1
DA:8,1
DA:9,1
DA:10,1
DA:12,1
DA:14,1
DA:17,1
DA:18,1
DA:22,1
DA:23,7
DA:24,7
DA:25,7
DA:26,3
DA:28,6
DA:29,4
DA:30,0
DA:32,4
DA:33,4
DA:34,4
DA:35,4
DA:36,4
DA:38,0
DA:43,1
DA:44,4
DA:45,4
DA:46,4
DA:47,2
DA:49,5
DA:50,2
DA:51,0
DA:53,2
DA:54,2
DA:55,1
DA:57,1
DA:58,1
DA:60,0
DA:65,1
DA:66,2
DA:67,2
DA:68,2
DA:69,0
DA:71,2
DA:72,1
DA:74,1
DA:78,1
DA:83,1
LF:50
LH:45
BRDA:14,0,0,1
BRDA:14,0,1,1
BRDA:25,1,0,3
BRDA:25,1,1,4
BRDA:25,2,0,7
BRDA:25,2,1,6
BRDA:25,2,2,5
BRDA:29,3,0,0
BRDA:29,3,1,4
BRDA:46,4,0,2
BRDA:46,4,1,2
BRDA:46,5,0,4
BRDA:46,5,1,3
BRDA:50,6,0,0
BRDA:50,6,1,2
BRDA:54,7,0,1
BRDA:54,7,1,1
BRDA:68,8,0,0
BRDA:68,8,1,2
BRDA:78,9,0,1
BRDA:78,9,1,1
BRF:21
BRH:18
end_of_record
