TN:
SF:src/app.js
FN:13,(anonymous_0)
FN:16,(anonymous_1)
FN:32,(anonymous_2)
FN:36,(anonymous_3)
FNF:4
FNH:3
FNDA:12,(anonymous_0)
FNDA:12,(anonymous_1)
FNDA:1,(anonymous_2)
FNDA:0,(anonymous_3)
DA:1,1
DA:2,1
DA:3,1
DA:4,1
DA:5,1
DA:6,1
DA:7,1
DA:8,1
DA:10,1
DA:11,1
DA:13,1
DA:14,12
DA:15,12
DA:16,12
DA:17,12
DA:18,12
DA:19,12
DA:20,12
DA:22,12
DA:25,1
DA:26,1
DA:30,1
DA:32,1
DA:33,1
DA:36,1
DA:37,0
DA:38,0
DA:41,1
DA:42,1
DA:44,1
DA:45,1
DA:47,1
LF:32
LH:30
BRF:0
BRH:0
end_of_record
TN:
SF:src/metrics.js
FN:41,(anonymous_0)
FN:43,(anonymous_1)
FN:47,(anonymous_2)
FNF:3
FNH:0
FNDA:0,(anonymous_0)
FNDA:0,(anonymous_1)
FNDA:0,(anonymous_2)
DA:1,1
DA:3,1
DA:4,1
DA:6,1
DA:13,1
DA:21,1
DA:28,1
DA:34,1
DA:41,1
DA:42,0
DA:43,0
DA:44,0
DA:45,0
DA:47,0
DA:48,0
DA:52,1
LF:16
LH:10
BRDA:44,0,0,0
BRDA:44,0,1,0
BRF:2
BRH:0
end_of_record
TN:
SF:src/controllers/auth.controller.js
FN:5,(anonymous_0)
FN:11,(anonymous_1)
FN:21,(anonymous_2)
FN:50,(anonymous_3)
FN:75,(anonymous_4)
FNF:5
FNH:5
FNDA:3,(anonymous_0)
FNDA:4,(anonymous_1)
FNDA:2,(anonymous_2)
FNDA:4,(anonymous_3)
FNDA:2,(anonymous_4)
DA:1,1
DA:2,1
DA:3,1
DA:5,3
DA:11,4
DA:21,1
DA:22,2
DA:23,2
DA:25,2
DA:26,2
DA:27,1
DA:30,1
DA:31,1
DA:38,1
DA:40,1
DA:46,0
DA:50,1
DA:51,4
DA:52,4
DA:54,4
DA:55,3
DA:56,0
DA:59,3
DA:60,3
DA:61,3
DA:62,1
DA:65,2
DA:71,1
DA:75,1
DA:76,2
DA:77,2
DA:78,1
DA:82,1
DA:83,0
DA:85,1
DA:87,1
DA:91,1
LF:37
LH:34
BRDA:7,0,0,3
BRDA:7,0,1,3
BRDA:26,1,0,1
BRDA:26,1,1,1
BRDA:35,2,0,1
BRDA:35,2,1,0
BRDA:35,3,0,1
BRDA:35,3,1,1
BRDA:35,4,0,1
BRDA:35,4,1,1
BRDA:55,5,0,0
BRDA:55,5,1,3
BRDA:61,6,0,1
BRDA:61,6,1,2
BRDA:77,7,0,2
BRDA:77,7,1,2
BRDA:82,8,0,0
BRDA:82,8,1,1
BRF:18
BRH:15
end_of_record
TN:
SF:src/docs/swagger.js
FNF:0
FNH:0
DA:1,1
LF:1
LH:1
BRF:0
BRH:0
end_of_record
TN:
SF:src/middleware/error.middleware.js
FN:1,(anonymous_0)
FN:5,(anonymous_1)
FNF:2
FNH:2
FNDA:1,(anonymous_0)
FNDA:1,(anonymous_1)
DA:1,1
DA:2,1
DA:5,1
DA:6,1
DA:7,1
DA:10,1
LF:6
LH:6
BRDA:6,0,0,1
BRDA:6,0,1,1
BRDA:7,1,0,1
BRDA:7,1,1,0
BRF:4
BRH:3
end_of_record
TN:
SF:src/routes/auth.routes.js
FNF:0
FNH:0
DA:1,1
DA:2,1
DA:3,1
DA:5,1
DA:6,1
DA:7,1
DA:9,1
LF:7
LH:7
BRF:0
BRH:0
end_of_record
TN:
SF:src/validators/auth.validator.js
FN:22,(anonymous_0)
FN:22,(anonymous_1)
FNF:2
FNH:2
FNDA:3,(anonymous_0)
FNDA:9,(anonymous_1)
DA:1,1
DA:3,1
DA:13,1
DA:18,1
DA:22,3
DA:23,9
DA:24,9
DA:25,1
DA:27,8
DA:28,8
DA:31,1
LF:11
LH:11
BRDA:24,0,0,1
BRDA:24,0,1,8
BRF:2
BRH:2
end_of_record
