<?xml version="1.0" encoding="UTF-8"?>
<coverage generated="1778578370475" clover="3.2.0">
  <project timestamp="1778578370475" name="All files">
    <metrics statements="32" coveredstatements="30" conditionals="21" coveredconditionals="16" methods="5" coveredmethods="4" elements="58" coveredelements="50" complexity="0" loc="32" ncloc="32" packages="1" files="1" classes="1"/>
    <file name="index.js" path="/home/mahito/bloodbridge-soa/services/location-service/src/index.js">
      <metrics statements="32" coveredstatements="30" conditionals="21" coveredconditionals="16" methods="5" coveredmethods="4"/>
      <line num="1" count="1" type="stmt"/>
      <line num="3" count="1" type="stmt"/>
      <line num="4" count="1" type="stmt"/>
      <line num="5" count="1" type="stmt"/>
      <line num="7" count="1" type="stmt"/>
      <line num="8" count="1" type="stmt"/>
      <line num="9" count="1" type="stmt"/>
      <line num="11" count="1" type="stmt"/>
      <line num="12" count="1" type="cond" truecount="2" falsecount="0"/>
      <line num="15" count="1" type="stmt"/>
      <line num="16" count="3" type="stmt"/>
      <line num="17" count="3" type="cond" truecount="1" falsecount="1"/>
      <line num="18" count="3" type="stmt"/>
      <line num="19" count="3" type="stmt"/>
      <line num="20" count="3" type="stmt"/>
      <line num="22" count="0" type="stmt"/>
      <line num="27" count="1" type="stmt"/>
      <line num="28" count="1" type="stmt"/>
      <line num="32" count="1" type="stmt"/>
      <line num="33" count="2" type="stmt"/>
      <line num="34" count="2" type="cond" truecount="6" falsecount="0"/>
      <line num="35" count="1" type="stmt"/>
      <line num="38" count="1" type="cond" truecount="0" falsecount="3"/>
      <line num="39" count="1" type="stmt"/>
      <line num="43" count="1" type="stmt"/>
      <line num="44" count="1" type="stmt"/>
      <line num="45" count="1" type="cond" truecount="5" falsecount="1"/>
      <line num="46" count="0" type="stmt"/>
      <line num="49" count="1" type="stmt"/>
      <line num="50" count="1" type="stmt"/>
      <line num="53" count="1" type="cond" truecount="2" falsecount="0"/>
      <line num="58" count="1" type="stmt"/>
    </file>
  </project>
</coverage>
