<?xml version="1.0" encoding="UTF-8"?>
<coverage generated="1780480788026" clover="3.2.0">
  <project timestamp="1780480788026" name="All files">
    <metrics statements="91" coveredstatements="90" conditionals="70" coveredconditionals="66" methods="18" coveredmethods="18" elements="179" coveredelements="174" complexity="0" loc="91" ncloc="91" packages="1" files="1" classes="1"/>
    <file name="index.js" path="/home/mahito/bloodbridge-soa/services/location-service/src/index.js">
      <metrics statements="91" coveredstatements="90" conditionals="70" coveredconditionals="66" methods="18" coveredmethods="18"/>
      <line num="1" count="1" type="stmt"/>
      <line num="3" count="1" type="stmt"/>
      <line num="4" count="1" type="stmt"/>
      <line num="8" count="1" type="stmt"/>
      <line num="10" count="1" type="stmt"/>
      <line num="11" count="1" type="stmt"/>
      <line num="12" count="1" type="stmt"/>
      <line num="14" count="1" type="stmt"/>
      <line num="16" count="1" type="stmt"/>
      <line num="17" count="1" type="stmt"/>
      <line num="18" count="1" type="stmt"/>
      <line num="21" count="1" type="stmt"/>
      <line num="32" count="1" type="stmt"/>
      <line num="33" count="1" type="stmt"/>
      <line num="36" count="1" type="stmt"/>
      <line num="37" count="42" type="stmt"/>
      <line num="38" count="42" type="stmt"/>
      <line num="40" count="42" type="cond" truecount="2" falsecount="0"/>
      <line num="41" count="1" type="stmt"/>
      <line num="44" count="41" type="cond" truecount="2" falsecount="0"/>
      <line num="45" count="1" type="stmt"/>
      <line num="48" count="40" type="cond" truecount="5" falsecount="0"/>
      <line num="49" count="1" type="stmt"/>
      <line num="52" count="39" type="stmt"/>
      <line num="61" count="39" type="stmt"/>
      <line num="63" count="39" type="stmt"/>
      <line num="66" count="1" type="stmt"/>
      <line num="67" count="2" type="stmt"/>
      <line num="69" count="2" type="cond" truecount="2" falsecount="0"/>
      <line num="70" count="1" type="stmt"/>
      <line num="73" count="1" type="stmt"/>
      <line num="76" count="1" type="stmt"/>
      <line num="77" count="2" type="stmt"/>
      <line num="79" count="2" type="cond" truecount="2" falsecount="0"/>
      <line num="80" count="1" type="stmt"/>
      <line num="83" count="1" type="stmt"/>
      <line num="86" count="1" type="stmt"/>
      <line num="87" count="8" type="stmt"/>
      <line num="89" count="8" type="cond" truecount="2" falsecount="0"/>
      <line num="90" count="1" type="stmt"/>
      <line num="93" count="7" type="cond" truecount="1" falsecount="1"/>
      <line num="94" count="7" type="cond" truecount="2" falsecount="0"/>
      <line num="95" count="1" type="stmt"/>
      <line num="98" count="6" type="cond" truecount="3" falsecount="1"/>
      <line num="99" count="0" type="stmt"/>
      <line num="102" count="6" type="stmt"/>
      <line num="103" count="6" type="stmt"/>
      <line num="104" count="25" type="stmt"/>
      <line num="105" count="19" type="stmt"/>
      <line num="106" count="17" type="stmt"/>
      <line num="108" count="14" type="stmt"/>
      <line num="110" count="14" type="stmt"/>
      <line num="116" count="18" type="stmt"/>
      <line num="118" count="6" type="stmt"/>
      <line num="130" count="1" type="stmt"/>
      <line num="131" count="2" type="cond" truecount="1" falsecount="1"/>
      <line num="132" count="2" type="cond" truecount="2" falsecount="0"/>
      <line num="134" count="2" type="cond" truecount="4" falsecount="0"/>
      <line num="135" count="1" type="stmt"/>
      <line num="138" count="1" type="stmt"/>
      <line num="142" count="1" type="stmt"/>
      <line num="143" count="2" type="stmt"/>
      <line num="144" count="2" type="stmt"/>
      <line num="146" count="2" type="cond" truecount="4" falsecount="0"/>
      <line num="147" count="1" type="stmt"/>
      <line num="150" count="1" type="stmt"/>
      <line num="154" count="32" type="cond" truecount="4" falsecount="0"/>
      <line num="156" count="18" type="stmt"/>
      <line num="157" count="18" type="cond" truecount="2" falsecount="0"/>
      <line num="159" count="17" type="stmt"/>
      <line num="163" count="59" type="cond" truecount="2" falsecount="0"/>
      <line num="164" count="59" type="cond" truecount="2" falsecount="0"/>
      <line num="166" count="59" type="cond" truecount="4" falsecount="0"/>
      <line num="167" count="3" type="stmt"/>
      <line num="170" count="56" type="cond" truecount="4" falsecount="0"/>
      <line num="171" count="1" type="stmt"/>
      <line num="174" count="55" type="cond" truecount="4" falsecount="0"/>
      <line num="175" count="1" type="stmt"/>
      <line num="178" count="54" type="stmt"/>
      <line num="182" count="8" type="stmt"/>
      <line num="184" count="8" type="cond" truecount="4" falsecount="0"/>
      <line num="185" count="1" type="stmt"/>
      <line num="188" count="7" type="cond" truecount="2" falsecount="0"/>
      <line num="189" count="1" type="stmt"/>
      <line num="192" count="6" type="stmt"/>
      <line num="196" count="31" type="stmt"/>
      <line num="203" count="2" type="stmt"/>
      <line num="205" count="2" type="stmt"/>
      <line num="213" count="18" type="stmt"/>
      <line num="216" count="1" type="cond" truecount="2" falsecount="0"/>
      <line num="222" count="1" type="stmt"/>
    </file>
  </project>
</coverage>
