{"/home/mahito/bloodbridge-soa/services/location-service/src/index.js": {"path":"/home/mahito/bloodbridge-soa/services/location-service/src/index.js","statementMap":{"0":{"start":{"line":1,"column":0},"end":{"line":1,"column":49}},"1":{"start":{"line":3,"column":16},"end":{"line":3,"column":34}},"2":{"start":{"line":4,"column":12},"end":{"line":4,"column":35}},"3":{"start":{"line":5,"column":13},"end":{"line":5,"column":28}},"4":{"start":{"line":7,"column":12},"end":{"line":7,"column":21}},"5":{"start":{"line":8,"column":0},"end":{"line":8,"column":16}},"6":{"start":{"line":9,"column":0},"end":{"line":9,"column":24}},"7":{"start":{"line":11,"column":15},"end":{"line":11,"column":17}},"8":{"start":{"line":12,"column":19},"end":{"line":12,"column":62}},"9":{"start":{"line":15,"column":21},"end":{"line":24,"column":1}},"10":{"start":{"line":16,"column":18},"end":{"line":16,"column":58}},"11":{"start":{"line":17,"column":4},"end":{"line":17,"column":72}},"12":{"start":{"line":17,"column":16},"end":{"line":17,"column":72}},"13":{"start":{"line":18,"column":4},"end":{"line":23,"column":5}},"14":{"start":{"line":19,"column":8},"end":{"line":19,"column":49}},"15":{"start":{"line":20,"column":8},"end":{"line":20,"column":15}},"16":{"start":{"line":22,"column":8},"end":{"line":22,"column":57}},"17":{"start":{"line":27,"column":0},"end":{"line":29,"column":3}},"18":{"start":{"line":28,"column":4},"end":{"line":28,"column":65}},"19":{"start":{"line":32,"column":0},"end":{"line":40,"column":3}},"20":{"start":{"line":33,"column":44},"end":{"line":33,"column":52}},"21":{"start":{"line":34,"column":4},"end":{"line":36,"column":5}},"22":{"start":{"line":35,"column":8},"end":{"line":35,"column":95}},"23":{"start":{"line":38,"column":19},"end":{"line":38,"column":110}},"24":{"start":{"line":38,"column":38},"end":{"line":38,"column":109}},"25":{"start":{"line":39,"column":4},"end":{"line":39,"column":21}},"26":{"start":{"line":43,"column":0},"end":{"line":51,"column":3}},"27":{"start":{"line":44,"column":39},"end":{"line":44,"column":48}},"28":{"start":{"line":45,"column":4},"end":{"line":47,"column":5}},"29":{"start":{"line":46,"column":8},"end":{"line":46,"column":71}},"30":{"start":{"line":49,"column":21},"end":{"line":49,"column":77}},"31":{"start":{"line":50,"column":4},"end":{"line":50,"column":61}},"32":{"start":{"line":53,"column":13},"end":{"line":53,"column":38}},"33":{"start":{"line":58,"column":0},"end":{"line":58,"column":21}}},"fnMap":{"0":{"name":"(anonymous_0)","decl":{"start":{"line":15,"column":21},"end":{"line":15,"column":22}},"loc":{"start":{"line":15,"column":41},"end":{"line":24,"column":1}},"line":15},"1":{"name":"(anonymous_1)","decl":{"start":{"line":27,"column":19},"end":{"line":27,"column":20}},"loc":{"start":{"line":27,"column":33},"end":{"line":29,"column":1}},"line":27},"2":{"name":"(anonymous_2)","decl":{"start":{"line":32,"column":43},"end":{"line":32,"column":44}},"loc":{"start":{"line":32,"column":57},"end":{"line":40,"column":1}},"line":32},"3":{"name":"(anonymous_3)","decl":{"start":{"line":38,"column":33},"end":{"line":38,"column":34}},"loc":{"start":{"line":38,"column":38},"end":{"line":38,"column":109}},"line":38},"4":{"name":"(anonymous_4)","decl":{"start":{"line":43,"column":44},"end":{"line":43,"column":45}},"loc":{"start":{"line":43,"column":58},"end":{"line":51,"column":1}},"line":43}},"branchMap":{"0":{"loc":{"start":{"line":12,"column":19},"end":{"line":12,"column":62}},"type":"binary-expr","locations":[{"start":{"line":12,"column":19},"end":{"line":12,"column":41}},{"start":{"line":12,"column":45},"end":{"line":12,"column":62}}],"line":12},"1":{"loc":{"start":{"line":17,"column":4},"end":{"line":17,"column":72}},"type":"if","locations":[{"start":{"line":17,"column":4},"end":{"line":17,"column":72}},{"start":{},"end":{}}],"line":17},"2":{"loc":{"start":{"line":34,"column":4},"end":{"line":36,"column":5}},"type":"if","locations":[{"start":{"line":34,"column":4},"end":{"line":36,"column":5}},{"start":{},"end":{}}],"line":34},"3":{"loc":{"start":{"line":34,"column":8},"end":{"line":34,"column":45}},"type":"binary-expr","locations":[{"start":{"line":34,"column":8},"end":{"line":34,"column":12}},{"start":{"line":34,"column":16},"end":{"line":34,"column":20}},{"start":{"line":34,"column":24},"end":{"line":34,"column":34}},{"start":{"line":34,"column":38},"end":{"line":34,"column":45}}],"line":34},"4":{"loc":{"start":{"line":38,"column":38},"end":{"line":38,"column":109}},"type":"binary-expr","locations":[{"start":{"line":38,"column":38},"end":{"line":38,"column":63}},{"start":{"line":38,"column":67},"end":{"line":38,"column":78}},{"start":{"line":38,"column":82},"end":{"line":38,"column":109}}],"line":38},"5":{"loc":{"start":{"line":45,"column":4},"end":{"line":47,"column":5}},"type":"if","locations":[{"start":{"line":45,"column":4},"end":{"line":47,"column":5}},{"start":{},"end":{}}],"line":45},"6":{"loc":{"start":{"line":45,"column":8},"end":{"line":45,"column":40}},"type":"binary-expr","locations":[{"start":{"line":45,"column":8},"end":{"line":45,"column":13}},{"start":{"line":45,"column":17},"end":{"line":45,"column":22}},{"start":{"line":45,"column":26},"end":{"line":45,"column":31}},{"start":{"line":45,"column":35},"end":{"line":45,"column":40}}],"line":45},"7":{"loc":{"start":{"line":53,"column":13},"end":{"line":53,"column":38}},"type":"binary-expr","locations":[{"start":{"line":53,"column":13},"end":{"line":53,"column":29}},{"start":{"line":53,"column":33},"end":{"line":53,"column":38}}],"line":53}},"s":{"0":1,"1":1,"2":1,"3":1,"4":1,"5":1,"6":1,"7":1,"8":1,"9":1,"10":3,"11":3,"12":0,"13":3,"14":3,"15":3,"16":0,"17":1,"18":1,"19":1,"20":2,"21":2,"22":1,"23":1,"24":0,"25":1,"26":1,"27":1,"28":1,"29":0,"30":1,"31":1,"32":1,"33":1},"f":{"0":3,"1":1,"2":2,"3":0,"4":1},"b":{"0":[1,1],"1":[0,3],"2":[1,1],"3":[2,1,1,1],"4":[0,0,0],"5":[0,1],"6":[1,1,1,1],"7":[1,1]},"_coverageSchema":"1a1c01bbd47fc00a2c39e90264f33305004495a9","hash":"04bac75ede25d0f81944c6b7d8b4ea5ae2d8ad45"}
}
