{"/home/mahito/bloodbridge-soa/services/location-service/src/app.js": {"path":"/home/mahito/bloodbridge-soa/services/location-service/src/app.js","statementMap":{"0":{"start":{"line":1,"column":16},"end":{"line":1,"column":34}},"1":{"start":{"line":2,"column":13},"end":{"line":2,"column":28}},"2":{"start":{"line":3,"column":15},"end":{"line":3,"column":32}},"3":{"start":{"line":4,"column":18},"end":{"line":4,"column":47}},"4":{"start":{"line":5,"column":23},"end":{"line":5,"column":58}},"5":{"start":{"line":6,"column":24},"end":{"line":6,"column":49}},"6":{"start":{"line":7,"column":48},"end":{"line":7,"column":88}},"7":{"start":{"line":9,"column":12},"end":{"line":9,"column":21}},"8":{"start":{"line":11,"column":0},"end":{"line":11,"column":18}},"9":{"start":{"line":12,"column":0},"end":{"line":12,"column":16}},"10":{"start":{"line":13,"column":0},"end":{"line":13,"column":24}},"11":{"start":{"line":15,"column":0},"end":{"line":17,"column":3}},"12":{"start":{"line":16,"column":4},"end":{"line":16,"column":65}},"13":{"start":{"line":19,"column":0},"end":{"line":19,"column":72}},"14":{"start":{"line":20,"column":0},"end":{"line":20,"column":37}},"15":{"start":{"line":22,"column":0},"end":{"line":22,"column":28}},"16":{"start":{"line":23,"column":0},"end":{"line":23,"column":25}},"17":{"start":{"line":25,"column":0},"end":{"line":25,"column":21}}},"fnMap":{"0":{"name":"(anonymous_0)","decl":{"start":{"line":15,"column":19},"end":{"line":15,"column":20}},"loc":{"start":{"line":15,"column":33},"end":{"line":17,"column":1}},"line":15}},"branchMap":{},"s":{"0":1,"1":1,"2":1,"3":1,"4":1,"5":1,"6":1,"7":1,"8":1,"9":1,"10":1,"11":1,"12":1,"13":1,"14":1,"15":1,"16":1,"17":1},"f":{"0":1},"b":{},"_coverageSchema":"1a1c01bbd47fc00a2c39e90264f33305004495a9","hash":"788c750767ea4b78b2ada622d832bf40794cacd2"}
,"/home/mahito/bloodbridge-soa/services/location-service/src/controllers/location.controller.js": {"path":"/home/mahito/bloodbridge-soa/services/location-service/src/controllers/location.controller.js","statementMap":{"0":{"start":{"line":1,"column":21},"end":{"line":5,"column":1}},"1":{"start":{"line":7,"column":18},"end":{"line":7,"column":56}},"2":{"start":{"line":7,"column":31},"end":{"line":7,"column":56}},"3":{"start":{"line":9,"column":28},"end":{"line":20,"column":1}},"4":{"start":{"line":10,"column":26},"end":{"line":10,"column":30}},"5":{"start":{"line":11,"column":17},"end":{"line":11,"column":55}},"6":{"start":{"line":12,"column":17},"end":{"line":12,"column":57}},"7":{"start":{"line":13,"column":17},"end":{"line":13,"column":41}},"8":{"start":{"line":14,"column":17},"end":{"line":14,"column":39}},"9":{"start":{"line":16,"column":14},"end":{"line":17,"column":67}},"10":{"start":{"line":18,"column":14},"end":{"line":18,"column":60}},"11":{"start":{"line":19,"column":4},"end":{"line":19,"column":50}},"12":{"start":{"line":22,"column":25},"end":{"line":35,"column":1}},"13":{"start":{"line":23,"column":19},"end":{"line":23,"column":81}},"14":{"start":{"line":24,"column":19},"end":{"line":32,"column":52}},"15":{"start":{"line":25,"column":27},"end":{"line":25,"column":42}},"16":{"start":{"line":26,"column":27},"end":{"line":26,"column":88}},"17":{"start":{"line":27,"column":25},"end":{"line":30,"column":9}},"18":{"start":{"line":31,"column":27},"end":{"line":31,"column":64}},"19":{"start":{"line":32,"column":24},"end":{"line":32,"column":51}},"20":{"start":{"line":34,"column":4},"end":{"line":34,"column":25}},"21":{"start":{"line":37,"column":20},"end":{"line":39,"column":1}},"22":{"start":{"line":38,"column":4},"end":{"line":38,"column":78}},"23":{"start":{"line":41,"column":0},"end":{"line":41,"column":72}}},"fnMap":{"0":{"name":"(anonymous_0)","decl":{"start":{"line":7,"column":18},"end":{"line":7,"column":19}},"loc":{"start":{"line":7,"column":31},"end":{"line":7,"column":56}},"line":7},"1":{"name":"(anonymous_1)","decl":{"start":{"line":9,"column":28},"end":{"line":9,"column":29}},"loc":{"start":{"line":9,"column":42},"end":{"line":20,"column":1}},"line":9},"2":{"name":"(anonymous_2)","decl":{"start":{"line":22,"column":25},"end":{"line":22,"column":26}},"loc":{"start":{"line":22,"column":39},"end":{"line":35,"column":1}},"line":22},"3":{"name":"(anonymous_3)","decl":{"start":{"line":25,"column":16},"end":{"line":25,"column":17}},"loc":{"start":{"line":25,"column":27},"end":{"line":25,"column":42}},"line":25},"4":{"name":"(anonymous_4)","decl":{"start":{"line":26,"column":16},"end":{"line":26,"column":17}},"loc":{"start":{"line":26,"column":27},"end":{"line":26,"column":88}},"line":26},"5":{"name":"(anonymous_5)","decl":{"start":{"line":27,"column":13},"end":{"line":27,"column":14}},"loc":{"start":{"line":27,"column":25},"end":{"line":30,"column":9}},"line":27},"6":{"name":"(anonymous_6)","decl":{"start":{"line":31,"column":16},"end":{"line":31,"column":17}},"loc":{"start":{"line":31,"column":27},"end":{"line":31,"column":64}},"line":31},"7":{"name":"(anonymous_7)","decl":{"start":{"line":32,"column":14},"end":{"line":32,"column":15}},"loc":{"start":{"line":32,"column":24},"end":{"line":32,"column":51}},"line":32},"8":{"name":"(anonymous_8)","decl":{"start":{"line":37,"column":20},"end":{"line":37,"column":21}},"loc":{"start":{"line":37,"column":34},"end":{"line":39,"column":1}},"line":37}},"branchMap":{"0":{"loc":{"start":{"line":26,"column":27},"end":{"line":26,"column":88}},"type":"binary-expr","locations":[{"start":{"line":26,"column":27},"end":{"line":26,"column":46}},{"start":{"line":26,"column":50},"end":{"line":26,"column":88}}],"line":26}},"s":{"0":1,"1":1,"2":8,"3":1,"4":2,"5":2,"6":2,"7":2,"8":2,"9":2,"10":2,"11":2,"12":1,"13":1,"14":1,"15":3,"16":2,"17":1,"18":1,"19":0,"20":1,"21":1,"22":1,"23":1},"f":{"0":8,"1":2,"2":1,"3":3,"4":2,"5":1,"6":1,"7":0,"8":1},"b":{"0":[2,2]},"_coverageSchema":"1a1c01bbd47fc00a2c39e90264f33305004495a9","hash":"6aa5af9c05732e063ddd4641b7376663ed2b0c44"}
,"/home/mahito/bloodbridge-soa/services/location-service/src/docs/swagger.js": {"path":"/home/mahito/bloodbridge-soa/services/location-service/src/docs/swagger.js","statementMap":{"0":{"start":{"line":1,"column":0},"end":{"line":44,"column":2}}},"fnMap":{},"branchMap":{},"s":{"0":1},"f":{},"b":{},"_coverageSchema":"1a1c01bbd47fc00a2c39e90264f33305004495a9","hash":"e373885e48d77976fd1865d36a0597bef35cea11"}
,"/home/mahito/bloodbridge-soa/services/location-service/src/middleware/error.middleware.js": {"path":"/home/mahito/bloodbridge-soa/services/location-service/src/middleware/error.middleware.js","statementMap":{"0":{"start":{"line":1,"column":27},"end":{"line":3,"column":1}},"1":{"start":{"line":2,"column":4},"end":{"line":2,"column":89}},"2":{"start":{"line":5,"column":24},"end":{"line":7,"column":1}},"3":{"start":{"line":6,"column":4},"end":{"line":6,"column":90}},"4":{"start":{"line":9,"column":0},"end":{"line":9,"column":57}}},"fnMap":{"0":{"name":"(anonymous_0)","decl":{"start":{"line":1,"column":27},"end":{"line":1,"column":28}},"loc":{"start":{"line":1,"column":41},"end":{"line":3,"column":1}},"line":1},"1":{"name":"(anonymous_1)","decl":{"start":{"line":5,"column":24},"end":{"line":5,"column":25}},"loc":{"start":{"line":5,"column":49},"end":{"line":7,"column":1}},"line":5}},"branchMap":{"0":{"loc":{"start":{"line":6,"column":15},"end":{"line":6,"column":32}},"type":"binary-expr","locations":[{"start":{"line":6,"column":15},"end":{"line":6,"column":25}},{"start":{"line":6,"column":29},"end":{"line":6,"column":32}}],"line":6},"1":{"loc":{"start":{"line":6,"column":48},"end":{"line":6,"column":86}},"type":"binary-expr","locations":[{"start":{"line":6,"column":48},"end":{"line":6,"column":59}},{"start":{"line":6,"column":63},"end":{"line":6,"column":86}}],"line":6}},"s":{"0":1,"1":0,"2":1,"3":0,"4":1},"f":{"0":0,"1":0},"b":{"0":[0,0],"1":[0,0]},"_coverageSchema":"1a1c01bbd47fc00a2c39e90264f33305004495a9","hash":"9cdb4a978feff8bdffa483a32340952af9fab79d"}
,"/home/mahito/bloodbridge-soa/services/location-service/src/routes/location.routes.js": {"path":"/home/mahito/bloodbridge-soa/services/location-service/src/routes/location.routes.js","statementMap":{"0":{"start":{"line":1,"column":15},"end":{"line":1,"column":42}},"1":{"start":{"line":2,"column":42},"end":{"line":2,"column":87}},"2":{"start":{"line":3,"column":45},"end":{"line":3,"column":88}},"3":{"start":{"line":5,"column":0},"end":{"line":5,"column":57}},"4":{"start":{"line":6,"column":0},"end":{"line":6,"column":56}},"5":{"start":{"line":8,"column":0},"end":{"line":8,"column":24}}},"fnMap":{},"branchMap":{},"s":{"0":1,"1":1,"2":1,"3":1,"4":1,"5":1},"f":{},"b":{},"_coverageSchema":"1a1c01bbd47fc00a2c39e90264f33305004495a9","hash":"76bf03e5fe7f8225fbbc4799dc53053f44a05f40"}
,"/home/mahito/bloodbridge-soa/services/location-service/src/validators/location.validator.js": {"path":"/home/mahito/bloodbridge-soa/services/location-service/src/validators/location.validator.js","statementMap":{"0":{"start":{"line":1,"column":14},"end":{"line":1,"column":28}},"1":{"start":{"line":3,"column":21},"end":{"line":8,"column":2}},"2":{"start":{"line":10,"column":23},"end":{"line":13,"column":2}},"3":{"start":{"line":15,"column":17},"end":{"line":22,"column":1}},"4":{"start":{"line":15,"column":29},"end":{"line":22,"column":1}},"5":{"start":{"line":16,"column":19},"end":{"line":16,"column":45}},"6":{"start":{"line":17,"column":4},"end":{"line":19,"column":5}},"7":{"start":{"line":18,"column":8},"end":{"line":18,"column":113}},"8":{"start":{"line":20,"column":4},"end":{"line":20,"column":27}},"9":{"start":{"line":21,"column":4},"end":{"line":21,"column":11}},"10":{"start":{"line":24,"column":0},"end":{"line":27,"column":2}}},"fnMap":{"0":{"name":"(anonymous_0)","decl":{"start":{"line":15,"column":17},"end":{"line":15,"column":18}},"loc":{"start":{"line":15,"column":29},"end":{"line":22,"column":1}},"line":15},"1":{"name":"(anonymous_1)","decl":{"start":{"line":15,"column":29},"end":{"line":15,"column":30}},"loc":{"start":{"line":15,"column":49},"end":{"line":22,"column":1}},"line":15}},"branchMap":{"0":{"loc":{"start":{"line":17,"column":4},"end":{"line":19,"column":5}},"type":"if","locations":[{"start":{"line":17,"column":4},"end":{"line":19,"column":5}},{"start":{},"end":{}}],"line":17}},"s":{"0":1,"1":1,"2":1,"3":1,"4":2,"5":3,"6":3,"7":1,"8":2,"9":2,"10":1},"f":{"0":2,"1":3},"b":{"0":[1,2]},"_coverageSchema":"1a1c01bbd47fc00a2c39e90264f33305004495a9","hash":"cfc3b0c24d132103775aecf6d4bc934da1623691"}
}
