TN:
SF:src/index.js
FN:15,(anonymous_0)
FN:27,(anonymous_1)
FN:32,(anonymous_2)
FN:38,(anonymous_3)
FN:43,(anonymous_4)
FNF:5
FNH:4
FNDA:3,(anonymous_0)
FNDA:1,(anonymous_1)
FNDA:2,(anonymous_2)
FNDA:0,(anonymous_3)
FNDA:1,(anonymous_4)
DA:1,1
DA:3,1
DA:4,1
DA:5,1
DA:7,1
DA:8,1
DA:9,1
DA:11,1
DA:12,1
DA:15,1
DA:16,3
DA:17,3
DA:18,3
DA:19,3
DA:20,3
DA:22,0
DA:27,1
DA:28,1
DA:32,1
DA:33,2
DA:34,2
DA:35,1
DA:38,1
DA:39,1
DA:43,1
DA:44,1
DA:45,1
DA:46,0
DA:49,1
DA:50,1
DA:53,1
DA:58,1
LF:32
LH:30
BRDA:12,0,0,1
BRDA:12,0,1,1
BRDA:17,1,0,0
BRDA:17,1,1,3
BRDA:34,2,0,1
BRDA:34,2,1,1
BRDA:34,3,0,2
BRDA:34,3,1,1
BRDA:34,3,2,1
BRDA:34,3,3,1
BRDA:38,4,0,0
BRDA:38,4,1,0
BRDA:38,4,2,0
BRDA:45,5,0,0
BRDA:45,5,1,1
BRDA:45,6,0,1
BRDA:45,6,1,1
BRDA:45,6,2,1
BRDA:45,6,3,1
BRDA:53,7,0,1
BRDA:53,7,1,1
BRF:21
BRH:16
end_of_record
