TN:
SF:src/app.js
FN:13,(anonymous_0)
FN:16,(anonymous_1)
FN:32,(anonymous_2)
FN:36,(anonymous_3)
FNF:4
FNH:4
FNDA:7,(anonymous_0)
FNDA:7,(anonymous_1)
FNDA:1,(anonymous_2)
FNDA:1,(anonymous_3)
DA:1,1
DA:2,1
DA:3,1
DA:4,1
DA:5,1
DA:6,1
DA:7,1
DA:8,1
DA:10,1
DA:11,1
DA:13,1
DA:14,7
DA:15,7
DA:16,7
DA:17,7
DA:18,7
DA:19,7
DA:20,7
DA:22,7
DA:25,1
DA:26,1
DA:30,1
DA:32,1
DA:33,1
DA:36,1
DA:37,1
DA:38,1
DA:41,1
DA:42,1
DA:44,1
DA:45,1
DA:47,1
LF:32
LH:32
BRF:0
BRH:0
end_of_record
TN:
SF:src/metrics.js
FNF:0
FNH:0
DA:1,1
DA:3,1
DA:4,1
DA:6,1
DA:13,1
DA:21,1
DA:28,1
LF:7
LH:7
BRF:0
BRH:0
end_of_record
TN:
SF:src/controllers/location.controller.js
FN:3,(anonymous_0)
FN:12,(anonymous_1)
FNF:2
FNH:2
FNDA:1,(anonymous_0)
FNDA:2,(anonymous_1)
DA:1,1
DA:3,1
DA:4,1
DA:5,1
DA:6,1
DA:8,0
DA:12,1
DA:13,2
DA:14,2
DA:15,2
DA:17,2
DA:19,0
DA:23,1
LF:13
LH:11
BRF:0
BRH:0
end_of_record
TN:
SF:src/docs/swagger.js
FNF:0
FNH:0
DA:1,1
LF:1
LH:1
BRF:0
BRH:0
end_of_record
TN:
SF:src/middleware/error.middleware.js
FN:1,(anonymous_0)
FN:5,(anonymous_1)
FNF:2
FNH:0
FNDA:0,(anonymous_0)
FNDA:0,(anonymous_1)
DA:1,1
DA:2,0
DA:5,1
DA:6,0
DA:9,1
LF:5
LH:3
BRDA:6,0,0,0
BRDA:6,0,1,0
BRDA:6,1,0,0
BRDA:6,1,1,0
BRF:4
BRH:0
end_of_record
TN:
SF:src/routes/location.routes.js
FNF:0
FNH:0
DA:1,1
DA:2,1
DA:3,1
DA:5,1
DA:6,1
DA:8,1
LF:6
LH:6
BRF:0
BRH:0
end_of_record
TN:
SF:src/services/location.service.js
FN:4,(anonymous_0)
FN:6,(anonymous_1)
FN:20,(anonymous_2)
FN:42,(anonymous_3)
FN:43,(anonymous_4)
FN:54,(anonymous_5)
FN:55,(anonymous_6)
FNF:7
FNH:6
FNDA:12,(anonymous_0)
FNDA:3,(anonymous_1)
FNDA:1,(anonymous_2)
FNDA:1,(anonymous_3)
FNDA:1,(anonymous_4)
FNDA:1,(anonymous_5)
FNDA:0,(anonymous_6)
DA:1,1
DA:2,1
DA:4,12
DA:6,1
DA:7,3
DA:8,3
DA:9,3
DA:12,3
DA:17,3
DA:20,1
DA:21,1
DA:22,1
DA:24,1
DA:25,0
DA:28,1
DA:29,1
DA:31,1
DA:41,1
DA:42,1
DA:43,1
DA:54,1
DA:55,0
DA:57,1
DA:59,1
DA:62,1
LF:25
LH:23
BRDA:21,0,0,1
BRDA:21,0,1,0
BRDA:24,1,0,0
BRDA:24,1,1,1
BRDA:29,2,0,1
BRDA:29,2,1,0
BRDA:42,3,0,1
BRDA:42,3,1,1
BRF:8
BRH:5
end_of_record
TN:
SF:src/validators/location.validator.js
FN:17,(anonymous_0)
FN:17,(anonymous_1)
FNF:2
FNH:2
FNDA:2,(anonymous_0)
FNDA:5,(anonymous_1)
DA:1,1
DA:3,1
DA:10,1
DA:17,2
DA:18,5
DA:19,5
DA:20,2
DA:22,3
DA:23,3
DA:26,1
LF:10
LH:10
BRDA:19,0,0,2
BRDA:19,0,1,3
BRF:2
BRH:2
end_of_record
